<?xml version="1.0" ?>
<coverage version="7.10.6" timestamp="1785443966537" lines-valid="5126" lines-covered="1541" line-rate="0.3006" branches-covered="0" branches-valid="0" branch-rate="0" complexity="0">
	<!-- Generated by coverage.py: https://coverage.readthedocs.io/en/7.10.6 -->
	<!-- Based on https://raw.githubusercontent.com/cobertura/web/master/htdocs/xml/coverage-04.dtd -->
	<sources>
		<source>/Users/prutledg/troshka/src/troshkad</source>
	</sources>
	<packages>
		<package name="." line-rate="0.3006" branch-rate="0" complexity="0">
			<classes>
				<class name="troshkad.py" filename="troshkad.py" complexity="0" line-rate="0.3006" branch-rate="0">
					<methods/>
					<lines>
						<line number="8" hits="1"/>
						<line number="9" hits="1"/>
						<line number="10" hits="1"/>
						<line number="11" hits="1"/>
						<line number="12" hits="1"/>
						<line number="13" hits="1"/>
						<line number="14" hits="1"/>
						<line number="15" hits="1"/>
						<line number="16" hits="1"/>
						<line number="17" hits="1"/>
						<line number="18" hits="1"/>
						<line number="19" hits="1"/>
						<line number="20" hits="1"/>
						<line number="21" hits="1"/>
						<line number="22" hits="1"/>
						<line number="23" hits="1"/>
						<line number="24" hits="1"/>
						<line number="27" hits="1"/>
						<line number="28" hits="1"/>
						<line number="29" hits="1"/>
						<line number="31" hits="1"/>
						<line number="34" hits="1"/>
						<line number="35" hits="1"/>
						<line number="36" hits="1"/>
						<line number="38" hits="1"/>
						<line number="40" hits="1"/>
						<line number="41" hits="1"/>
						<line number="42" hits="1"/>
						<line number="45" hits="1"/>
						<line number="48" hits="1"/>
						<line number="49" hits="1"/>
						<line number="51" hits="1"/>
						<line number="52" hits="1"/>
						<line number="53" hits="1"/>
						<line number="54" hits="0"/>
						<line number="55" hits="0"/>
						<line number="58" hits="1"/>
						<line number="59" hits="1"/>
						<line number="61" hits="1"/>
						<line number="66" hits="1"/>
						<line number="70" hits="1"/>
						<line number="71" hits="1"/>
						<line number="72" hits="1"/>
						<line number="73" hits="1"/>
						<line number="74" hits="1"/>
						<line number="77" hits="1"/>
						<line number="82" hits="1"/>
						<line number="83" hits="1"/>
						<line number="84" hits="1"/>
						<line number="85" hits="1"/>
						<line number="86" hits="1"/>
						<line number="87" hits="1"/>
						<line number="88" hits="1"/>
						<line number="89" hits="1"/>
						<line number="90" hits="1"/>
						<line number="91" hits="1"/>
						<line number="92" hits="1"/>
						<line number="93" hits="1"/>
						<line number="99" hits="1"/>
						<line number="100" hits="0"/>
						<line number="101" hits="0"/>
						<line number="102" hits="1"/>
						<line number="103" hits="1"/>
						<line number="106" hits="1"/>
						<line number="107" hits="1"/>
						<line number="108" hits="1"/>
						<line number="109" hits="1"/>
						<line number="110" hits="1"/>
						<line number="114" hits="1"/>
						<line number="115" hits="1"/>
						<line number="116" hits="1"/>
						<line number="117" hits="1"/>
						<line number="118" hits="1"/>
						<line number="120" hits="1"/>
						<line number="121" hits="1"/>
						<line number="122" hits="1"/>
						<line number="123" hits="1"/>
						<line number="124" hits="1"/>
						<line number="127" hits="1"/>
						<line number="128" hits="1"/>
						<line number="129" hits="1"/>
						<line number="130" hits="1"/>
						<line number="131" hits="1"/>
						<line number="132" hits="1"/>
						<line number="133" hits="1"/>
						<line number="134" hits="1"/>
						<line number="135" hits="1"/>
						<line number="136" hits="1"/>
						<line number="137" hits="1"/>
						<line number="138" hits="1"/>
						<line number="139" hits="1"/>
						<line number="140" hits="1"/>
						<line number="141" hits="1"/>
						<line number="142" hits="1"/>
						<line number="143" hits="1"/>
						<line number="144" hits="1"/>
						<line number="145" hits="1"/>
						<line number="146" hits="1"/>
						<line number="147" hits="1"/>
						<line number="148" hits="1"/>
						<line number="149" hits="1"/>
						<line number="156" hits="1"/>
						<line number="167" hits="1"/>
						<line number="168" hits="1"/>
						<line number="169" hits="1"/>
						<line number="170" hits="1"/>
						<line number="171" hits="1"/>
						<line number="172" hits="1"/>
						<line number="173" hits="1"/>
						<line number="174" hits="1"/>
						<line number="175" hits="1"/>
						<line number="176" hits="1"/>
						<line number="177" hits="1"/>
						<line number="180" hits="1"/>
						<line number="182" hits="1"/>
						<line number="183" hits="1"/>
						<line number="184" hits="1"/>
						<line number="185" hits="1"/>
						<line number="188" hits="1"/>
						<line number="189" hits="1"/>
						<line number="190" hits="1"/>
						<line number="191" hits="1"/>
						<line number="192" hits="1"/>
						<line number="193" hits="1"/>
						<line number="194" hits="1"/>
						<line number="199" hits="1"/>
						<line number="200" hits="1"/>
						<line number="205" hits="1"/>
						<line number="206" hits="1"/>
						<line number="210" hits="1"/>
						<line number="211" hits="1"/>
						<line number="212" hits="1"/>
						<line number="215" hits="1"/>
						<line number="218" hits="1"/>
						<line number="219" hits="1"/>
						<line number="220" hits="1"/>
						<line number="221" hits="1"/>
						<line number="223" hits="1"/>
						<line number="224" hits="1"/>
						<line number="225" hits="1"/>
						<line number="226" hits="1"/>
						<line number="227" hits="1"/>
						<line number="228" hits="1"/>
						<line number="229" hits="1"/>
						<line number="230" hits="1"/>
						<line number="232" hits="1"/>
						<line number="234" hits="1"/>
						<line number="235" hits="1"/>
						<line number="236" hits="1"/>
						<line number="237" hits="1"/>
						<line number="238" hits="1"/>
						<line number="239" hits="1"/>
						<line number="241" hits="1"/>
						<line number="242" hits="1"/>
						<line number="243" hits="1"/>
						<line number="244" hits="1"/>
						<line number="245" hits="1"/>
						<line number="246" hits="1"/>
						<line number="247" hits="1"/>
						<line number="248" hits="1"/>
						<line number="249" hits="1"/>
						<line number="250" hits="1"/>
						<line number="252" hits="1"/>
						<line number="253" hits="1"/>
						<line number="254" hits="1"/>
						<line number="255" hits="1"/>
						<line number="256" hits="1"/>
						<line number="257" hits="1"/>
						<line number="260" hits="1"/>
						<line number="262" hits="1"/>
						<line number="263" hits="1"/>
						<line number="266" hits="1"/>
						<line number="267" hits="1"/>
						<line number="268" hits="1"/>
						<line number="269" hits="1"/>
						<line number="270" hits="1"/>
						<line number="271" hits="1"/>
						<line number="272" hits="1"/>
						<line number="273" hits="1"/>
						<line number="274" hits="1"/>
						<line number="275" hits="1"/>
						<line number="276" hits="1"/>
						<line number="277" hits="1"/>
						<line number="278" hits="1"/>
						<line number="279" hits="1"/>
						<line number="280" hits="1"/>
						<line number="282" hits="1"/>
						<line number="283" hits="1"/>
						<line number="284" hits="1"/>
						<line number="287" hits="1"/>
						<line number="288" hits="1"/>
						<line number="289" hits="1"/>
						<line number="290" hits="1"/>
						<line number="292" hits="1"/>
						<line number="295" hits="1"/>
						<line number="296" hits="1"/>
						<line number="302" hits="1"/>
						<line number="303" hits="1"/>
						<line number="304" hits="1"/>
						<line number="306" hits="1"/>
						<line number="307" hits="1"/>
						<line number="308" hits="1"/>
						<line number="309" hits="1"/>
						<line number="310" hits="1"/>
						<line number="311" hits="1"/>
						<line number="312" hits="1"/>
						<line number="313" hits="1"/>
						<line number="319" hits="1"/>
						<line number="320" hits="1"/>
						<line number="321" hits="1"/>
						<line number="327" hits="1"/>
						<line number="328" hits="1"/>
						<line number="329" hits="1"/>
						<line number="342" hits="1"/>
						<line number="343" hits="1"/>
						<line number="344" hits="1"/>
						<line number="347" hits="1"/>
						<line number="348" hits="1"/>
						<line number="349" hits="1"/>
						<line number="350" hits="1"/>
						<line number="353" hits="1"/>
						<line number="355" hits="1"/>
						<line number="356" hits="1"/>
						<line number="357" hits="1"/>
						<line number="358" hits="1"/>
						<line number="359" hits="1"/>
						<line number="360" hits="1"/>
						<line number="361" hits="1"/>
						<line number="362" hits="1"/>
						<line number="363" hits="1"/>
						<line number="364" hits="1"/>
						<line number="365" hits="0"/>
						<line number="366" hits="0"/>
						<line number="367" hits="1"/>
						<line number="368" hits="1"/>
						<line number="369" hits="1"/>
						<line number="372" hits="1"/>
						<line number="373" hits="1"/>
						<line number="374" hits="1"/>
						<line number="377" hits="1"/>
						<line number="378" hits="1"/>
						<line number="379" hits="1"/>
						<line number="382" hits="1"/>
						<line number="384" hits="1"/>
						<line number="385" hits="1"/>
						<line number="386" hits="1"/>
						<line number="387" hits="1"/>
						<line number="388" hits="1"/>
						<line number="389" hits="1"/>
						<line number="390" hits="1"/>
						<line number="393" hits="1"/>
						<line number="394" hits="1"/>
						<line number="395" hits="0"/>
						<line number="396" hits="0"/>
						<line number="397" hits="1"/>
						<line number="398" hits="1"/>
						<line number="399" hits="1"/>
						<line number="400" hits="1"/>
						<line number="403" hits="1"/>
						<line number="405" hits="0"/>
						<line number="406" hits="0"/>
						<line number="407" hits="0"/>
						<line number="413" hits="1"/>
						<line number="415" hits="1"/>
						<line number="423" hits="1"/>
						<line number="424" hits="1"/>
						<line number="425" hits="0"/>
						<line number="426" hits="0"/>
						<line number="427" hits="1"/>
						<line number="428" hits="1"/>
						<line number="429" hits="0"/>
						<line number="430" hits="0"/>
						<line number="431" hits="0"/>
						<line number="432" hits="0"/>
						<line number="433" hits="1"/>
						<line number="434" hits="1"/>
						<line number="435" hits="1"/>
						<line number="437" hits="1"/>
						<line number="438" hits="1"/>
						<line number="439" hits="0"/>
						<line number="440" hits="1"/>
						<line number="441" hits="0"/>
						<line number="442" hits="0"/>
						<line number="443" hits="1"/>
						<line number="444" hits="1"/>
						<line number="445" hits="1"/>
						<line number="446" hits="1"/>
						<line number="452" hits="1"/>
						<line number="453" hits="1"/>
						<line number="456" hits="1"/>
						<line number="457" hits="1"/>
						<line number="463" hits="1"/>
						<line number="464" hits="1"/>
						<line number="467" hits="1"/>
						<line number="468" hits="1"/>
						<line number="469" hits="1"/>
						<line number="470" hits="0"/>
						<line number="476" hits="0"/>
						<line number="477" hits="0"/>
						<line number="478" hits="0"/>
						<line number="479" hits="0"/>
						<line number="480" hits="0"/>
						<line number="481" hits="0"/>
						<line number="484" hits="1"/>
						<line number="485" hits="1"/>
						<line number="486" hits="0"/>
						<line number="487" hits="0"/>
						<line number="489" hits="1"/>
						<line number="490" hits="1"/>
						<line number="504" hits="1"/>
						<line number="505" hits="1"/>
						<line number="510" hits="1"/>
						<line number="511" hits="1"/>
						<line number="514" hits="0"/>
						<line number="515" hits="0"/>
						<line number="516" hits="1"/>
						<line number="519" hits="1"/>
						<line number="549" hits="1"/>
						<line number="551" hits="1"/>
						<line number="552" hits="1"/>
						<line number="553" hits="1"/>
						<line number="554" hits="1"/>
						<line number="555" hits="0"/>
						<line number="556" hits="0"/>
						<line number="557" hits="0"/>
						<line number="558" hits="0"/>
						<line number="559" hits="0"/>
						<line number="560" hits="0"/>
						<line number="561" hits="0"/>
						<line number="562" hits="0"/>
						<line number="563" hits="0"/>
						<line number="565" hits="0"/>
						<line number="566" hits="0"/>
						<line number="567" hits="0"/>
						<line number="568" hits="0"/>
						<line number="569" hits="0"/>
						<line number="570" hits="0"/>
						<line number="585" hits="0"/>
						<line number="586" hits="0"/>
						<line number="587" hits="1"/>
						<line number="588" hits="1"/>
						<line number="589" hits="1"/>
						<line number="594" hits="1"/>
						<line number="597" hits="1"/>
						<line number="599" hits="1"/>
						<line number="600" hits="1"/>
						<line number="601" hits="1"/>
						<line number="602" hits="0"/>
						<line number="603" hits="0"/>
						<line number="604" hits="0"/>
						<line number="607" hits="1"/>
						<line number="612" hits="1"/>
						<line number="613" hits="1"/>
						<line number="615" hits="1"/>
						<line number="616" hits="1"/>
						<line number="617" hits="1"/>
						<line number="619" hits="1"/>
						<line number="620" hits="1"/>
						<line number="621" hits="0"/>
						<line number="623" hits="1"/>
						<line number="624" hits="1"/>
						<line number="625" hits="1"/>
						<line number="627" hits="1"/>
						<line number="635" hits="1"/>
						<line number="638" hits="1"/>
						<line number="641" hits="1"/>
						<line number="642" hits="1"/>
						<line number="643" hits="1"/>
						<line number="645" hits="1"/>
						<line number="648" hits="1"/>
						<line number="651" hits="1"/>
						<line number="652" hits="1"/>
						<line number="653" hits="1"/>
						<line number="654" hits="1"/>
						<line number="656" hits="1"/>
						<line number="657" hits="1"/>
						<line number="658" hits="1"/>
						<line number="660" hits="1"/>
						<line number="661" hits="1"/>
						<line number="662" hits="1"/>
						<line number="663" hits="1"/>
						<line number="664" hits="1"/>
						<line number="665" hits="1"/>
						<line number="666" hits="1"/>
						<line number="667" hits="1"/>
						<line number="668" hits="1"/>
						<line number="669" hits="1"/>
						<line number="670" hits="1"/>
						<line number="671" hits="1"/>
						<line number="672" hits="1"/>
						<line number="673" hits="1"/>
						<line number="674" hits="1"/>
						<line number="675" hits="1"/>
						<line number="676" hits="1"/>
						<line number="677" hits="1"/>
						<line number="683" hits="1"/>
						<line number="686" hits="1"/>
						<line number="687" hits="1"/>
						<line number="689" hits="1"/>
						<line number="690" hits="1"/>
						<line number="691" hits="1"/>
						<line number="693" hits="1"/>
						<line number="694" hits="1"/>
						<line number="696" hits="1"/>
						<line number="697" hits="1"/>
						<line number="698" hits="1"/>
						<line number="699" hits="1"/>
						<line number="700" hits="1"/>
						<line number="701" hits="1"/>
						<line number="703" hits="1"/>
						<line number="704" hits="1"/>
						<line number="705" hits="1"/>
						<line number="706" hits="1"/>
						<line number="707" hits="1"/>
						<line number="708" hits="1"/>
						<line number="709" hits="1"/>
						<line number="711" hits="1"/>
						<line number="712" hits="1"/>
						<line number="713" hits="1"/>
						<line number="714" hits="1"/>
						<line number="715" hits="1"/>
						<line number="716" hits="1"/>
						<line number="718" hits="1"/>
						<line number="719" hits="0"/>
						<line number="720" hits="0"/>
						<line number="721" hits="0"/>
						<line number="722" hits="0"/>
						<line number="724" hits="1"/>
						<line number="725" hits="0"/>
						<line number="726" hits="0"/>
						<line number="727" hits="0"/>
						<line number="728" hits="0"/>
						<line number="729" hits="0"/>
						<line number="731" hits="1"/>
						<line number="732" hits="0"/>
						<line number="733" hits="0"/>
						<line number="734" hits="0"/>
						<line number="735" hits="0"/>
						<line number="736" hits="0"/>
						<line number="737" hits="0"/>
						<line number="738" hits="0"/>
						<line number="739" hits="0"/>
						<line number="740" hits="0"/>
						<line number="741" hits="0"/>
						<line number="742" hits="0"/>
						<line number="743" hits="0"/>
						<line number="745" hits="1"/>
						<line number="746" hits="1"/>
						<line number="747" hits="1"/>
						<line number="748" hits="0"/>
						<line number="749" hits="0"/>
						<line number="750" hits="1"/>
						<line number="751" hits="1"/>
						<line number="752" hits="1"/>
						<line number="753" hits="1"/>
						<line number="754" hits="1"/>
						<line number="755" hits="1"/>
						<line number="756" hits="1"/>
						<line number="758" hits="1"/>
						<line number="759" hits="1"/>
						<line number="760" hits="1"/>
						<line number="762" hits="1"/>
						<line number="763" hits="1"/>
						<line number="764" hits="1"/>
						<line number="765" hits="1"/>
						<line number="766" hits="0"/>
						<line number="767" hits="0"/>
						<line number="768" hits="0"/>
						<line number="770" hits="1"/>
						<line number="771" hits="1"/>
						<line number="773" hits="1"/>
						<line number="774" hits="1"/>
						<line number="776" hits="1"/>
						<line number="777" hits="0"/>
						<line number="783" hits="1"/>
						<line number="784" hits="1"/>
						<line number="785" hits="1"/>
						<line number="786" hits="1"/>
						<line number="787" hits="0"/>
						<line number="788" hits="1"/>
						<line number="801" hits="1"/>
						<line number="802" hits="0"/>
						<line number="803" hits="1"/>
						<line number="806" hits="1"/>
						<line number="807" hits="1"/>
						<line number="808" hits="1"/>
						<line number="809" hits="1"/>
						<line number="810" hits="0"/>
						<line number="811" hits="0"/>
						<line number="812" hits="1"/>
						<line number="826" hits="1"/>
						<line number="827" hits="1"/>
						<line number="828" hits="0"/>
						<line number="829" hits="0"/>
						<line number="830" hits="0"/>
						<line number="831" hits="0"/>
						<line number="832" hits="0"/>
						<line number="841" hits="1"/>
						<line number="842" hits="1"/>
						<line number="844" hits="1"/>
						<line number="846" hits="1"/>
						<line number="847" hits="1"/>
						<line number="848" hits="1"/>
						<line number="849" hits="1"/>
						<line number="850" hits="1"/>
						<line number="855" hits="1"/>
						<line number="857" hits="1"/>
						<line number="859" hits="1"/>
						<line number="860" hits="1"/>
						<line number="861" hits="1"/>
						<line number="862" hits="1"/>
						<line number="863" hits="1"/>
						<line number="864" hits="1"/>
						<line number="865" hits="1"/>
						<line number="866" hits="1"/>
						<line number="869" hits="1"/>
						<line number="870" hits="1"/>
						<line number="871" hits="1"/>
						<line number="872" hits="1"/>
						<line number="875" hits="1"/>
						<line number="876" hits="1"/>
						<line number="877" hits="1"/>
						<line number="878" hits="1"/>
						<line number="879" hits="1"/>
						<line number="880" hits="0"/>
						<line number="881" hits="0"/>
						<line number="882" hits="0"/>
						<line number="883" hits="1"/>
						<line number="884" hits="1"/>
						<line number="885" hits="1"/>
						<line number="886" hits="1"/>
						<line number="887" hits="1"/>
						<line number="888" hits="1"/>
						<line number="889" hits="1"/>
						<line number="890" hits="1"/>
						<line number="893" hits="1"/>
						<line number="897" hits="1"/>
						<line number="898" hits="1"/>
						<line number="899" hits="1"/>
						<line number="900" hits="1"/>
						<line number="901" hits="1"/>
						<line number="902" hits="1"/>
						<line number="903" hits="1"/>
						<line number="904" hits="1"/>
						<line number="905" hits="1"/>
						<line number="906" hits="1"/>
						<line number="907" hits="1"/>
						<line number="908" hits="1"/>
						<line number="910" hits="1"/>
						<line number="912" hits="1"/>
						<line number="913" hits="1"/>
						<line number="914" hits="1"/>
						<line number="915" hits="1"/>
						<line number="918" hits="1"/>
						<line number="919" hits="1"/>
						<line number="920" hits="1"/>
						<line number="921" hits="1"/>
						<line number="924" hits="1"/>
						<line number="925" hits="1"/>
						<line number="926" hits="1"/>
						<line number="927" hits="1"/>
						<line number="928" hits="1"/>
						<line number="929" hits="1"/>
						<line number="932" hits="1"/>
						<line number="933" hits="1"/>
						<line number="934" hits="1"/>
						<line number="935" hits="1"/>
						<line number="936" hits="1"/>
						<line number="937" hits="1"/>
						<line number="940" hits="1"/>
						<line number="941" hits="1"/>
						<line number="942" hits="1"/>
						<line number="943" hits="1"/>
						<line number="946" hits="1"/>
						<line number="947" hits="1"/>
						<line number="948" hits="1"/>
						<line number="949" hits="1"/>
						<line number="952" hits="1"/>
						<line number="953" hits="1"/>
						<line number="954" hits="1"/>
						<line number="955" hits="1"/>
						<line number="958" hits="1"/>
						<line number="959" hits="1"/>
						<line number="960" hits="1"/>
						<line number="961" hits="1"/>
						<line number="964" hits="1"/>
						<line number="965" hits="1"/>
						<line number="966" hits="1"/>
						<line number="967" hits="1"/>
						<line number="970" hits="1"/>
						<line number="971" hits="1"/>
						<line number="972" hits="1"/>
						<line number="973" hits="1"/>
						<line number="976" hits="1"/>
						<line number="978" hits="1"/>
						<line number="979" hits="1"/>
						<line number="982" hits="1"/>
						<line number="984" hits="1"/>
						<line number="985" hits="1"/>
						<line number="988" hits="1"/>
						<line number="989" hits="1"/>
						<line number="990" hits="1"/>
						<line number="991" hits="0"/>
						<line number="992" hits="0"/>
						<line number="993" hits="0"/>
						<line number="994" hits="0"/>
						<line number="996" hits="1"/>
						<line number="997" hits="1"/>
						<line number="998" hits="1"/>
						<line number="999" hits="1"/>
						<line number="1000" hits="1"/>
						<line number="1001" hits="0"/>
						<line number="1002" hits="0"/>
						<line number="1003" hits="1"/>
						<line number="1004" hits="0"/>
						<line number="1005" hits="1"/>
						<line number="1008" hits="1"/>
						<line number="1010" hits="1"/>
						<line number="1012" hits="1"/>
						<line number="1013" hits="1"/>
						<line number="1014" hits="0"/>
						<line number="1015" hits="0"/>
						<line number="1016" hits="1"/>
						<line number="1017" hits="1"/>
						<line number="1023" hits="1"/>
						<line number="1024" hits="1"/>
						<line number="1025" hits="1"/>
						<line number="1026" hits="1"/>
						<line number="1027" hits="1"/>
						<line number="1028" hits="1"/>
						<line number="1029" hits="1"/>
						<line number="1030" hits="1"/>
						<line number="1031" hits="1"/>
						<line number="1032" hits="1"/>
						<line number="1033" hits="1"/>
						<line number="1034" hits="1"/>
						<line number="1035" hits="1"/>
						<line number="1036" hits="1"/>
						<line number="1038" hits="1"/>
						<line number="1055" hits="1"/>
						<line number="1056" hits="0"/>
						<line number="1058" hits="1"/>
						<line number="1061" hits="1"/>
						<line number="1062" hits="1"/>
						<line number="1063" hits="0"/>
						<line number="1064" hits="0"/>
						<line number="1066" hits="0"/>
						<line number="1067" hits="0"/>
						<line number="1068" hits="0"/>
						<line number="1069" hits="0"/>
						<line number="1070" hits="0"/>
						<line number="1071" hits="1"/>
						<line number="1072" hits="0"/>
						<line number="1074" hits="1"/>
						<line number="1075" hits="1"/>
						<line number="1076" hits="1"/>
						<line number="1077" hits="1"/>
						<line number="1078" hits="1"/>
						<line number="1079" hits="1"/>
						<line number="1080" hits="1"/>
						<line number="1081" hits="1"/>
						<line number="1082" hits="1"/>
						<line number="1083" hits="1"/>
						<line number="1084" hits="0"/>
						<line number="1085" hits="0"/>
						<line number="1086" hits="0"/>
						<line number="1087" hits="0"/>
						<line number="1088" hits="0"/>
						<line number="1089" hits="0"/>
						<line number="1091" hits="0"/>
						<line number="1092" hits="0"/>
						<line number="1096" hits="0"/>
						<line number="1097" hits="0"/>
						<line number="1098" hits="0"/>
						<line number="1099" hits="0"/>
						<line number="1100" hits="0"/>
						<line number="1101" hits="1"/>
						<line number="1102" hits="1"/>
						<line number="1103" hits="1"/>
						<line number="1104" hits="0"/>
						<line number="1105" hits="0"/>
						<line number="1106" hits="0"/>
						<line number="1107" hits="1"/>
						<line number="1108" hits="0"/>
						<line number="1109" hits="1"/>
						<line number="1110" hits="1"/>
						<line number="1111" hits="1"/>
						<line number="1112" hits="1"/>
						<line number="1113" hits="1"/>
						<line number="1114" hits="1"/>
						<line number="1115" hits="1"/>
						<line number="1116" hits="0"/>
						<line number="1117" hits="1"/>
						<line number="1118" hits="1"/>
						<line number="1119" hits="1"/>
						<line number="1120" hits="1"/>
						<line number="1121" hits="1"/>
						<line number="1122" hits="1"/>
						<line number="1123" hits="1"/>
						<line number="1124" hits="1"/>
						<line number="1125" hits="1"/>
						<line number="1128" hits="1"/>
						<line number="1129" hits="0"/>
						<line number="1130" hits="1"/>
						<line number="1132" hits="1"/>
						<line number="1133" hits="0"/>
						<line number="1135" hits="0"/>
						<line number="1138" hits="0"/>
						<line number="1139" hits="0"/>
						<line number="1140" hits="0"/>
						<line number="1141" hits="0"/>
						<line number="1142" hits="0"/>
						<line number="1143" hits="0"/>
						<line number="1144" hits="0"/>
						<line number="1145" hits="0"/>
						<line number="1146" hits="0"/>
						<line number="1147" hits="0"/>
						<line number="1150" hits="1"/>
						<line number="1151" hits="1"/>
						<line number="1152" hits="1"/>
						<line number="1155" hits="1"/>
						<line number="1156" hits="1"/>
						<line number="1158" hits="1"/>
						<line number="1161" hits="1"/>
						<line number="1164" hits="1"/>
						<line number="1167" hits="1"/>
						<line number="1172" hits="1"/>
						<line number="1173" hits="1"/>
						<line number="1179" hits="0"/>
						<line number="1180" hits="0"/>
						<line number="1181" hits="0"/>
						<line number="1182" hits="0"/>
						<line number="1183" hits="0"/>
						<line number="1184" hits="0"/>
						<line number="1185" hits="0"/>
						<line number="1186" hits="0"/>
						<line number="1187" hits="0"/>
						<line number="1192" hits="0"/>
						<line number="1193" hits="0"/>
						<line number="1194" hits="0"/>
						<line number="1195" hits="0"/>
						<line number="1196" hits="0"/>
						<line number="1197" hits="0"/>
						<line number="1198" hits="0"/>
						<line number="1199" hits="0"/>
						<line number="1200" hits="0"/>
						<line number="1201" hits="1"/>
						<line number="1202" hits="1"/>
						<line number="1207" hits="1"/>
						<line number="1208" hits="1"/>
						<line number="1210" hits="1"/>
						<line number="1211" hits="1"/>
						<line number="1212" hits="0"/>
						<line number="1213" hits="0"/>
						<line number="1214" hits="1"/>
						<line number="1215" hits="1"/>
						<line number="1216" hits="1"/>
						<line number="1219" hits="1"/>
						<line number="1222" hits="1"/>
						<line number="1223" hits="0"/>
						<line number="1224" hits="0"/>
						<line number="1225" hits="0"/>
						<line number="1228" hits="1"/>
						<line number="1231" hits="1"/>
						<line number="1232" hits="1"/>
						<line number="1234" hits="1"/>
						<line number="1236" hits="1"/>
						<line number="1242" hits="0"/>
						<line number="1243" hits="0"/>
						<line number="1244" hits="0"/>
						<line number="1247" hits="0"/>
						<line number="1248" hits="0"/>
						<line number="1253" hits="0"/>
						<line number="1269" hits="0"/>
						<line number="1272" hits="0"/>
						<line number="1273" hits="0"/>
						<line number="1274" hits="0"/>
						<line number="1277" hits="1"/>
						<line number="1280" hits="1"/>
						<line number="1281" hits="1"/>
						<line number="1282" hits="1"/>
						<line number="1284" hits="1"/>
						<line number="1285" hits="1"/>
						<line number="1286" hits="0"/>
						<line number="1287" hits="0"/>
						<line number="1289" hits="1"/>
						<line number="1291" hits="1"/>
						<line number="1292" hits="1"/>
						<line number="1293" hits="1"/>
						<line number="1296" hits="0"/>
						<line number="1297" hits="0"/>
						<line number="1299" hits="0"/>
						<line number="1300" hits="0"/>
						<line number="1301" hits="0"/>
						<line number="1302" hits="0"/>
						<line number="1303" hits="0"/>
						<line number="1304" hits="0"/>
						<line number="1307" hits="1"/>
						<line number="1310" hits="1"/>
						<line number="1311" hits="0"/>
						<line number="1312" hits="0"/>
						<line number="1313" hits="0"/>
						<line number="1316" hits="1"/>
						<line number="1319" hits="1"/>
						<line number="1321" hits="1"/>
						<line number="1322" hits="1"/>
						<line number="1328" hits="1"/>
						<line number="1330" hits="1"/>
						<line number="1331" hits="1"/>
						<line number="1333" hits="1"/>
						<line number="1342" hits="1"/>
						<line number="1345" hits="1"/>
						<line number="1346" hits="1"/>
						<line number="1347" hits="1"/>
						<line number="1353" hits="1"/>
						<line number="1354" hits="1"/>
						<line number="1356" hits="1"/>
						<line number="1357" hits="0"/>
						<line number="1358" hits="0"/>
						<line number="1359" hits="0"/>
						<line number="1360" hits="0"/>
						<line number="1361" hits="1"/>
						<line number="1362" hits="1"/>
						<line number="1364" hits="1"/>
						<line number="1367" hits="1"/>
						<line number="1370" hits="1"/>
						<line number="1372" hits="1"/>
						<line number="1378" hits="1"/>
						<line number="1379" hits="0"/>
						<line number="1380" hits="1"/>
						<line number="1381" hits="1"/>
						<line number="1382" hits="1"/>
						<line number="1383" hits="1"/>
						<line number="1384" hits="1"/>
						<line number="1386" hits="1"/>
						<line number="1392" hits="1"/>
						<line number="1393" hits="1"/>
						<line number="1394" hits="1"/>
						<line number="1395" hits="1"/>
						<line number="1403" hits="1"/>
						<line number="1404" hits="1"/>
						<line number="1405" hits="1"/>
						<line number="1408" hits="1"/>
						<line number="1411" hits="1"/>
						<line number="1413" hits="1"/>
						<line number="1415" hits="1"/>
						<line number="1416" hits="1"/>
						<line number="1422" hits="1"/>
						<line number="1423" hits="1"/>
						<line number="1424" hits="1"/>
						<line number="1425" hits="1"/>
						<line number="1426" hits="1"/>
						<line number="1427" hits="1"/>
						<line number="1428" hits="1"/>
						<line number="1429" hits="1"/>
						<line number="1430" hits="1"/>
						<line number="1431" hits="1"/>
						<line number="1434" hits="1"/>
						<line number="1437" hits="1"/>
						<line number="1439" hits="1"/>
						<line number="1441" hits="1"/>
						<line number="1442" hits="1"/>
						<line number="1448" hits="1"/>
						<line number="1449" hits="0"/>
						<line number="1451" hits="1"/>
						<line number="1453" hits="1"/>
						<line number="1455" hits="1"/>
						<line number="1456" hits="0"/>
						<line number="1457" hits="0"/>
						<line number="1458" hits="0"/>
						<line number="1459" hits="0"/>
						<line number="1460" hits="0"/>
						<line number="1461" hits="0"/>
						<line number="1462" hits="0"/>
						<line number="1463" hits="0"/>
						<line number="1464" hits="0"/>
						<line number="1467" hits="0"/>
						<line number="1468" hits="0"/>
						<line number="1470" hits="0"/>
						<line number="1471" hits="0"/>
						<line number="1472" hits="0"/>
						<line number="1473" hits="0"/>
						<line number="1474" hits="0"/>
						<line number="1475" hits="0"/>
						<line number="1476" hits="0"/>
						<line number="1477" hits="0"/>
						<line number="1478" hits="1"/>
						<line number="1479" hits="1"/>
						<line number="1480" hits="1"/>
						<line number="1481" hits="1"/>
						<line number="1482" hits="1"/>
						<line number="1484" hits="0"/>
						<line number="1486" hits="1"/>
						<line number="1487" hits="1"/>
						<line number="1488" hits="1"/>
						<line number="1489" hits="1"/>
						<line number="1490" hits="1"/>
						<line number="1497" hits="1"/>
						<line number="1498" hits="1"/>
						<line number="1499" hits="1"/>
						<line number="1500" hits="1"/>
						<line number="1501" hits="1"/>
						<line number="1502" hits="1"/>
						<line number="1503" hits="1"/>
						<line number="1505" hits="1"/>
						<line number="1507" hits="1"/>
						<line number="1517" hits="1"/>
						<line number="1520" hits="1"/>
						<line number="1525" hits="1"/>
						<line number="1527" hits="1"/>
						<line number="1528" hits="1"/>
						<line number="1529" hits="1"/>
						<line number="1530" hits="1"/>
						<line number="1531" hits="1"/>
						<line number="1532" hits="1"/>
						<line number="1533" hits="1"/>
						<line number="1534" hits="1"/>
						<line number="1535" hits="1"/>
						<line number="1538" hits="1"/>
						<line number="1544" hits="1"/>
						<line number="1549" hits="1"/>
						<line number="1550" hits="0"/>
						<line number="1553" hits="0"/>
						<line number="1554" hits="0"/>
						<line number="1559" hits="0"/>
						<line number="1560" hits="0"/>
						<line number="1561" hits="0"/>
						<line number="1562" hits="0"/>
						<line number="1567" hits="0"/>
						<line number="1568" hits="0"/>
						<line number="1569" hits="0"/>
						<line number="1570" hits="0"/>
						<line number="1571" hits="0"/>
						<line number="1572" hits="0"/>
						<line number="1573" hits="0"/>
						<line number="1574" hits="0"/>
						<line number="1575" hits="0"/>
						<line number="1576" hits="0"/>
						<line number="1577" hits="0"/>
						<line number="1595" hits="0"/>
						<line number="1596" hits="0"/>
						<line number="1598" hits="1"/>
						<line number="1599" hits="1"/>
						<line number="1602" hits="1"/>
						<line number="1608" hits="1"/>
						<line number="1609" hits="0"/>
						<line number="1611" hits="1"/>
						<line number="1614" hits="1"/>
						<line number="1615" hits="1"/>
						<line number="1616" hits="1"/>
						<line number="1617" hits="1"/>
						<line number="1618" hits="1"/>
						<line number="1619" hits="1"/>
						<line number="1620" hits="1"/>
						<line number="1621" hits="1"/>
						<line number="1622" hits="1"/>
						<line number="1623" hits="1"/>
						<line number="1625" hits="1"/>
						<line number="1626" hits="1"/>
						<line number="1627" hits="1"/>
						<line number="1628" hits="1"/>
						<line number="1629" hits="1"/>
						<line number="1630" hits="0"/>
						<line number="1633" hits="1"/>
						<line number="1634" hits="1"/>
						<line number="1635" hits="1"/>
						<line number="1636" hits="1"/>
						<line number="1639" hits="1"/>
						<line number="1640" hits="1"/>
						<line number="1641" hits="1"/>
						<line number="1642" hits="1"/>
						<line number="1643" hits="1"/>
						<line number="1644" hits="1"/>
						<line number="1645" hits="1"/>
						<line number="1646" hits="1"/>
						<line number="1647" hits="1"/>
						<line number="1650" hits="1"/>
						<line number="1651" hits="0"/>
						<line number="1652" hits="0"/>
						<line number="1653" hits="0"/>
						<line number="1654" hits="0"/>
						<line number="1655" hits="0"/>
						<line number="1656" hits="0"/>
						<line number="1657" hits="0"/>
						<line number="1658" hits="0"/>
						<line number="1659" hits="0"/>
						<line number="1660" hits="0"/>
						<line number="1661" hits="0"/>
						<line number="1662" hits="0"/>
						<line number="1663" hits="0"/>
						<line number="1666" hits="1"/>
						<line number="1667" hits="0"/>
						<line number="1668" hits="0"/>
						<line number="1669" hits="0"/>
						<line number="1670" hits="0"/>
						<line number="1671" hits="0"/>
						<line number="1672" hits="0"/>
						<line number="1673" hits="0"/>
						<line number="1675" hits="0"/>
						<line number="1678" hits="0"/>
						<line number="1679" hits="0"/>
						<line number="1680" hits="0"/>
						<line number="1681" hits="0"/>
						<line number="1682" hits="0"/>
						<line number="1683" hits="0"/>
						<line number="1684" hits="0"/>
						<line number="1685" hits="0"/>
						<line number="1688" hits="0"/>
						<line number="1689" hits="0"/>
						<line number="1694" hits="0"/>
						<line number="1695" hits="0"/>
						<line number="1696" hits="0"/>
						<line number="1697" hits="0"/>
						<line number="1698" hits="0"/>
						<line number="1699" hits="0"/>
						<line number="1700" hits="0"/>
						<line number="1701" hits="0"/>
						<line number="1702" hits="0"/>
						<line number="1703" hits="0"/>
						<line number="1704" hits="0"/>
						<line number="1705" hits="0"/>
						<line number="1707" hits="0"/>
						<line number="1708" hits="0"/>
						<line number="1709" hits="0"/>
						<line number="1710" hits="0"/>
						<line number="1711" hits="0"/>
						<line number="1712" hits="0"/>
						<line number="1713" hits="0"/>
						<line number="1714" hits="0"/>
						<line number="1715" hits="0"/>
						<line number="1716" hits="0"/>
						<line number="1717" hits="0"/>
						<line number="1718" hits="0"/>
						<line number="1721" hits="1"/>
						<line number="1722" hits="0"/>
						<line number="1723" hits="0"/>
						<line number="1728" hits="0"/>
						<line number="1729" hits="0"/>
						<line number="1730" hits="0"/>
						<line number="1731" hits="0"/>
						<line number="1732" hits="0"/>
						<line number="1733" hits="0"/>
						<line number="1734" hits="0"/>
						<line number="1735" hits="0"/>
						<line number="1736" hits="0"/>
						<line number="1738" hits="0"/>
						<line number="1739" hits="0"/>
						<line number="1740" hits="0"/>
						<line number="1741" hits="0"/>
						<line number="1744" hits="0"/>
						<line number="1745" hits="0"/>
						<line number="1750" hits="0"/>
						<line number="1751" hits="0"/>
						<line number="1752" hits="0"/>
						<line number="1753" hits="0"/>
						<line number="1754" hits="0"/>
						<line number="1755" hits="0"/>
						<line number="1756" hits="0"/>
						<line number="1757" hits="0"/>
						<line number="1758" hits="0"/>
						<line number="1759" hits="0"/>
						<line number="1760" hits="0"/>
						<line number="1761" hits="0"/>
						<line number="1762" hits="0"/>
						<line number="1763" hits="0"/>
						<line number="1764" hits="0"/>
						<line number="1765" hits="0"/>
						<line number="1766" hits="0"/>
						<line number="1767" hits="0"/>
						<line number="1768" hits="0"/>
						<line number="1769" hits="0"/>
						<line number="1772" hits="1"/>
						<line number="1773" hits="1"/>
						<line number="1774" hits="1"/>
						<line number="1777" hits="1"/>
						<line number="1778" hits="1"/>
						<line number="1779" hits="1"/>
						<line number="1780" hits="1"/>
						<line number="1781" hits="1"/>
						<line number="1782" hits="0"/>
						<line number="1783" hits="0"/>
						<line number="1784" hits="0"/>
						<line number="1785" hits="0"/>
						<line number="1786" hits="0"/>
						<line number="1787" hits="0"/>
						<line number="1788" hits="0"/>
						<line number="1789" hits="0"/>
						<line number="1790" hits="0"/>
						<line number="1793" hits="1"/>
						<line number="1794" hits="1"/>
						<line number="1801" hits="1"/>
						<line number="1802" hits="1"/>
						<line number="1803" hits="0"/>
						<line number="1804" hits="1"/>
						<line number="1806" hits="1"/>
						<line number="1807" hits="1"/>
						<line number="1808" hits="1"/>
						<line number="1809" hits="1"/>
						<line number="1810" hits="1"/>
						<line number="1812" hits="1"/>
						<line number="1814" hits="1"/>
						<line number="1817" hits="1"/>
						<line number="1820" hits="1"/>
						<line number="1822" hits="1"/>
						<line number="1823" hits="1"/>
						<line number="1826" hits="1"/>
						<line number="1827" hits="1"/>
						<line number="1828" hits="0"/>
						<line number="1829" hits="0"/>
						<line number="1831" hits="1"/>
						<line number="1832" hits="1"/>
						<line number="1834" hits="1"/>
						<line number="1835" hits="1"/>
						<line number="1838" hits="1"/>
						<line number="1841" hits="1"/>
						<line number="1843" hits="0"/>
						<line number="1845" hits="0"/>
						<line number="1846" hits="0"/>
						<line number="1847" hits="0"/>
						<line number="1850" hits="0"/>
						<line number="1856" hits="0"/>
						<line number="1861" hits="0"/>
						<line number="1867" hits="0"/>
						<line number="1868" hits="0"/>
						<line number="1870" hits="0"/>
						<line number="1873" hits="0"/>
						<line number="1874" hits="0"/>
						<line number="1875" hits="0"/>
						<line number="1877" hits="0"/>
						<line number="1878" hits="0"/>
						<line number="1879" hits="0"/>
						<line number="1880" hits="0"/>
						<line number="1881" hits="0"/>
						<line number="1883" hits="0"/>
						<line number="1884" hits="0"/>
						<line number="1885" hits="0"/>
						<line number="1886" hits="0"/>
						<line number="1889" hits="0"/>
						<line number="1890" hits="0"/>
						<line number="1897" hits="0"/>
						<line number="1898" hits="0"/>
						<line number="1899" hits="0"/>
						<line number="1900" hits="0"/>
						<line number="1903" hits="0"/>
						<line number="1904" hits="0"/>
						<line number="1906" hits="0"/>
						<line number="1907" hits="0"/>
						<line number="1913" hits="0"/>
						<line number="1914" hits="0"/>
						<line number="1915" hits="0"/>
						<line number="1916" hits="0"/>
						<line number="1917" hits="0"/>
						<line number="1920" hits="0"/>
						<line number="1921" hits="0"/>
						<line number="1922" hits="0"/>
						<line number="1935" hits="0"/>
						<line number="1936" hits="0"/>
						<line number="1937" hits="0"/>
						<line number="1938" hits="0"/>
						<line number="1939" hits="0"/>
						<line number="1940" hits="0"/>
						<line number="1942" hits="0"/>
						<line number="1944" hits="0"/>
						<line number="1945" hits="0"/>
						<line number="1946" hits="0"/>
						<line number="1952" hits="0"/>
						<line number="1953" hits="0"/>
						<line number="1954" hits="0"/>
						<line number="1955" hits="0"/>
						<line number="1957" hits="0"/>
						<line number="1965" hits="1"/>
						<line number="1968" hits="1"/>
						<line number="1981" hits="0"/>
						<line number="1982" hits="0"/>
						<line number="1983" hits="0"/>
						<line number="1984" hits="0"/>
						<line number="1985" hits="0"/>
						<line number="1986" hits="0"/>
						<line number="1988" hits="0"/>
						<line number="1989" hits="0"/>
						<line number="1990" hits="0"/>
						<line number="1991" hits="0"/>
						<line number="1992" hits="0"/>
						<line number="1993" hits="0"/>
						<line number="1994" hits="0"/>
						<line number="1995" hits="0"/>
						<line number="1996" hits="0"/>
						<line number="1997" hits="0"/>
						<line number="1998" hits="0"/>
						<line number="1999" hits="0"/>
						<line number="2000" hits="0"/>
						<line number="2001" hits="0"/>
						<line number="2002" hits="0"/>
						<line number="2003" hits="0"/>
						<line number="2004" hits="0"/>
						<line number="2005" hits="0"/>
						<line number="2006" hits="0"/>
						<line number="2007" hits="0"/>
						<line number="2008" hits="0"/>
						<line number="2009" hits="0"/>
						<line number="2010" hits="0"/>
						<line number="2011" hits="0"/>
						<line number="2012" hits="0"/>
						<line number="2013" hits="0"/>
						<line number="2014" hits="0"/>
						<line number="2015" hits="0"/>
						<line number="2017" hits="0"/>
						<line number="2018" hits="0"/>
						<line number="2020" hits="0"/>
						<line number="2028" hits="0"/>
						<line number="2029" hits="0"/>
						<line number="2030" hits="0"/>
						<line number="2031" hits="0"/>
						<line number="2034" hits="0"/>
						<line number="2036" hits="0"/>
						<line number="2037" hits="0"/>
						<line number="2038" hits="0"/>
						<line number="2039" hits="0"/>
						<line number="2048" hits="0"/>
						<line number="2051" hits="1"/>
						<line number="2056" hits="1"/>
						<line number="2057" hits="1"/>
						<line number="2058" hits="1"/>
						<line number="2059" hits="1"/>
						<line number="2061" hits="1"/>
						<line number="2062" hits="1"/>
						<line number="2063" hits="1"/>
						<line number="2066" hits="1"/>
						<line number="2068" hits="0"/>
						<line number="2069" hits="0"/>
						<line number="2070" hits="0"/>
						<line number="2071" hits="0"/>
						<line number="2072" hits="0"/>
						<line number="2079" hits="0"/>
						<line number="2082" hits="1"/>
						<line number="2083" hits="0"/>
						<line number="2084" hits="0"/>
						<line number="2085" hits="0"/>
						<line number="2086" hits="0"/>
						<line number="2087" hits="0"/>
						<line number="2088" hits="0"/>
						<line number="2093" hits="0"/>
						<line number="2094" hits="0"/>
						<line number="2095" hits="0"/>
						<line number="2096" hits="0"/>
						<line number="2097" hits="0"/>
						<line number="2098" hits="0"/>
						<line number="2101" hits="1"/>
						<line number="2102" hits="0"/>
						<line number="2103" hits="0"/>
						<line number="2106" hits="1"/>
						<line number="2107" hits="0"/>
						<line number="2108" hits="0"/>
						<line number="2109" hits="0"/>
						<line number="2110" hits="0"/>
						<line number="2111" hits="0"/>
						<line number="2116" hits="1"/>
						<line number="2117" hits="0"/>
						<line number="2123" hits="0"/>
						<line number="2124" hits="0"/>
						<line number="2125" hits="0"/>
						<line number="2128" hits="1"/>
						<line number="2140" hits="0"/>
						<line number="2141" hits="0"/>
						<line number="2142" hits="0"/>
						<line number="2144" hits="0"/>
						<line number="2145" hits="0"/>
						<line number="2146" hits="0"/>
						<line number="2147" hits="0"/>
						<line number="2148" hits="0"/>
						<line number="2149" hits="0"/>
						<line number="2150" hits="0"/>
						<line number="2151" hits="0"/>
						<line number="2152" hits="0"/>
						<line number="2153" hits="0"/>
						<line number="2154" hits="0"/>
						<line number="2158" hits="0"/>
						<line number="2159" hits="0"/>
						<line number="2160" hits="0"/>
						<line number="2162" hits="0"/>
						<line number="2163" hits="0"/>
						<line number="2164" hits="0"/>
						<line number="2165" hits="0"/>
						<line number="2166" hits="0"/>
						<line number="2167" hits="0"/>
						<line number="2169" hits="0"/>
						<line number="2170" hits="0"/>
						<line number="2171" hits="0"/>
						<line number="2172" hits="0"/>
						<line number="2173" hits="0"/>
						<line number="2174" hits="0"/>
						<line number="2176" hits="0"/>
						<line number="2177" hits="0"/>
						<line number="2178" hits="0"/>
						<line number="2182" hits="0"/>
						<line number="2183" hits="0"/>
						<line number="2184" hits="0"/>
						<line number="2190" hits="0"/>
						<line number="2191" hits="0"/>
						<line number="2192" hits="0"/>
						<line number="2193" hits="0"/>
						<line number="2194" hits="0"/>
						<line number="2196" hits="0"/>
						<line number="2197" hits="0"/>
						<line number="2198" hits="0"/>
						<line number="2199" hits="0"/>
						<line number="2200" hits="0"/>
						<line number="2201" hits="0"/>
						<line number="2202" hits="0"/>
						<line number="2203" hits="0"/>
						<line number="2205" hits="0"/>
						<line number="2206" hits="0"/>
						<line number="2208" hits="0"/>
						<line number="2209" hits="0"/>
						<line number="2210" hits="0"/>
						<line number="2211" hits="0"/>
						<line number="2213" hits="0"/>
						<line number="2214" hits="0"/>
						<line number="2215" hits="0"/>
						<line number="2217" hits="0"/>
						<line number="2218" hits="0"/>
						<line number="2244" hits="0"/>
						<line number="2245" hits="0"/>
						<line number="2246" hits="0"/>
						<line number="2247" hits="0"/>
						<line number="2248" hits="0"/>
						<line number="2249" hits="0"/>
						<line number="2263" hits="0"/>
						<line number="2264" hits="0"/>
						<line number="2265" hits="0"/>
						<line number="2266" hits="0"/>
						<line number="2267" hits="0"/>
						<line number="2268" hits="0"/>
						<line number="2269" hits="0"/>
						<line number="2270" hits="0"/>
						<line number="2271" hits="0"/>
						<line number="2273" hits="0"/>
						<line number="2300" hits="0"/>
						<line number="2301" hits="0"/>
						<line number="2302" hits="0"/>
						<line number="2303" hits="0"/>
						<line number="2304" hits="0"/>
						<line number="2305" hits="0"/>
						<line number="2306" hits="0"/>
						<line number="2307" hits="0"/>
						<line number="2309" hits="0"/>
						<line number="2310" hits="0"/>
						<line number="2311" hits="0"/>
						<line number="2314" hits="0"/>
						<line number="2315" hits="0"/>
						<line number="2316" hits="0"/>
						<line number="2321" hits="0"/>
						<line number="2322" hits="0"/>
						<line number="2323" hits="0"/>
						<line number="2324" hits="0"/>
						<line number="2325" hits="0"/>
						<line number="2326" hits="0"/>
						<line number="2327" hits="0"/>
						<line number="2328" hits="0"/>
						<line number="2329" hits="0"/>
						<line number="2330" hits="0"/>
						<line number="2331" hits="0"/>
						<line number="2332" hits="0"/>
						<line number="2333" hits="0"/>
						<line number="2334" hits="0"/>
						<line number="2336" hits="0"/>
						<line number="2337" hits="0"/>
						<line number="2342" hits="0"/>
						<line number="2343" hits="0"/>
						<line number="2344" hits="0"/>
						<line number="2345" hits="0"/>
						<line number="2348" hits="0"/>
						<line number="2349" hits="0"/>
						<line number="2350" hits="0"/>
						<line number="2355" hits="0"/>
						<line number="2356" hits="0"/>
						<line number="2357" hits="0"/>
						<line number="2358" hits="0"/>
						<line number="2359" hits="0"/>
						<line number="2360" hits="0"/>
						<line number="2361" hits="0"/>
						<line number="2362" hits="0"/>
						<line number="2367" hits="0"/>
						<line number="2369" hits="0"/>
						<line number="2372" hits="0"/>
						<line number="2373" hits="0"/>
						<line number="2374" hits="0"/>
						<line number="2375" hits="0"/>
						<line number="2376" hits="0"/>
						<line number="2377" hits="0"/>
						<line number="2379" hits="0"/>
						<line number="2383" hits="0"/>
						<line number="2384" hits="0"/>
						<line number="2386" hits="0"/>
						<line number="2387" hits="0"/>
						<line number="2391" hits="0"/>
						<line number="2392" hits="0"/>
						<line number="2393" hits="0"/>
						<line number="2394" hits="0"/>
						<line number="2396" hits="0"/>
						<line number="2398" hits="0"/>
						<line number="2399" hits="0"/>
						<line number="2400" hits="0"/>
						<line number="2406" hits="0"/>
						<line number="2408" hits="0"/>
						<line number="2414" hits="0"/>
						<line number="2418" hits="0"/>
						<line number="2419" hits="0"/>
						<line number="2441" hits="0"/>
						<line number="2443" hits="0"/>
						<line number="2444" hits="0"/>
						<line number="2448" hits="0"/>
						<line number="2449" hits="0"/>
						<line number="2452" hits="0"/>
						<line number="2453" hits="0"/>
						<line number="2460" hits="0"/>
						<line number="2461" hits="0"/>
						<line number="2462" hits="0"/>
						<line number="2464" hits="0"/>
						<line number="2465" hits="0"/>
						<line number="2467" hits="0"/>
						<line number="2468" hits="0"/>
						<line number="2469" hits="0"/>
						<line number="2475" hits="0"/>
						<line number="2476" hits="0"/>
						<line number="2477" hits="0"/>
						<line number="2478" hits="0"/>
						<line number="2484" hits="0"/>
						<line number="2485" hits="0"/>
						<line number="2486" hits="0"/>
						<line number="2487" hits="0"/>
						<line number="2488" hits="0"/>
						<line number="2489" hits="0"/>
						<line number="2490" hits="0"/>
						<line number="2492" hits="0"/>
						<line number="2497" hits="0"/>
						<line number="2500" hits="0"/>
						<line number="2501" hits="0"/>
						<line number="2502" hits="0"/>
						<line number="2503" hits="0"/>
						<line number="2504" hits="0"/>
						<line number="2505" hits="0"/>
						<line number="2506" hits="0"/>
						<line number="2507" hits="0"/>
						<line number="2508" hits="0"/>
						<line number="2509" hits="0"/>
						<line number="2510" hits="0"/>
						<line number="2513" hits="0"/>
						<line number="2514" hits="0"/>
						<line number="2515" hits="0"/>
						<line number="2516" hits="0"/>
						<line number="2517" hits="0"/>
						<line number="2518" hits="0"/>
						<line number="2519" hits="0"/>
						<line number="2522" hits="1"/>
						<line number="2525" hits="1"/>
						<line number="2527" hits="1"/>
						<line number="2528" hits="1"/>
						<line number="2534" hits="1"/>
						<line number="2535" hits="1"/>
						<line number="2536" hits="1"/>
						<line number="2537" hits="1"/>
						<line number="2538" hits="1"/>
						<line number="2543" hits="1"/>
						<line number="2544" hits="1"/>
						<line number="2545" hits="1"/>
						<line number="2550" hits="1"/>
						<line number="2551" hits="1"/>
						<line number="2552" hits="1"/>
						<line number="2555" hits="1"/>
						<line number="2561" hits="1"/>
						<line number="2562" hits="1"/>
						<line number="2563" hits="1"/>
						<line number="2564" hits="1"/>
						<line number="2565" hits="1"/>
						<line number="2567" hits="1"/>
						<line number="2568" hits="1"/>
						<line number="2573" hits="1"/>
						<line number="2574" hits="1"/>
						<line number="2576" hits="1"/>
						<line number="2578" hits="1"/>
						<line number="2580" hits="1"/>
						<line number="2581" hits="1"/>
						<line number="2582" hits="1"/>
						<line number="2583" hits="1"/>
						<line number="2584" hits="1"/>
						<line number="2588" hits="1"/>
						<line number="2600" hits="1"/>
						<line number="2609" hits="1"/>
						<line number="2615" hits="1"/>
						<line number="2622" hits="1"/>
						<line number="2625" hits="1"/>
						<line number="2627" hits="1"/>
						<line number="2629" hits="1"/>
						<line number="2630" hits="1"/>
						<line number="2631" hits="1"/>
						<line number="2632" hits="1"/>
						<line number="2633" hits="1"/>
						<line number="2634" hits="1"/>
						<line number="2635" hits="1"/>
						<line number="2636" hits="0"/>
						<line number="2637" hits="0"/>
						<line number="2639" hits="1"/>
						<line number="2640" hits="1"/>
						<line number="2641" hits="1"/>
						<line number="2642" hits="1"/>
						<line number="2648" hits="1"/>
						<line number="2662" hits="1"/>
						<line number="2663" hits="1"/>
						<line number="2664" hits="1"/>
						<line number="2665" hits="1"/>
						<line number="2674" hits="1"/>
						<line number="2677" hits="1"/>
						<line number="2678" hits="1"/>
						<line number="2679" hits="1"/>
						<line number="2680" hits="1"/>
						<line number="2681" hits="1"/>
						<line number="2682" hits="0"/>
						<line number="2683" hits="1"/>
						<line number="2685" hits="1"/>
						<line number="2686" hits="1"/>
						<line number="2687" hits="1"/>
						<line number="2688" hits="1"/>
						<line number="2689" hits="1"/>
						<line number="2691" hits="1"/>
						<line number="2692" hits="1"/>
						<line number="2698" hits="0"/>
						<line number="2699" hits="0"/>
						<line number="2701" hits="0"/>
						<line number="2702" hits="0"/>
						<line number="2703" hits="0"/>
						<line number="2704" hits="0"/>
						<line number="2705" hits="0"/>
						<line number="2709" hits="0"/>
						<line number="2710" hits="1"/>
						<line number="2711" hits="1"/>
						<line number="2712" hits="1"/>
						<line number="2713" hits="1"/>
						<line number="2714" hits="1"/>
						<line number="2715" hits="1"/>
						<line number="2716" hits="1"/>
						<line number="2719" hits="1"/>
						<line number="2722" hits="1"/>
						<line number="2723" hits="1"/>
						<line number="2724" hits="1"/>
						<line number="2725" hits="1"/>
						<line number="2726" hits="1"/>
						<line number="2729" hits="1"/>
						<line number="2732" hits="1"/>
						<line number="2733" hits="1"/>
						<line number="2734" hits="1"/>
						<line number="2735" hits="1"/>
						<line number="2736" hits="1"/>
						<line number="2738" hits="1"/>
						<line number="2740" hits="1"/>
						<line number="2741" hits="1"/>
						<line number="2742" hits="1"/>
						<line number="2743" hits="1"/>
						<line number="2744" hits="1"/>
						<line number="2745" hits="1"/>
						<line number="2746" hits="1"/>
						<line number="2747" hits="1"/>
						<line number="2748" hits="0"/>
						<line number="2749" hits="0"/>
						<line number="2751" hits="1"/>
						<line number="2752" hits="1"/>
						<line number="2767" hits="1"/>
						<line number="2768" hits="1"/>
						<line number="2771" hits="1"/>
						<line number="2774" hits="1"/>
						<line number="2777" hits="1"/>
						<line number="2778" hits="0"/>
						<line number="2779" hits="0"/>
						<line number="2780" hits="0"/>
						<line number="2781" hits="0"/>
						<line number="2782" hits="0"/>
						<line number="2783" hits="0"/>
						<line number="2784" hits="0"/>
						<line number="2785" hits="0"/>
						<line number="2786" hits="0"/>
						<line number="2788" hits="0"/>
						<line number="2789" hits="0"/>
						<line number="2790" hits="0"/>
						<line number="2791" hits="0"/>
						<line number="2792" hits="0"/>
						<line number="2793" hits="0"/>
						<line number="2794" hits="0"/>
						<line number="2798" hits="0"/>
						<line number="2799" hits="0"/>
						<line number="2800" hits="0"/>
						<line number="2801" hits="0"/>
						<line number="2802" hits="0"/>
						<line number="2803" hits="0"/>
						<line number="2805" hits="0"/>
						<line number="2806" hits="0"/>
						<line number="2807" hits="0"/>
						<line number="2808" hits="0"/>
						<line number="2809" hits="0"/>
						<line number="2811" hits="0"/>
						<line number="2812" hits="0"/>
						<line number="2822" hits="0"/>
						<line number="2825" hits="0"/>
						<line number="2826" hits="0"/>
						<line number="2827" hits="0"/>
						<line number="2828" hits="0"/>
						<line number="2830" hits="0"/>
						<line number="2831" hits="0"/>
						<line number="2832" hits="0"/>
						<line number="2833" hits="0"/>
						<line number="2834" hits="0"/>
						<line number="2835" hits="0"/>
						<line number="2838" hits="1"/>
						<line number="2842" hits="1"/>
						<line number="2854" hits="1"/>
						<line number="2859" hits="1"/>
						<line number="2866" hits="1"/>
						<line number="2874" hits="0"/>
						<line number="2875" hits="0"/>
						<line number="2876" hits="0"/>
						<line number="2877" hits="0"/>
						<line number="2878" hits="0"/>
						<line number="2879" hits="0"/>
						<line number="2880" hits="0"/>
						<line number="2881" hits="0"/>
						<line number="2882" hits="0"/>
						<line number="2883" hits="0"/>
						<line number="2885" hits="0"/>
						<line number="2886" hits="0"/>
						<line number="2889" hits="0"/>
						<line number="2890" hits="0"/>
						<line number="2891" hits="0"/>
						<line number="2894" hits="0"/>
						<line number="2895" hits="0"/>
						<line number="2896" hits="0"/>
						<line number="2897" hits="0"/>
						<line number="2898" hits="0"/>
						<line number="2899" hits="0"/>
						<line number="2902" hits="0"/>
						<line number="2903" hits="0"/>
						<line number="2904" hits="0"/>
						<line number="2905" hits="0"/>
						<line number="2906" hits="0"/>
						<line number="2907" hits="0"/>
						<line number="2909" hits="0"/>
						<line number="2910" hits="0"/>
						<line number="2911" hits="0"/>
						<line number="2912" hits="0"/>
						<line number="2913" hits="0"/>
						<line number="2914" hits="0"/>
						<line number="2915" hits="0"/>
						<line number="2916" hits="0"/>
						<line number="2917" hits="0"/>
						<line number="2918" hits="0"/>
						<line number="2919" hits="0"/>
						<line number="2920" hits="0"/>
						<line number="2921" hits="0"/>
						<line number="2923" hits="0"/>
						<line number="2924" hits="0"/>
						<line number="2925" hits="0"/>
						<line number="2926" hits="0"/>
						<line number="2927" hits="0"/>
						<line number="2928" hits="0"/>
						<line number="2933" hits="0"/>
						<line number="2935" hits="0"/>
						<line number="2936" hits="0"/>
						<line number="2937" hits="0"/>
						<line number="2938" hits="0"/>
						<line number="2939" hits="0"/>
						<line number="2940" hits="0"/>
						<line number="2941" hits="0"/>
						<line number="2942" hits="0"/>
						<line number="2943" hits="0"/>
						<line number="2944" hits="0"/>
						<line number="2947" hits="0"/>
						<line number="2948" hits="0"/>
						<line number="2949" hits="0"/>
						<line number="2950" hits="0"/>
						<line number="2951" hits="0"/>
						<line number="2952" hits="0"/>
						<line number="2953" hits="0"/>
						<line number="2954" hits="0"/>
						<line number="2955" hits="0"/>
						<line number="2956" hits="0"/>
						<line number="2957" hits="0"/>
						<line number="2958" hits="0"/>
						<line number="2959" hits="0"/>
						<line number="2960" hits="0"/>
						<line number="2961" hits="0"/>
						<line number="2962" hits="0"/>
						<line number="2963" hits="0"/>
						<line number="2964" hits="0"/>
						<line number="2968" hits="0"/>
						<line number="2969" hits="0"/>
						<line number="2970" hits="0"/>
						<line number="2971" hits="0"/>
						<line number="2972" hits="0"/>
						<line number="2973" hits="0"/>
						<line number="2974" hits="0"/>
						<line number="2975" hits="0"/>
						<line number="2978" hits="0"/>
						<line number="2979" hits="0"/>
						<line number="2980" hits="0"/>
						<line number="2981" hits="0"/>
						<line number="2982" hits="0"/>
						<line number="2983" hits="0"/>
						<line number="2984" hits="0"/>
						<line number="2985" hits="0"/>
						<line number="2986" hits="0"/>
						<line number="2987" hits="0"/>
						<line number="2988" hits="0"/>
						<line number="2989" hits="0"/>
						<line number="2991" hits="0"/>
						<line number="2992" hits="0"/>
						<line number="2993" hits="0"/>
						<line number="2994" hits="0"/>
						<line number="2999" hits="0"/>
						<line number="3000" hits="0"/>
						<line number="3001" hits="0"/>
						<line number="3002" hits="0"/>
						<line number="3005" hits="0"/>
						<line number="3006" hits="0"/>
						<line number="3007" hits="0"/>
						<line number="3010" hits="0"/>
						<line number="3011" hits="0"/>
						<line number="3012" hits="0"/>
						<line number="3013" hits="0"/>
						<line number="3014" hits="0"/>
						<line number="3015" hits="0"/>
						<line number="3020" hits="0"/>
						<line number="3021" hits="0"/>
						<line number="3022" hits="0"/>
						<line number="3023" hits="0"/>
						<line number="3024" hits="0"/>
						<line number="3025" hits="0"/>
						<line number="3027" hits="0"/>
						<line number="3028" hits="0"/>
						<line number="3029" hits="0"/>
						<line number="3030" hits="0"/>
						<line number="3031" hits="0"/>
						<line number="3032" hits="0"/>
						<line number="3034" hits="0"/>
						<line number="3035" hits="0"/>
						<line number="3036" hits="0"/>
						<line number="3037" hits="0"/>
						<line number="3042" hits="0"/>
						<line number="3045" hits="0"/>
						<line number="3047" hits="0"/>
						<line number="3048" hits="0"/>
						<line number="3049" hits="0"/>
						<line number="3050" hits="0"/>
						<line number="3051" hits="0"/>
						<line number="3052" hits="0"/>
						<line number="3053" hits="0"/>
						<line number="3055" hits="0"/>
						<line number="3065" hits="0"/>
						<line number="3066" hits="0"/>
						<line number="3067" hits="0"/>
						<line number="3069" hits="0"/>
						<line number="3077" hits="0"/>
						<line number="3079" hits="0"/>
						<line number="3080" hits="0"/>
						<line number="3081" hits="0"/>
						<line number="3087" hits="0"/>
						<line number="3088" hits="0"/>
						<line number="3089" hits="0"/>
						<line number="3090" hits="0"/>
						<line number="3091" hits="0"/>
						<line number="3092" hits="0"/>
						<line number="3094" hits="0"/>
						<line number="3095" hits="0"/>
						<line number="3103" hits="1"/>
						<line number="3106" hits="1"/>
						<line number="3108" hits="1"/>
						<line number="3109" hits="1"/>
						<line number="3110" hits="1"/>
						<line number="3111" hits="1"/>
						<line number="3112" hits="1"/>
						<line number="3113" hits="1"/>
						<line number="3114" hits="1"/>
						<line number="3115" hits="1"/>
						<line number="3116" hits="1"/>
						<line number="3118" hits="1"/>
						<line number="3119" hits="1"/>
						<line number="3120" hits="1"/>
						<line number="3121" hits="1"/>
						<line number="3122" hits="0"/>
						<line number="3123" hits="0"/>
						<line number="3132" hits="1"/>
						<line number="3133" hits="1"/>
						<line number="3134" hits="1"/>
						<line number="3140" hits="1"/>
						<line number="3141" hits="1"/>
						<line number="3142" hits="1"/>
						<line number="3143" hits="1"/>
						<line number="3144" hits="1"/>
						<line number="3149" hits="1"/>
						<line number="3150" hits="1"/>
						<line number="3151" hits="1"/>
						<line number="3153" hits="1"/>
						<line number="3154" hits="0"/>
						<line number="3155" hits="0"/>
						<line number="3165" hits="1"/>
						<line number="3166" hits="1"/>
						<line number="3169" hits="1"/>
						<line number="3170" hits="0"/>
						<line number="3171" hits="0"/>
						<line number="3172" hits="0"/>
						<line number="3173" hits="0"/>
						<line number="3174" hits="0"/>
						<line number="3177" hits="1"/>
						<line number="3183" hits="1"/>
						<line number="3184" hits="1"/>
						<line number="3185" hits="1"/>
						<line number="3186" hits="1"/>
						<line number="3187" hits="1"/>
						<line number="3188" hits="1"/>
						<line number="3189" hits="1"/>
						<line number="3192" hits="1"/>
						<line number="3193" hits="1"/>
						<line number="3194" hits="0"/>
						<line number="3195" hits="0"/>
						<line number="3198" hits="1"/>
						<line number="3202" hits="1"/>
						<line number="3205" hits="1"/>
						<line number="3206" hits="1"/>
						<line number="3208" hits="1"/>
						<line number="3211" hits="1"/>
						<line number="3214" hits="1"/>
						<line number="3215" hits="1"/>
						<line number="3216" hits="1"/>
						<line number="3217" hits="1"/>
						<line number="3219" hits="1"/>
						<line number="3220" hits="1"/>
						<line number="3221" hits="0"/>
						<line number="3222" hits="0"/>
						<line number="3224" hits="1"/>
						<line number="3227" hits="1"/>
						<line number="3230" hits="1"/>
						<line number="3232" hits="0"/>
						<line number="3238" hits="0"/>
						<line number="3239" hits="0"/>
						<line number="3240" hits="0"/>
						<line number="3241" hits="0"/>
						<line number="3242" hits="0"/>
						<line number="3243" hits="0"/>
						<line number="3244" hits="0"/>
						<line number="3245" hits="0"/>
						<line number="3246" hits="0"/>
						<line number="3249" hits="1"/>
						<line number="3252" hits="1"/>
						<line number="3264" hits="0"/>
						<line number="3265" hits="0"/>
						<line number="3266" hits="0"/>
						<line number="3268" hits="0"/>
						<line number="3271" hits="0"/>
						<line number="3272" hits="0"/>
						<line number="3274" hits="0"/>
						<line number="3275" hits="0"/>
						<line number="3276" hits="0"/>
						<line number="3277" hits="0"/>
						<line number="3283" hits="0"/>
						<line number="3284" hits="0"/>
						<line number="3285" hits="0"/>
						<line number="3286" hits="0"/>
						<line number="3288" hits="0"/>
						<line number="3289" hits="0"/>
						<line number="3290" hits="0"/>
						<line number="3291" hits="0"/>
						<line number="3292" hits="0"/>
						<line number="3293" hits="0"/>
						<line number="3294" hits="0"/>
						<line number="3300" hits="0"/>
						<line number="3301" hits="0"/>
						<line number="3302" hits="0"/>
						<line number="3303" hits="0"/>
						<line number="3318" hits="0"/>
						<line number="3322" hits="0"/>
						<line number="3323" hits="0"/>
						<line number="3326" hits="0"/>
						<line number="3327" hits="0"/>
						<line number="3329" hits="0"/>
						<line number="3332" hits="1"/>
						<line number="3335" hits="1"/>
						<line number="3349" hits="0"/>
						<line number="3350" hits="0"/>
						<line number="3351" hits="0"/>
						<line number="3352" hits="0"/>
						<line number="3353" hits="0"/>
						<line number="3355" hits="0"/>
						<line number="3356" hits="0"/>
						<line number="3357" hits="0"/>
						<line number="3358" hits="0"/>
						<line number="3361" hits="0"/>
						<line number="3362" hits="0"/>
						<line number="3363" hits="0"/>
						<line number="3364" hits="0"/>
						<line number="3365" hits="0"/>
						<line number="3366" hits="0"/>
						<line number="3371" hits="0"/>
						<line number="3377" hits="0"/>
						<line number="3378" hits="0"/>
						<line number="3380" hits="0"/>
						<line number="3381" hits="0"/>
						<line number="3386" hits="0"/>
						<line number="3387" hits="0"/>
						<line number="3392" hits="0"/>
						<line number="3393" hits="0"/>
						<line number="3409" hits="0"/>
						<line number="3414" hits="0"/>
						<line number="3419" hits="0"/>
						<line number="3435" hits="0"/>
						<line number="3436" hits="0"/>
						<line number="3439" hits="0"/>
						<line number="3440" hits="0"/>
						<line number="3442" hits="0"/>
						<line number="3443" hits="0"/>
						<line number="3446" hits="0"/>
						<line number="3447" hits="0"/>
						<line number="3448" hits="0"/>
						<line number="3449" hits="0"/>
						<line number="3450" hits="0"/>
						<line number="3451" hits="0"/>
						<line number="3454" hits="0"/>
						<line number="3457" hits="0"/>
						<line number="3458" hits="0"/>
						<line number="3459" hits="0"/>
						<line number="3460" hits="0"/>
						<line number="3461" hits="0"/>
						<line number="3462" hits="0"/>
						<line number="3467" hits="0"/>
						<line number="3468" hits="0"/>
						<line number="3471" hits="0"/>
						<line number="3472" hits="0"/>
						<line number="3491" hits="0"/>
						<line number="3492" hits="0"/>
						<line number="3495" hits="0"/>
						<line number="3496" hits="0"/>
						<line number="3497" hits="0"/>
						<line number="3498" hits="0"/>
						<line number="3499" hits="0"/>
						<line number="3513" hits="0"/>
						<line number="3514" hits="0"/>
						<line number="3517" hits="0"/>
						<line number="3518" hits="0"/>
						<line number="3519" hits="0"/>
						<line number="3520" hits="0"/>
						<line number="3523" hits="0"/>
						<line number="3524" hits="0"/>
						<line number="3540" hits="0"/>
						<line number="3541" hits="0"/>
						<line number="3542" hits="0"/>
						<line number="3543" hits="0"/>
						<line number="3559" hits="0"/>
						<line number="3560" hits="0"/>
						<line number="3561" hits="0"/>
						<line number="3562" hits="0"/>
						<line number="3567" hits="0"/>
						<line number="3568" hits="0"/>
						<line number="3569" hits="0"/>
						<line number="3570" hits="0"/>
						<line number="3575" hits="0"/>
						<line number="3576" hits="0"/>
						<line number="3582" hits="0"/>
						<line number="3583" hits="0"/>
						<line number="3589" hits="0"/>
						<line number="3590" hits="0"/>
						<line number="3594" hits="0"/>
						<line number="3610" hits="0"/>
						<line number="3613" hits="0"/>
						<line number="3614" hits="0"/>
						<line number="3615" hits="0"/>
						<line number="3616" hits="0"/>
						<line number="3617" hits="0"/>
						<line number="3618" hits="0"/>
						<line number="3619" hits="0"/>
						<line number="3635" hits="0"/>
						<line number="3636" hits="0"/>
						<line number="3638" hits="0"/>
						<line number="3641" hits="0"/>
						<line number="3642" hits="0"/>
						<line number="3643" hits="0"/>
						<line number="3644" hits="0"/>
						<line number="3645" hits="0"/>
						<line number="3646" hits="0"/>
						<line number="3647" hits="0"/>
						<line number="3648" hits="0"/>
						<line number="3649" hits="0"/>
						<line number="3650" hits="0"/>
						<line number="3651" hits="0"/>
						<line number="3653" hits="0"/>
						<line number="3654" hits="0"/>
						<line number="3655" hits="0"/>
						<line number="3656" hits="0"/>
						<line number="3658" hits="0"/>
						<line number="3659" hits="0"/>
						<line number="3660" hits="0"/>
						<line number="3673" hits="0"/>
						<line number="3674" hits="0"/>
						<line number="3675" hits="0"/>
						<line number="3676" hits="0"/>
						<line number="3677" hits="0"/>
						<line number="3678" hits="0"/>
						<line number="3679" hits="0"/>
						<line number="3680" hits="0"/>
						<line number="3681" hits="0"/>
						<line number="3682" hits="0"/>
						<line number="3683" hits="0"/>
						<line number="3686" hits="0"/>
						<line number="3687" hits="0"/>
						<line number="3688" hits="0"/>
						<line number="3689" hits="0"/>
						<line number="3690" hits="0"/>
						<line number="3691" hits="0"/>
						<line number="3692" hits="0"/>
						<line number="3693" hits="0"/>
						<line number="3694" hits="0"/>
						<line number="3695" hits="0"/>
						<line number="3696" hits="0"/>
						<line number="3697" hits="0"/>
						<line number="3699" hits="0"/>
						<line number="3700" hits="0"/>
						<line number="3705" hits="0"/>
						<line number="3708" hits="0"/>
						<line number="3709" hits="0"/>
						<line number="3710" hits="0"/>
						<line number="3711" hits="0"/>
						<line number="3713" hits="0"/>
						<line number="3714" hits="0"/>
						<line number="3715" hits="0"/>
						<line number="3718" hits="0"/>
						<line number="3719" hits="0"/>
						<line number="3720" hits="0"/>
						<line number="3721" hits="0"/>
						<line number="3722" hits="0"/>
						<line number="3723" hits="0"/>
						<line number="3724" hits="0"/>
						<line number="3725" hits="0"/>
						<line number="3726" hits="0"/>
						<line number="3727" hits="0"/>
						<line number="3728" hits="0"/>
						<line number="3730" hits="0"/>
						<line number="3731" hits="0"/>
						<line number="3732" hits="0"/>
						<line number="3733" hits="0"/>
						<line number="3734" hits="0"/>
						<line number="3735" hits="0"/>
						<line number="3736" hits="0"/>
						<line number="3738" hits="0"/>
						<line number="3739" hits="0"/>
						<line number="3741" hits="0"/>
						<line number="3746" hits="0"/>
						<line number="3747" hits="0"/>
						<line number="3748" hits="0"/>
						<line number="3749" hits="0"/>
						<line number="3766" hits="0"/>
						<line number="3767" hits="0"/>
						<line number="3768" hits="0"/>
						<line number="3774" hits="0"/>
						<line number="3775" hits="0"/>
						<line number="3776" hits="0"/>
						<line number="3777" hits="0"/>
						<line number="3778" hits="0"/>
						<line number="3781" hits="0"/>
						<line number="3782" hits="0"/>
						<line number="3783" hits="0"/>
						<line number="3784" hits="0"/>
						<line number="3785" hits="0"/>
						<line number="3786" hits="0"/>
						<line number="3787" hits="0"/>
						<line number="3789" hits="0"/>
						<line number="3790" hits="0"/>
						<line number="3798" hits="0"/>
						<line number="3799" hits="0"/>
						<line number="3802" hits="0"/>
						<line number="3803" hits="0"/>
						<line number="3804" hits="0"/>
						<line number="3805" hits="0"/>
						<line number="3806" hits="0"/>
						<line number="3807" hits="0"/>
						<line number="3808" hits="0"/>
						<line number="3809" hits="0"/>
						<line number="3810" hits="0"/>
						<line number="3811" hits="0"/>
						<line number="3812" hits="0"/>
						<line number="3814" hits="0"/>
						<line number="3815" hits="0"/>
						<line number="3816" hits="0"/>
						<line number="3817" hits="0"/>
						<line number="3818" hits="0"/>
						<line number="3819" hits="0"/>
						<line number="3820" hits="0"/>
						<line number="3822" hits="0"/>
						<line number="3823" hits="0"/>
						<line number="3828" hits="0"/>
						<line number="3829" hits="0"/>
						<line number="3830" hits="0"/>
						<line number="3833" hits="0"/>
						<line number="3834" hits="0"/>
						<line number="3839" hits="0"/>
						<line number="3844" hits="0"/>
						<line number="3849" hits="0"/>
						<line number="3866" hits="0"/>
						<line number="3871" hits="0"/>
						<line number="3888" hits="0"/>
						<line number="3906" hits="0"/>
						<line number="3927" hits="0"/>
						<line number="3928" hits="0"/>
						<line number="3929" hits="0"/>
						<line number="3950" hits="0"/>
						<line number="3951" hits="0"/>
						<line number="3952" hits="0"/>
						<line number="3973" hits="0"/>
						<line number="3974" hits="0"/>
						<line number="3977" hits="0"/>
						<line number="3978" hits="0"/>
						<line number="3979" hits="0"/>
						<line number="3980" hits="0"/>
						<line number="3981" hits="0"/>
						<line number="3982" hits="0"/>
						<line number="3983" hits="0"/>
						<line number="4004" hits="0"/>
						<line number="4027" hits="0"/>
						<line number="4048" hits="0"/>
						<line number="4051" hits="0"/>
						<line number="4052" hits="0"/>
						<line number="4053" hits="0"/>
						<line number="4056" hits="0"/>
						<line number="4057" hits="0"/>
						<line number="4058" hits="0"/>
						<line number="4059" hits="0"/>
						<line number="4060" hits="0"/>
						<line number="4061" hits="0"/>
						<line number="4085" hits="0"/>
						<line number="4086" hits="0"/>
						<line number="4087" hits="0"/>
						<line number="4112" hits="0"/>
						<line number="4136" hits="0"/>
						<line number="4161" hits="0"/>
						<line number="4162" hits="0"/>
						<line number="4163" hits="0"/>
						<line number="4186" hits="0"/>
						<line number="4187" hits="0"/>
						<line number="4188" hits="0"/>
						<line number="4189" hits="0"/>
						<line number="4190" hits="0"/>
						<line number="4191" hits="0"/>
						<line number="4192" hits="0"/>
						<line number="4193" hits="0"/>
						<line number="4194" hits="0"/>
						<line number="4195" hits="0"/>
						<line number="4196" hits="0"/>
						<line number="4197" hits="0"/>
						<line number="4198" hits="0"/>
						<line number="4214" hits="0"/>
						<line number="4215" hits="0"/>
						<line number="4216" hits="0"/>
						<line number="4242" hits="0"/>
						<line number="4265" hits="0"/>
						<line number="4268" hits="0"/>
						<line number="4269" hits="0"/>
						<line number="4270" hits="0"/>
[...]
						<line number="9187" hits="0"/>
						<line number="9189" hits="0"/>
						<line number="9190" hits="0"/>
						<line number="9191" hits="0"/>
						<line number="9192" hits="0"/>
						<line number="9194" hits="0"/>
						<line number="9197" hits="0"/>
						<line number="9199" hits="0"/>
						<line number="9210" hits="0"/>
						<line number="9212" hits="0"/>
						<line number="9213" hits="0"/>
						<line number="9214" hits="0"/>
						<line number="9215" hits="0"/>
						<line number="9216" hits="0"/>
						<line number="9217" hits="0"/>
						<line number="9219" hits="0"/>
						<line number="9220" hits="0"/>
						<line number="9221" hits="0"/>
						<line number="9227" hits="0"/>
						<line number="9228" hits="0"/>
						<line number="9229" hits="0"/>
						<line number="9231" hits="0"/>
						<line number="9232" hits="0"/>
						<line number="9240" hits="0"/>
						<line number="9241" hits="0"/>
						<line number="9242" hits="0"/>
						<line number="9248" hits="0"/>
						<line number="9249" hits="0"/>
						<line number="9251" hits="0"/>
						<line number="9252" hits="0"/>
						<line number="9253" hits="0"/>
						<line number="9255" hits="0"/>
						<line number="9256" hits="0"/>
						<line number="9264" hits="1"/>
						<line number="9267" hits="1"/>
						<line number="9269" hits="0"/>
						<line number="9270" hits="0"/>
						<line number="9272" hits="0"/>
						<line number="9273" hits="0"/>
						<line number="9275" hits="0"/>
						<line number="9276" hits="0"/>
						<line number="9278" hits="0"/>
						<line number="9279" hits="0"/>
						<line number="9280" hits="0"/>
						<line number="9281" hits="0"/>
						<line number="9282" hits="0"/>
						<line number="9283" hits="0"/>
						<line number="9285" hits="0"/>
						<line number="9286" hits="0"/>
						<line number="9288" hits="0"/>
						<line number="9289" hits="0"/>
						<line number="9290" hits="0"/>
						<line number="9292" hits="0"/>
						<line number="9295" hits="1"/>
						<line number="9298" hits="1"/>
						<line number="9300" hits="0"/>
						<line number="9301" hits="0"/>
						<line number="9302" hits="0"/>
						<line number="9303" hits="0"/>
						<line number="9304" hits="0"/>
						<line number="9306" hits="0"/>
						<line number="9307" hits="0"/>
						<line number="9308" hits="0"/>
						<line number="9309" hits="0"/>
						<line number="9311" hits="0"/>
						<line number="9313" hits="0"/>
						<line number="9314" hits="0"/>
						<line number="9316" hits="0"/>
						<line number="9317" hits="0"/>
						<line number="9318" hits="0"/>
						<line number="9320" hits="0"/>
						<line number="9321" hits="0"/>
						<line number="9323" hits="0"/>
						<line number="9325" hits="0"/>
						<line number="9326" hits="0"/>
						<line number="9327" hits="0"/>
						<line number="9328" hits="0"/>
						<line number="9329" hits="0"/>
						<line number="9330" hits="0"/>
						<line number="9331" hits="0"/>
						<line number="9332" hits="0"/>
						<line number="9333" hits="0"/>
						<line number="9334" hits="0"/>
						<line number="9335" hits="0"/>
						<line number="9338" hits="0"/>
						<line number="9339" hits="0"/>
						<line number="9340" hits="0"/>
						<line number="9341" hits="0"/>
						<line number="9342" hits="0"/>
						<line number="9343" hits="0"/>
						<line number="9348" hits="0"/>
						<line number="9349" hits="0"/>
						<line number="9350" hits="0"/>
						<line number="9351" hits="0"/>
						<line number="9353" hits="0"/>
						<line number="9354" hits="0"/>
						<line number="9356" hits="0"/>
						<line number="9357" hits="0"/>
						<line number="9359" hits="0"/>
						<line number="9361" hits="0"/>
						<line number="9362" hits="0"/>
						<line number="9363" hits="0"/>
						<line number="9364" hits="0"/>
						<line number="9367" hits="1"/>
						<line number="9370" hits="1"/>
						<line number="9372" hits="0"/>
						<line number="9373" hits="0"/>
						<line number="9374" hits="0"/>
						<line number="9375" hits="0"/>
						<line number="9376" hits="0"/>
						<line number="9377" hits="0"/>
						<line number="9378" hits="0"/>
						<line number="9380" hits="0"/>
						<line number="9381" hits="0"/>
						<line number="9383" hits="0"/>
						<line number="9385" hits="0"/>
						<line number="9387" hits="0"/>
						<line number="9388" hits="0"/>
						<line number="9389" hits="0"/>
						<line number="9390" hits="0"/>
						<line number="9391" hits="0"/>
						<line number="9392" hits="0"/>
						<line number="9394" hits="0"/>
						<line number="9395" hits="0"/>
						<line number="9397" hits="0"/>
						<line number="9398" hits="0"/>
						<line number="9410" hits="0"/>
						<line number="9411" hits="0"/>
						<line number="9412" hits="0"/>
						<line number="9413" hits="0"/>
						<line number="9414" hits="0"/>
						<line number="9415" hits="0"/>
						<line number="9416" hits="0"/>
						<line number="9417" hits="0"/>
						<line number="9420" hits="0"/>
						<line number="9421" hits="0"/>
						<line number="9422" hits="0"/>
						<line number="9423" hits="0"/>
						<line number="9425" hits="0"/>
						<line number="9426" hits="0"/>
						<line number="9428" hits="0"/>
						<line number="9429" hits="0"/>
						<line number="9430" hits="0"/>
						<line number="9431" hits="0"/>
						<line number="9433" hits="0"/>
						<line number="9436" hits="1"/>
						<line number="9442" hits="1"/>
						<line number="9443" hits="0"/>
						<line number="9444" hits="0"/>
						<line number="9445" hits="0"/>
						<line number="9446" hits="0"/>
						<line number="9449" hits="0"/>
						<line number="9450" hits="0"/>
						<line number="9451" hits="0"/>
						<line number="9457" hits="0"/>
						<line number="9458" hits="0"/>
						<line number="9459" hits="0"/>
						<line number="9462" hits="1"/>
						<line number="9465" hits="1"/>
						<line number="9466" hits="0"/>
						<line number="9467" hits="0"/>
						<line number="9468" hits="0"/>
						<line number="9469" hits="0"/>
						<line number="9470" hits="0"/>
						<line number="9471" hits="0"/>
						<line number="9472" hits="0"/>
						<line number="9473" hits="0"/>
						<line number="9474" hits="0"/>
						<line number="9475" hits="0"/>
						<line number="9476" hits="0"/>
						<line number="9479" hits="0"/>
						<line number="9480" hits="0"/>
						<line number="9481" hits="0"/>
						<line number="9482" hits="0"/>
						<line number="9483" hits="0"/>
						<line number="9486" hits="0"/>
						<line number="9487" hits="0"/>
						<line number="9490" hits="0"/>
						<line number="9492" hits="0"/>
						<line number="9495" hits="0"/>
						<line number="9496" hits="0"/>
						<line number="9499" hits="0"/>
						<line number="9500" hits="0"/>
						<line number="9501" hits="0"/>
						<line number="9502" hits="0"/>
						<line number="9504" hits="0"/>
						<line number="9505" hits="0"/>
						<line number="9506" hits="0"/>
						<line number="9509" hits="0"/>
						<line number="9510" hits="0"/>
						<line number="9511" hits="0"/>
						<line number="9512" hits="0"/>
						<line number="9514" hits="0"/>
						<line number="9515" hits="0"/>
						<line number="9517" hits="0"/>
						<line number="9518" hits="0"/>
						<line number="9522" hits="0"/>
						<line number="9523" hits="0"/>
						<line number="9524" hits="0"/>
						<line number="9525" hits="0"/>
						<line number="9526" hits="0"/>
						<line number="9527" hits="0"/>
						<line number="9528" hits="0"/>
						<line number="9529" hits="0"/>
						<line number="9532" hits="0"/>
						<line number="9533" hits="0"/>
						<line number="9535" hits="0"/>
						<line number="9536" hits="0"/>
						<line number="9537" hits="0"/>
						<line number="9538" hits="0"/>
						<line number="9540" hits="0"/>
						<line number="9541" hits="0"/>
						<line number="9542" hits="0"/>
						<line number="9544" hits="0"/>
						<line number="9545" hits="0"/>
						<line number="9548" hits="0"/>
						<line number="9550" hits="0"/>
						<line number="9557" hits="0"/>
						<line number="9559" hits="0"/>
						<line number="9565" hits="0"/>
						<line number="9566" hits="0"/>
						<line number="9567" hits="0"/>
						<line number="9570" hits="0"/>
						<line number="9571" hits="0"/>
						<line number="9572" hits="0"/>
						<line number="9573" hits="0"/>
						<line number="9574" hits="0"/>
						<line number="9575" hits="0"/>
						<line number="9576" hits="0"/>
						<line number="9577" hits="0"/>
						<line number="9579" hits="0"/>
						<line number="9580" hits="0"/>
						<line number="9581" hits="0"/>
						<line number="9582" hits="0"/>
						<line number="9583" hits="0"/>
						<line number="9586" hits="0"/>
						<line number="9587" hits="0"/>
						<line number="9589" hits="0"/>
						<line number="9590" hits="0"/>
						<line number="9591" hits="0"/>
						<line number="9606" hits="0"/>
						<line number="9607" hits="0"/>
						<line number="9610" hits="0"/>
						<line number="9611" hits="0"/>
						<line number="9618" hits="0"/>
						<line number="9626" hits="0"/>
						<line number="9627" hits="0"/>
						<line number="9632" hits="0"/>
						<line number="9648" hits="0"/>
						<line number="9655" hits="0"/>
						<line number="9671" hits="0"/>
						<line number="9688" hits="0"/>
						<line number="9689" hits="0"/>
						<line number="9690" hits="0"/>
						<line number="9707" hits="0"/>
						<line number="9708" hits="0"/>
						<line number="9709" hits="0"/>
						<line number="9710" hits="0"/>
						<line number="9726" hits="0"/>
						<line number="9727" hits="0"/>
						<line number="9730" hits="0"/>
						<line number="9731" hits="0"/>
						<line number="9732" hits="0"/>
						<line number="9733" hits="0"/>
						<line number="9735" hits="0"/>
						<line number="9738" hits="1"/>
						<line number="9741" hits="1"/>
						<line number="9742" hits="0"/>
						<line number="9743" hits="0"/>
						<line number="9744" hits="0"/>
						<line number="9745" hits="0"/>
						<line number="9748" hits="1"/>
						<line number="9751" hits="1"/>
						<line number="9752" hits="0"/>
						<line number="9753" hits="0"/>
						<line number="9754" hits="0"/>
						<line number="9755" hits="0"/>
						<line number="9756" hits="0"/>
						<line number="9759" hits="1"/>
						<line number="9762" hits="1"/>
						<line number="9763" hits="0"/>
						<line number="9764" hits="0"/>
						<line number="9765" hits="0"/>
						<line number="9768" hits="0"/>
						<line number="9769" hits="0"/>
						<line number="9770" hits="0"/>
						<line number="9771" hits="0"/>
						<line number="9772" hits="0"/>
						<line number="9775" hits="0"/>
						<line number="9776" hits="0"/>
						<line number="9777" hits="0"/>
						<line number="9778" hits="0"/>
						<line number="9779" hits="0"/>
						<line number="9782" hits="0"/>
						<line number="9783" hits="0"/>
						<line number="9784" hits="0"/>
						<line number="9785" hits="0"/>
						<line number="9786" hits="0"/>
						<line number="9787" hits="0"/>
						<line number="9788" hits="0"/>
						<line number="9789" hits="0"/>
						<line number="9791" hits="0"/>
						<line number="9794" hits="1"/>
						<line number="9797" hits="1"/>
						<line number="9798" hits="0"/>
						<line number="9799" hits="0"/>
						<line number="9801" hits="0"/>
						<line number="9802" hits="0"/>
						<line number="9805" hits="0"/>
						<line number="9806" hits="0"/>
						<line number="9809" hits="0"/>
						<line number="9810" hits="0"/>
						<line number="9811" hits="0"/>
						<line number="9812" hits="0"/>
						<line number="9813" hits="0"/>
						<line number="9814" hits="0"/>
						<line number="9815" hits="0"/>
						<line number="9817" hits="0"/>
						<line number="9819" hits="0"/>
						<line number="9820" hits="0"/>
						<line number="9822" hits="0"/>
						<line number="9823" hits="0"/>
						<line number="9824" hits="0"/>
						<line number="9827" hits="1"/>
						<line number="9830" hits="1"/>
						<line number="9831" hits="0"/>
						<line number="9833" hits="0"/>
						<line number="9834" hits="0"/>
						<line number="9836" hits="0"/>
						<line number="9837" hits="0"/>
						<line number="9838" hits="0"/>
						<line number="9841" hits="0"/>
						<line number="9842" hits="0"/>
						<line number="9843" hits="0"/>
						<line number="9844" hits="0"/>
						<line number="9845" hits="0"/>
						<line number="9846" hits="0"/>
						<line number="9847" hits="0"/>
						<line number="9849" hits="0"/>
						<line number="9851" hits="0"/>
						<line number="9852" hits="0"/>
						<line number="9854" hits="0"/>
						<line number="9855" hits="0"/>
						<line number="9856" hits="0"/>
						<line number="9859" hits="1"/>
						<line number="9862" hits="1"/>
						<line number="9863" hits="0"/>
						<line number="9864" hits="0"/>
						<line number="9866" hits="0"/>
						<line number="9867" hits="0"/>
						<line number="9873" hits="0"/>
						<line number="9874" hits="0"/>
						<line number="9876" hits="0"/>
						<line number="9879" hits="1"/>
						<line number="9882" hits="1"/>
						<line number="9883" hits="0"/>
						<line number="9884" hits="0"/>
						<line number="9886" hits="0"/>
						<line number="9887" hits="0"/>
						<line number="9888" hits="0"/>
						<line number="9894" hits="0"/>
						<line number="9895" hits="0"/>
						<line number="9897" hits="0"/>
						<line number="9900" hits="1"/>
						<line number="9903" hits="1"/>
						<line number="9904" hits="0"/>
						<line number="9905" hits="0"/>
						<line number="9906" hits="0"/>
						<line number="9907" hits="0"/>
						<line number="9908" hits="0"/>
						<line number="9909" hits="0"/>
						<line number="9910" hits="0"/>
						<line number="9912" hits="0"/>
						<line number="9914" hits="0"/>
						<line number="9925" hits="0"/>
						<line number="9926" hits="0"/>
						<line number="9928" hits="0"/>
						<line number="9929" hits="0"/>
						<line number="9930" hits="0"/>
						<line number="9932" hits="0"/>
						<line number="9933" hits="0"/>
						<line number="9934" hits="0"/>
						<line number="9937" hits="0"/>
						<line number="9939" hits="0"/>
						<line number="9940" hits="0"/>
						<line number="9941" hits="0"/>
						<line number="9942" hits="0"/>
						<line number="9943" hits="0"/>
						<line number="9944" hits="0"/>
						<line number="9945" hits="0"/>
						<line number="9946" hits="0"/>
						<line number="9948" hits="0"/>
						<line number="9949" hits="0"/>
						<line number="9950" hits="0"/>
						<line number="9951" hits="0"/>
						<line number="9952" hits="0"/>
						<line number="9953" hits="0"/>
						<line number="9955" hits="0"/>
						<line number="9956" hits="0"/>
						<line number="9958" hits="0"/>
						<line number="9973" hits="0"/>
						<line number="9974" hits="0"/>
						<line number="9976" hits="0"/>
						<line number="9978" hits="0"/>
						<line number="9979" hits="0"/>
						<line number="9994" hits="0"/>
						<line number="9999" hits="0"/>
						<line number="10014" hits="0"/>
						<line number="10029" hits="0"/>
						<line number="10030" hits="0"/>
						<line number="10031" hits="0"/>
						<line number="10047" hits="0"/>
						<line number="10048" hits="0"/>
						<line number="10049" hits="0"/>
						<line number="10050" hits="0"/>
						<line number="10067" hits="0"/>
						<line number="10068" hits="0"/>
						<line number="10069" hits="0"/>
						<line number="10070" hits="0"/>
						<line number="10071" hits="0"/>
						<line number="10072" hits="0"/>
						<line number="10073" hits="0"/>
						<line number="10074" hits="0"/>
						<line number="10075" hits="0"/>
						<line number="10076" hits="0"/>
						<line number="10077" hits="0"/>
						<line number="10078" hits="0"/>
						<line number="10080" hits="0"/>
						<line number="10081" hits="0"/>
						<line number="10082" hits="0"/>
						<line number="10092" hits="0"/>
						<line number="10093" hits="0"/>
						<line number="10094" hits="0"/>
						<line number="10095" hits="0"/>
						<line number="10096" hits="0"/>
						<line number="10097" hits="0"/>
						<line number="10098" hits="0"/>
						<line number="10099" hits="0"/>
						<line number="10100" hits="0"/>
						<line number="10101" hits="0"/>
						<line number="10102" hits="0"/>
						<line number="10103" hits="0"/>
						<line number="10104" hits="0"/>
						<line number="10105" hits="0"/>
						<line number="10106" hits="0"/>
						<line number="10108" hits="0"/>
						<line number="10111" hits="1"/>
						<line number="10114" hits="1"/>
						<line number="10115" hits="0"/>
						<line number="10117" hits="0"/>
						<line number="10130" hits="0"/>
						<line number="10132" hits="0"/>
						<line number="10133" hits="0"/>
						<line number="10134" hits="0"/>
						<line number="10135" hits="0"/>
						<line number="10136" hits="0"/>
						<line number="10137" hits="0"/>
						<line number="10138" hits="0"/>
						<line number="10141" hits="0"/>
						<line number="10144" hits="0"/>
						<line number="10146" hits="0"/>
						<line number="10147" hits="0"/>
						<line number="10148" hits="0"/>
						<line number="10151" hits="1"/>
						<line number="10154" hits="1"/>
						<line number="10155" hits="0"/>
						<line number="10156" hits="0"/>
						<line number="10157" hits="0"/>
						<line number="10159" hits="0"/>
						<line number="10160" hits="0"/>
						<line number="10161" hits="0"/>
						<line number="10162" hits="0"/>
						<line number="10164" hits="0"/>
						<line number="10165" hits="0"/>
						<line number="10167" hits="0"/>
						<line number="10168" hits="0"/>
						<line number="10169" hits="0"/>
						<line number="10170" hits="0"/>
						<line number="10172" hits="0"/>
						<line number="10175" hits="1"/>
						<line number="10178" hits="1"/>
						<line number="10179" hits="1"/>
						<line number="10181" hits="0"/>
						<line number="10182" hits="0"/>
						<line number="10183" hits="0"/>
						<line number="10197" hits="0"/>
						<line number="10198" hits="0"/>
						<line number="10199" hits="0"/>
						<line number="10200" hits="0"/>
						<line number="10201" hits="0"/>
						<line number="10202" hits="0"/>
						<line number="10203" hits="0"/>
						<line number="10210" hits="0"/>
						<line number="10215" hits="0"/>
						<line number="10216" hits="0"/>
						<line number="10217" hits="0"/>
						<line number="10218" hits="0"/>
						<line number="10219" hits="0"/>
						<line number="10225" hits="0"/>
						<line number="10226" hits="0"/>
						<line number="10227" hits="0"/>
						<line number="10233" hits="0"/>
						<line number="10234" hits="0"/>
						<line number="10235" hits="0"/>
						<line number="10237" hits="0"/>
						<line number="10242" hits="0"/>
						<line number="10243" hits="0"/>
						<line number="10244" hits="0"/>
						<line number="10245" hits="0"/>
						<line number="10246" hits="0"/>
						<line number="10247" hits="0"/>
						<line number="10248" hits="0"/>
						<line number="10249" hits="0"/>
						<line number="10251" hits="0"/>
						<line number="10252" hits="0"/>
						<line number="10253" hits="0"/>
						<line number="10267" hits="0"/>
						<line number="10268" hits="0"/>
						<line number="10269" hits="0"/>
						<line number="10270" hits="0"/>
						<line number="10271" hits="0"/>
						<line number="10272" hits="0"/>
						<line number="10273" hits="0"/>
						<line number="10274" hits="0"/>
						<line number="10275" hits="0"/>
						<line number="10276" hits="0"/>
						<line number="10277" hits="0"/>
						<line number="10279" hits="0"/>
						<line number="10280" hits="0"/>
						<line number="10281" hits="0"/>
						<line number="10282" hits="0"/>
						<line number="10284" hits="0"/>
						<line number="10289" hits="1"/>
						<line number="10290" hits="0"/>
					</lines>
				</class>
			</classes>
		</package>
	</packages>
</coverage>
