{"meta": {"format": 3, "version": "7.14.1", "timestamp": "2026-07-30T15:35:37.571956", "branch_coverage": false, "show_contexts": false}, "files": {"app/services/deploy_service.py": {"executed_lines": [8, 9, 10, 11, 12, 13, 14, 16, 17, 19, 30, 33, 36, 37, 38, 43, 45, 47, 50, 64, 67, 68, 69, 70, 71, 74, 75, 78, 79, 82, 83, 86, 87, 90, 91, 94, 95, 98, 100, 101, 102, 103, 104, 105, 106, 107, 108, 109, 110, 111, 112, 113, 115, 116, 117, 119, 120, 123, 125, 126, 128, 129, 130, 131, 132, 136, 137, 143, 144, 145, 146, 148, 149, 150, 151, 152, 153, 154, 155, 156, 157, 158, 161, 162, 163, 164, 165, 170, 171, 174, 176, 177, 178, 179, 180, 181, 184, 187, 190, 191, 192, 193, 194, 195, 196, 197, 199, 200, 201, 202, 203, 204, 205, 206, 209, 211, 212, 213, 214, 215, 217, 218, 219, 220, 221, 223, 224, 227, 229, 231, 232, 233, 234, 235, 236, 237, 240, 242, 243, 244, 245, 246, 247, 254, 255, 261, 263, 264, 265, 267, 270, 272, 273, 274, 276, 285, 286, 287, 290, 292, 294, 301, 302, 303, 306, 308, 310, 319, 320, 321, 322, 323, 326, 328, 330, 339, 340, 341, 344, 346, 348, 350, 351, 352, 353, 362, 363, 364, 365, 366, 367, 373, 375, 376, 377, 378, 379, 380, 401, 404, 406, 407, 408, 409, 410, 411, 432, 435, 439, 440, 441, 443, 444, 445, 447, 448, 449, 450, 451, 452, 454, 456, 457, 461, 462, 463, 464, 465, 466, 467, 468, 469, 472, 473, 475, 476, 477, 479, 484, 492, 494, 495, 497, 498, 507, 510, 514, 515, 518, 519, 521, 525, 526, 527, 529, 530, 531, 532, 533, 534, 535, 536, 538, 539, 541, 542, 543, 544, 546, 549, 551, 562, 565, 567, 568, 569, 570, 571, 572, 573, 574, 577, 579, 580, 581, 583, 584, 585, 587, 588, 589, 590, 591, 592, 594, 596, 597, 599, 607, 608, 610, 613, 614, 615, 616, 617, 618, 619, 621, 636, 639, 643, 646, 647, 649, 650, 652, 653, 654, 655, 657, 658, 659, 660, 661, 662, 663, 664, 665, 667, 668, 670, 678, 679, 681, 682, 683, 684, 685, 695, 701, 702, 705, 707, 708, 709, 713, 714, 716, 717, 719, 720, 721, 722, 723, 724, 732, 733, 736, 737, 738, 739, 740, 741, 742, 743, 744, 745, 746, 747, 748, 749, 750, 752, 753, 754, 755, 756, 757, 765, 772, 774, 776, 777, 778, 779, 781, 782, 783, 795, 796, 797, 798, 799, 800, 803, 805, 807, 808, 809, 810, 815, 816, 817, 818, 821, 824, 827, 828, 831, 832, 833, 834, 837, 838, 841, 842, 845, 846, 847, 848, 850, 851, 852, 853, 857, 858, 859, 860, 861, 862, 863, 865, 866, 867, 868, 869, 870, 871, 872, 878, 879, 880, 881, 883, 884, 885, 888, 890, 891, 893, 894, 895, 896, 897, 899, 900, 901, 902, 903, 904, 906, 907, 908, 909, 910, 911, 913, 914, 915, 916, 919, 924, 925, 927, 943, 1290, 1370, 1372, 1373, 1374, 1382, 1383, 1384, 1387, 1393, 1395, 1397, 1398, 1399, 1400, 1401, 1402, 1405, 1406, 1407, 1408, 1410, 1411, 1423, 1424, 1425, 1430, 1431, 1434, 1477, 1540, 1636, 1638, 1640, 1641, 1642, 1643, 1645, 1646, 1647, 1648, 1649, 1650, 1651, 1652, 1653, 1654, 1660, 1661, 1663, 1664, 1666, 1667, 1677, 1678, 1679, 1680, 1685, 1688, 1689, 1690, 1692, 1693, 1694, 1695, 1696, 1697, 1698, 1699, 1700, 1705, 1706, 1707, 1708, 1709, 1710, 1711, 1712, 1713, 1714, 1715, 1718, 1719, 1720, 1721, 1723, 1724, 1725, 1726, 1727, 1732, 1733, 1734, 1735, 1736, 1737, 1738, 1739, 1740, 1741, 1742, 1743, 1744, 1745, 1747, 1750, 1752, 1753, 1755, 1756, 1757, 1759, 1762, 1768, 1769, 1770, 1773, 1775, 1776, 1777, 1778, 1779, 1780, 1781, 1784, 1785, 1786, 1787, 1788, 1789, 1790, 1791, 1792, 1793, 1794, 1795, 1797, 1798, 1800, 1801, 1802, 1804, 1805, 1806, 1807, 1808, 1809, 1810, 1811, 1812, 1813, 1814, 1820, 1823, 1825, 1826, 1827, 1828, 1829, 1830, 1831, 1832, 1833, 1834, 1835, 1836, 1837, 1838, 1839, 1840, 1843, 1848, 1849, 1850, 1851, 1852, 1853, 1854, 1855, 1856, 1857, 1858, 1859, 1860, 1861, 1862, 1863, 1864, 1865, 1869, 1870, 1871, 1874, 1876, 1877, 1878, 1880, 1908, 1909, 1911, 1912, 1915, 1917, 1918, 1919, 1921, 1923, 1924, 1925, 1929, 1931, 1976, 1977, 1979, 1980, 1981, 1989, 1991, 1997, 1998, 2000, 2007, 2008, 2010, 2011, 2012, 2013, 2014, 2021, 2022, 2024, 2036, 2038, 2039, 2040, 2041, 2043, 2046, 2047, 2048, 2049, 2050, 2051, 2052, 2055, 2059, 2060, 2061, 2062, 2063, 2064, 2065, 2066, 2069, 2070, 2071, 2074, 2078, 2080, 2081, 2082, 2087, 2088, 2090, 2091, 2094, 2095, 2096, 2102, 2108, 2109, 2112, 2116, 2118, 2119, 2120, 2121, 2123, 2124, 2125, 2134, 2135, 2136, 2144, 2155, 2156, 2157, 2158, 2159, 2160, 2170, 2171, 2183, 2185, 2186, 2187, 2188, 2189, 2190, 2191, 2192, 2193, 2194, 2195, 2196, 2197, 2198, 2200, 2201, 2202, 2203, 2204, 2207, 2209, 2210, 2211, 2212, 2213, 2214, 2215, 2216, 2217, 2218, 2219, 2220, 2221, 2222, 2223, 2224, 2225, 2226, 2227, 2228, 2229, 2230, 2231, 2234, 2236, 2237, 2239, 2240, 2241, 2242, 2243, 2244, 2245, 2246, 2247, 2248, 2249, 2257, 2258, 2259, 2260, 2261, 2264, 2266, 2268, 2269, 2270, 2271, 2272, 2274, 2275, 2276, 2277, 2278, 2279, 2280, 2281, 2284, 2286, 2287, 2288, 2292, 2293, 2294, 2297, 2299, 2301, 2303, 2304, 2305, 2306, 2307, 2308, 2309, 2310, 2314, 2315, 2316, 2317, 2318, 2319, 2325, 2326, 2327, 2329, 2330, 2331, 2332, 2333, 2334, 2335, 2336, 2337, 2338, 2339, 2340, 2342, 2344, 2345, 2346, 2347, 2348, 2349, 2352, 2354, 2355, 2356, 2357, 2359, 2360, 2364, 2365, 2368, 2372, 2373, 2374, 2375, 2376, 2377, 2378, 2379, 2380, 2381, 2382, 2383, 2384, 2385, 2388, 2390, 2392, 2393, 2394, 2395, 2396, 2397, 2398, 2399, 2400, 2401, 2414, 2415, 2416, 2417, 2418, 2419, 2420, 2421, 2422, 2423, 2424, 2425, 2426, 2429, 2431, 2434, 2435, 2436, 2437, 2438, 2444, 2448, 2449, 2450, 2451, 2452, 2453, 2454, 2455, 2456, 2457, 2468, 2470, 2472, 2474, 2475, 2476, 2477, 2479, 2480, 2481, 2482, 2483, 2484, 2485, 2486, 2487, 2492, 2493, 2494, 2495, 2499, 2500, 2501, 2503, 2504, 2507, 2530, 2783, 2809, 3906, 4089, 4090, 4091, 4098, 4100, 4108, 4109, 4116, 4121, 4122, 4123, 4124, 4125, 4126, 4127, 4128, 4129, 4130, 4131, 4132, 4133, 4134, 4137, 4142, 4143, 4144, 4145, 4146, 4147, 4148, 4149, 4150, 4151, 4152, 4153, 4154, 4155, 4156, 4157, 4158, 4160, 4161, 4164, 4166, 4167, 4168, 4169, 4172, 4227, 4232, 4233, 4234, 4235, 4236, 4237, 4238, 4243, 4244, 4245, 4246, 4247, 4253, 4254, 4257, 4277, 4342, 4345, 4347, 4348, 4349, 4350, 4352, 4353, 4354, 4355, 4357, 4358, 4359, 4362, 4392, 4465, 4466, 4468, 4469, 4481, 4482, 4483, 4484, 4485, 4486, 4494, 4495, 4496, 4497, 4498, 4499, 4502, 4560, 4562, 4563, 4564, 4565, 4566, 4567, 4568, 4569, 4570, 4571, 4572, 4573, 4574, 4577, 4613, 4628, 4656, 4658, 4666, 4667, 4668, 4669, 4670, 4671, 4672, 4673, 4674, 4677, 4679, 4681, 4682, 4683, 4684, 4685, 4686, 4687, 4690, 4716, 4740, 4742, 4752, 4755, 4757, 4760, 4762, 4765, 4767, 4768, 4769, 4770, 4771, 4772, 4773, 4774, 4775, 4776, 4777, 4778, 4779, 4782, 4804, 4861, 4884, 4922, 4939, 4947, 4958, 5066, 5068, 5069, 5070, 5072, 5073, 5074, 5075, 5076, 5077, 5078, 5079, 5080, 5081, 5084, 5086, 5087, 5088, 5089, 5090, 5091, 5092, 5093, 5096, 5098, 5100, 5108, 5109, 5110, 5111, 5112, 5113, 5114, 5115, 5117, 5122, 5124, 5126, 5129, 5133, 5135, 5136, 5138, 5139, 5140, 5141, 5142, 5146, 5147, 5148, 5150, 5151, 5152, 5155, 5156, 5160, 5161, 5164, 5166, 5168, 5169, 5170, 5171, 5172, 5173, 5179, 5180, 5183, 5185, 5191, 5192, 5193, 5195, 5205, 5206, 5207, 5209, 5210, 5211, 5212, 5213, 5214, 5215, 5218, 5222, 5224, 5227, 5230, 5235, 5237, 5240, 5242, 5243, 5244, 5245, 5250, 5251, 5252, 5253, 5254, 5255, 5256, 5257, 5258, 5259, 5260, 5261, 5264, 5266, 5269, 5271, 5272, 5273, 5274, 5275, 5276, 5277, 5278, 5280, 5283, 5285, 5286, 5287, 5288, 5291, 5293, 5294, 5295, 5296, 5297, 5300, 5302, 5303, 5304, 5305, 5306, 5307, 5308, 5311, 5313, 5316, 5318, 5319, 5320, 5321, 5322, 5323, 5324, 5325, 5326, 5328, 5329, 5330, 5331, 5333, 5334, 5335, 5337, 5338, 5340, 5343, 5345, 5346, 5347, 5348, 5349, 5350, 5351, 5352, 5353, 5354, 5355, 5358, 5360, 5361, 5362, 5366, 5367, 5371, 5372, 5373, 5374, 5375, 5376, 5378, 5379, 5381, 5382, 5383, 5384, 5385, 5386, 5388, 5391, 5393, 5394, 5395, 5396, 5397, 5398, 5399, 5400, 5403, 5405, 5406, 5409, 5410, 5411, 5414, 5416, 5417, 5418, 5419, 5420, 5421, 5422, 5423, 5424, 5425, 5426, 5427, 5430, 5434, 5435, 5436, 5437, 5438, 5441, 5443, 5450, 5451, 5454, 5455, 5458, 5460, 5461, 5462, 5463, 5464, 5465, 5466, 5467, 5468, 5471, 5473, 5474, 5475, 5476, 5477, 5478, 5479, 5481, 5484, 5486, 5488, 5489, 5490, 5491, 5501, 5502, 5503, 5504, 5505, 5508, 5510, 5515, 5516, 5517, 5518, 5519, 5521, 5526, 5527, 5533, 5534, 5535, 5536, 5537, 5538, 5540, 5543, 5604, 5639, 5679, 5681, 5683, 5684, 5695, 5696, 5699, 5704, 5705, 5708, 5719, 5720, 5723, 5728, 5729, 5731, 5732, 5735, 5791, 5848, 5850, 5851, 5852, 5853, 5854, 5855, 5856, 5858, 5859, 5860, 5863, 5868, 5910, 5927, 5937, 5946, 5947, 5948, 5949, 5952, 5954, 5955, 5958, 5961, 6059, 6193, 6470, 6471, 6472, 6474, 6475, 6476, 6477, 6478, 6479, 6480, 6481, 6483, 6486, 6487, 6488, 6490, 6491, 6492, 6493, 6494, 6495, 6496, 6497, 6506, 6509, 6518, 6561, 6563, 6564, 6565, 6566, 6567, 6568, 6570, 6571, 6572, 6577, 6578, 6579, 6580, 6581, 6582, 6587, 6654, 6656, 6657, 6658, 6660, 6665, 6666, 6667, 6668, 6669, 6670, 6671, 6672, 6673, 6674, 6698, 6700, 6701, 6702, 6704, 6705, 6706, 6707, 6708, 6709, 6710, 6711, 6712, 6713, 6720], "summary": {"covered_lines": 1556, "num_statements": 3501, "percent_covered": 44.44444444444444, "percent_covered_display": "44", "missing_lines": 1945, "excluded_lines": 0, "percent_statements_covered": 44.44444444444444, "percent_statements_covered_display": "44"}, "missing_lines": [955, 956, 957, 958, 960, 961, 962, 965, 966, 967, 968, 969, 970, 971, 972, 973, 974, 975, 977, 985, 986, 992, 993, 994, 995, 996, 997, 1010, 1011, 1012, 1013, 1014, 1015, 1016, 1017, 1018, 1031, 1032, 1033, 1034, 1035, 1036, 1037, 1038, 1043, 1044, 1047, 1050, 1051, 1052, 1064, 1065, 1066, 1067, 1068, 1069, 1070, 1072, 1073, 1074, 1078, 1079, 1080, 1081, 1082, 1083, 1084, 1087, 1088, 1089, 1090, 1091, 1092, 1095, 1096, 1097, 1098, 1102, 1103, 1104, 1105, 1106, 1109, 1110, 1111, 1113, 1115, 1116, 1119, 1120, 1123, 1124, 1125, 1126, 1127, 1128, 1129, 1130, 1131, 1132, 1133, 1135, 1136, 1137, 1140, 1142, 1143, 1144, 1145, 1146, 1147, 1148, 1149, 1151, 1152, 1153, 1154, 1155, 1171, 1179, 1185, 1186, 1188, 1189, 1192, 1193, 1194, 1195, 1197, 1198, 1199, 1200, 1201, 1202, 1203, 1204, 1205, 1206, 1207, 1208, 1211, 1212, 1213, 1218, 1219, 1222, 1223, 1225, 1226, 1227, 1228, 1229, 1230, 1231, 1232, 1235, 1236, 1238, 1239, 1240, 1241, 1242, 1243, 1244, 1245, 1251, 1252, 1253, 1254, 1255, 1256, 1257, 1258, 1259, 1260, 1263, 1264, 1266, 1267, 1269, 1270, 1272, 1273, 1275, 1276, 1277, 1279, 1280, 1296, 1298, 1299, 1300, 1303, 1304, 1305, 1306, 1308, 1309, 1310, 1312, 1313, 1322, 1323, 1324, 1325, 1326, 1328, 1329, 1330, 1331, 1332, 1333, 1334, 1335, 1336, 1337, 1338, 1339, 1340, 1348, 1351, 1359, 1360, 1361, 1362, 1363, 1364, 1365, 1366, 1367, 1403, 1436, 1438, 1439, 1440, 1441, 1442, 1443, 1444, 1445, 1447, 1448, 1449, 1450, 1451, 1453, 1458, 1459, 1460, 1461, 1463, 1464, 1466, 1467, 1468, 1469, 1470, 1473, 1474, 1479, 1480, 1481, 1482, 1483, 1487, 1488, 1493, 1494, 1496, 1497, 1498, 1499, 1500, 1503, 1504, 1505, 1507, 1508, 1516, 1517, 1518, 1519, 1520, 1523, 1524, 1525, 1527, 1532, 1533, 1535, 1536, 1537, 1551, 1552, 1553, 1556, 1557, 1558, 1559, 1560, 1561, 1562, 1565, 1573, 1574, 1577, 1580, 1581, 1590, 1591, 1592, 1593, 1594, 1595, 1598, 1599, 1600, 1601, 1602, 1603, 1605, 1606, 1607, 1609, 1610, 1611, 1612, 1614, 1627, 1628, 1629, 1630, 1632, 1633, 1644, 1926, 1927, 1928, 2478, 2488, 2489, 2490, 2509, 2513, 2516, 2517, 2518, 2519, 2520, 2532, 2533, 2534, 2536, 2537, 2538, 2539, 2540, 2541, 2543, 2545, 2556, 2568, 2569, 2571, 2572, 2573, 2578, 2589, 2591, 2592, 2593, 2594, 2595, 2596, 2597, 2598, 2599, 2600, 2601, 2602, 2604, 2605, 2615, 2617, 2618, 2619, 2620, 2621, 2622, 2623, 2624, 2628, 2629, 2630, 2631, 2632, 2634, 2635, 2636, 2637, 2638, 2639, 2641, 2642, 2643, 2644, 2645, 2646, 2647, 2651, 2652, 2654, 2655, 2656, 2663, 2664, 2667, 2670, 2674, 2675, 2676, 2679, 2680, 2682, 2683, 2684, 2685, 2690, 2691, 2692, 2693, 2696, 2697, 2698, 2699, 2700, 2707, 2708, 2709, 2711, 2717, 2720, 2721, 2726, 2727, 2728, 2729, 2731, 2736, 2737, 2742, 2743, 2748, 2756, 2757, 2758, 2759, 2761, 2762, 2763, 2764, 2772, 2774, 2780, 2787, 2788, 2789, 2790, 2792, 2793, 2794, 2795, 2796, 2797, 2798, 2799, 2801, 2802, 2803, 2804, 2806, 2812, 2813, 2814, 2815, 2818, 2820, 2821, 2822, 2823, 2824, 2825, 2826, 2827, 2831, 2836, 2837, 2842, 2843, 2844, 2845, 2846, 2847, 2850, 2851, 2852, 2854, 2855, 2856, 2860, 2861, 2862, 2863, 2864, 2866, 2869, 2870, 2871, 2872, 2880, 2882, 2883, 2884, 2885, 2887, 2888, 2889, 2890, 2892, 2893, 2894, 2895, 2898, 2899, 2900, 2902, 2903, 2906, 2907, 2908, 2909, 2910, 2913, 2914, 2915, 2921, 2923, 2928, 2929, 2930, 2931, 2932, 2933, 2934, 2935, 2937, 2938, 2942, 2943, 2944, 2945, 2946, 2947, 2948, 2949, 2950, 2951, 2952, 2958, 2959, 2961, 2966, 2967, 2969, 2971, 2972, 2974, 2975, 2977, 2978, 2979, 2980, 2981, 2982, 2987, 2988, 2989, 2990, 2991, 3005, 3006, 3010, 3011, 3013, 3014, 3018, 3021, 3022, 3023, 3024, 3025, 3029, 3032, 3033, 3034, 3035, 3036, 3037, 3038, 3041, 3043, 3044, 3045, 3046, 3047, 3048, 3050, 3051, 3052, 3053, 3054, 3056, 3057, 3058, 3059, 3060, 3061, 3062, 3069, 3070, 3071, 3072, 3073, 3076, 3077, 3078, 3080, 3085, 3086, 3087, 3088, 3089, 3098, 3103, 3104, 3105, 3112, 3117, 3118, 3125, 3126, 3128, 3129, 3132, 3133, 3136, 3137, 3138, 3139, 3140, 3141, 3145, 3146, 3147, 3148, 3150, 3151, 3152, 3153, 3155, 3156, 3157, 3160, 3161, 3167, 3168, 3169, 3172, 3176, 3177, 3178, 3180, 3181, 3182, 3183, 3184, 3185, 3186, 3187, 3188, 3189, 3190, 3191, 3192, 3193, 3194, 3195, 3196, 3205, 3214, 3221, 3222, 3229, 3230, 3231, 3233, 3234, 3237, 3238, 3239, 3240, 3243, 3244, 3245, 3247, 3248, 3251, 3252, 3255, 3256, 3257, 3259, 3260, 3264, 3267, 3268, 3271, 3272, 3273, 3276, 3277, 3278, 3279, 3281, 3282, 3283, 3284, 3285, 3287, 3290, 3291, 3292, 3293, 3294, 3295, 3296, 3297, 3298, 3299, 3300, 3301, 3302, 3303, 3304, 3305, 3309, 3314, 3315, 3316, 3317, 3318, 3319, 3320, 3322, 3323, 3325, 3327, 3328, 3329, 3331, 3333, 3336, 3341, 3353, 3356, 3361, 3364, 3367, 3370, 3371, 3372, 3373, 3375, 3376, 3377, 3378, 3379, 3381, 3382, 3384, 3385, 3388, 3389, 3392, 3397, 3398, 3405, 3406, 3409, 3410, 3411, 3412, 3413, 3421, 3422, 3425, 3426, 3427, 3430, 3434, 3435, 3436, 3446, 3447, 3449, 3450, 3453, 3454, 3457, 3458, 3459, 3460, 3463, 3464, 3465, 3466, 3467, 3470, 3473, 3474, 3475, 3478, 3479, 3488, 3489, 3490, 3491, 3494, 3495, 3496, 3499, 3500, 3501, 3504, 3505, 3506, 3507, 3508, 3509, 3510, 3511, 3512, 3513, 3514, 3515, 3516, 3517, 3518, 3519, 3520, 3521, 3522, 3523, 3524, 3528, 3529, 3530, 3534, 3535, 3539, 3540, 3544, 3554, 3555, 3556, 3557, 3558, 3559, 3560, 3561, 3562, 3563, 3565, 3566, 3569, 3570, 3571, 3572, 3573, 3574, 3579, 3580, 3583, 3584, 3585, 3586, 3587, 3589, 3592, 3593, 3594, 3595, 3596, 3599, 3600, 3601, 3602, 3603, 3604, 3605, 3606, 3607, 3610, 3611, 3614, 3618, 3619, 3620, 3621, 3622, 3623, 3624, 3625, 3626, 3627, 3628, 3629, 3636, 3641, 3642, 3643, 3646, 3647, 3648, 3649, 3650, 3653, 3654, 3655, 3658, 3659, 3662, 3665, 3666, 3667, 3668, 3669, 3670, 3671, 3672, 3673, 3674, 3675, 3676, 3677, 3681, 3686, 3687, 3688, 3689, 3693, 3697, 3698, 3701, 3702, 3705, 3706, 3707, 3708, 3715, 3716, 3718, 3719, 3720, 3721, 3722, 3723, 3724, 3726, 3727, 3728, 3736, 3737, 3739, 3740, 3741, 3742, 3743, 3746, 3747, 3748, 3749, 3752, 3755, 3756, 3757, 3758, 3761, 3764, 3765, 3766, 3768, 3771, 3772, 3778, 3779, 3780, 3781, 3782, 3783, 3785, 3786, 3787, 3793, 3800, 3801, 3804, 3806, 3807, 3814, 3815, 3816, 3817, 3830, 3832, 3833, 3851, 3852, 3855, 3856, 3858, 3859, 3860, 3861, 3862, 3863, 3865, 3866, 3867, 3868, 3869, 3870, 3871, 3872, 3873, 3874, 3875, 3876, 3877, 3878, 3880, 3888, 3889, 3890, 3898, 3899, 3901, 3902, 3903, 3917, 3918, 3919, 3920, 3922, 3924, 3925, 3926, 3927, 3928, 3931, 3932, 3940, 3941, 3942, 3943, 3944, 3945, 3946, 3953, 3954, 3961, 3962, 3968, 3969, 3970, 3971, 3972, 3974, 3976, 3977, 3978, 3979, 3980, 3983, 3984, 3985, 3986, 3987, 3992, 3993, 3994, 3995, 3996, 3997, 4000, 4001, 4002, 4003, 4005, 4006, 4007, 4010, 4016, 4017, 4018, 4019, 4020, 4023, 4029, 4030, 4032, 4037, 4038, 4039, 4040, 4044, 4045, 4050, 4052, 4055, 4056, 4059, 4060, 4063, 4064, 4065, 4072, 4075, 4076, 4077, 4078, 4081, 4177, 4178, 4180, 4181, 4182, 4183, 4188, 4194, 4195, 4196, 4197, 4198, 4199, 4200, 4206, 4207, 4208, 4209, 4212, 4213, 4214, 4215, 4216, 4217, 4218, 4219, 4221, 4222, 4224, 4259, 4260, 4261, 4262, 4263, 4265, 4266, 4267, 4268, 4269, 4270, 4271, 4272, 4279, 4280, 4281, 4283, 4284, 4285, 4286, 4287, 4288, 4290, 4291, 4292, 4294, 4295, 4296, 4297, 4299, 4316, 4318, 4320, 4322, 4331, 4332, 4333, 4334, 4335, 4338, 4339, 4374, 4375, 4378, 4379, 4380, 4381, 4383, 4384, 4387, 4393, 4395, 4396, 4397, 4399, 4400, 4401, 4403, 4404, 4405, 4407, 4409, 4415, 4416, 4417, 4418, 4419, 4421, 4436, 4448, 4449, 4450, 4451, 4459, 4460, 4461, 4462, 4513, 4515, 4516, 4531, 4537, 4543, 4544, 4545, 4546, 4548, 4551, 4552, 4553, 4554, 4556, 4557, 4579, 4587, 4588, 4589, 4590, 4591, 4592, 4593, 4594, 4595, 4596, 4597, 4605, 4610, 4616, 4618, 4619, 4620, 4621, 4622, 4624, 4625, 4641, 4643, 4644, 4645, 4646, 4649, 4650, 4652, 4653, 4692, 4694, 4695, 4696, 4697, 4700, 4701, 4702, 4703, 4704, 4709, 4710, 4712, 4713, 4718, 4721, 4722, 4723, 4724, 4725, 4726, 4727, 4728, 4729, 4730, 4731, 4733, 4734, 4737, 4784, 4786, 4787, 4788, 4789, 4792, 4793, 4794, 4795, 4796, 4797, 4798, 4799, 4800, 4801, 4817, 4818, 4821, 4823, 4824, 4825, 4839, 4840, 4849, 4850, 4851, 4852, 4855, 4856, 4865, 4866, 4867, 4868, 4870, 4871, 4880, 4881, 4889, 4890, 4899, 4900, 4901, 4902, 4903, 4908, 4909, 4910, 4911, 4917, 4919, 4923, 4925, 4926, 4927, 4928, 4929, 4930, 4931, 4932, 4933, 4934, 4935, 4936, 4940, 4941, 4948, 4950, 4951, 4952, 4953, 4954, 4955, 4961, 4963, 4964, 4966, 4972, 4973, 4974, 4980, 4982, 4983, 4984, 4990, 4991, 4993, 4995, 4996, 4997, 4999, 5000, 5001, 5008, 5009, 5010, 5013, 5014, 5016, 5017, 5022, 5024, 5027, 5031, 5032, 5034, 5035, 5037, 5038, 5039, 5040, 5041, 5044, 5057, 5058, 5157, 5158, 5174, 5175, 5176, 5177, 5550, 5552, 5555, 5556, 5557, 5567, 5568, 5570, 5571, 5580, 5581, 5582, 5584, 5586, 5589, 5590, 5592, 5595, 5596, 5598, 5599, 5600, 5601, 5608, 5610, 5611, 5612, 5613, 5615, 5616, 5618, 5619, 5622, 5623, 5624, 5625, 5626, 5627, 5628, 5630, 5632, 5633, 5634, 5636, 5641, 5643, 5644, 5645, 5647, 5648, 5650, 5651, 5654, 5662, 5663, 5664, 5665, 5670, 5671, 5673, 5674, 5676, 5739, 5741, 5742, 5745, 5746, 5747, 5756, 5758, 5760, 5761, 5763, 5764, 5767, 5775, 5776, 5777, 5778, 5779, 5782, 5783, 5784, 5785, 5786, 5788, 5795, 5796, 5797, 5798, 5799, 5800, 5801, 5803, 5804, 5805, 5806, 5807, 5808, 5809, 5811, 5816, 5817, 5819, 5820, 5833, 5835, 5836, 5845, 5861, 5862, 5864, 5865, 5872, 5874, 5875, 5876, 5877, 5878, 5879, 5880, 5881, 5883, 5884, 5885, 5886, 5887, 5895, 5896, 5898, 5899, 5900, 5905, 5906, 5907, 5912, 5914, 5915, 5916, 5917, 5918, 5919, 5921, 5922, 5962, 5964, 5966, 5967, 5968, 5970, 5972, 5973, 5974, 5976, 5977, 5980, 5984, 5985, 5993, 5994, 5997, 5998, 6001, 6002, 6005, 6006, 6007, 6010, 6013, 6014, 6018, 6021, 6022, 6030, 6033, 6036, 6039, 6044, 6047, 6048, 6061, 6062, 6063, 6065, 6066, 6067, 6068, 6069, 6071, 6072, 6073, 6074, 6075, 6076, 6077, 6085, 6087, 6088, 6091, 6092, 6093, 6095, 6096, 6097, 6098, 6099, 6100, 6101, 6102, 6110, 6111, 6118, 6119, 6120, 6121, 6122, 6123, 6131, 6134, 6135, 6136, 6137, 6138, 6139, 6140, 6145, 6146, 6149, 6150, 6151, 6153, 6154, 6169, 6171, 6172, 6173, 6174, 6175, 6176, 6177, 6178, 6179, 6187, 6188, 6190, 6195, 6196, 6197, 6199, 6200, 6201, 6202, 6203, 6205, 6206, 6207, 6208, 6209, 6210, 6211, 6219, 6222, 6223, 6224, 6226, 6227, 6228, 6229, 6230, 6231, 6232, 6233, 6234, 6235, 6243, 6244, 6251, 6252, 6253, 6255, 6256, 6257, 6258, 6261, 6263, 6264, 6282, 6283, 6285, 6286, 6287, 6288, 6289, 6290, 6298, 6300, 6301, 6304, 6305, 6307, 6310, 6311, 6312, 6313, 6314, 6315, 6316, 6317, 6318, 6320, 6321, 6323, 6325, 6329, 6330, 6331, 6333, 6334, 6336, 6341, 6342, 6343, 6344, 6354, 6355, 6364, 6367, 6368, 6369, 6372, 6373, 6374, 6375, 6376, 6379, 6382, 6385, 6387, 6388, 6389, 6390, 6391, 6392, 6393, 6394, 6398, 6401, 6402, 6403, 6404, 6405, 6406, 6407, 6409, 6410, 6411, 6414, 6415, 6416, 6417, 6420, 6422, 6423, 6424, 6425, 6426, 6427, 6428, 6446, 6448, 6449, 6450, 6451, 6452, 6453, 6454, 6455, 6456, 6464, 6465, 6467, 6511, 6512, 6513, 6515, 6520, 6521, 6523, 6524, 6525, 6526, 6527, 6529, 6530, 6531, 6532, 6533, 6534, 6535, 6536, 6538, 6540, 6542, 6544, 6545, 6546, 6547, 6548, 6549, 6550, 6551, 6552, 6553, 6554, 6555, 6556, 6557, 6558, 6590, 6591, 6592, 6593, 6596, 6597, 6598, 6599, 6600, 6601, 6602, 6603, 6608, 6609, 6610, 6611, 6612, 6613, 6614, 6615, 6616, 6617, 6620, 6621, 6632, 6633, 6634, 6637, 6638, 6639, 6640, 6645, 6646, 6648, 6650, 6651, 6690, 6691, 6692, 6693, 6722, 6723, 6725, 6726, 6727, 6728, 6729, 6730, 6731, 6732, 6735, 6736, 6737, 6739, 6740, 6743, 6746, 6747, 6748, 6750, 6753, 6754, 6755, 6756, 6759, 6762, 6765, 6766, 6768, 6769, 6770, 6771, 6772, 6773, 6775, 6776, 6777, 6778, 6779, 6780, 6781, 6782, 6784], "excluded_lines": [], "functions": {"_set_deploy_progress": {"executed_lines": [75], "summary": {"covered_lines": 1, "num_statements": 1, "percent_covered": 100.0, "percent_covered_display": "100", "missing_lines": 0, "excluded_lines": 0, "percent_statements_covered": 100.0, "percent_statements_covered_display": "100"}, "missing_lines": [], "excluded_lines": [], "start_line": 74}, "_get_deploy_progress_data": {"executed_lines": [79], "summary": {"covered_lines": 1, "num_statements": 1, "percent_covered": 100.0, "percent_covered_display": "100", "missing_lines": 0, "excluded_lines": 0, "percent_statements_covered": 100.0, "percent_statements_covered_display": "100"}, "missing_lines": [], "excluded_lines": [], "start_line": 78}, "_delete_deploy_progress": {"executed_lines": [83], "summary": {"covered_lines": 1, "num_statements": 1, "percent_covered": 100.0, "percent_covered_display": "100", "missing_lines": 0, "excluded_lines": 0, "percent_statements_covered": 100.0, "percent_statements_covered_display": "100"}, "missing_lines": [], "excluded_lines": [], "start_line": 82}, "_mark_deploy_cancelled": {"executed_lines": [87], "summary": {"covered_lines": 1, "num_statements": 1, "percent_covered": 100.0, "percent_covered_display": "100", "missing_lines": 0, "excluded_lines": 0, "percent_statements_covered": 100.0, "percent_statements_covered_display": "100"}, "missing_lines": [], "excluded_lines": [], "start_line": 86}, "_is_deploy_cancelled": {"executed_lines": [91], "summary": {"covered_lines": 1, "num_statements": 1, "percent_covered": 100.0, "percent_covered_display": "100", "missing_lines": 0, "excluded_lines": 0, "percent_statements_covered": 100.0, "percent_statements_covered_display": "100"}, "missing_lines": [], "excluded_lines": [], "start_line": 90}, "_clear_deploy_cancelled": {"executed_lines": [95], "summary": {"covered_lines": 1, "num_statements": 1, "percent_covered": 100.0, "percent_covered_display": "100", "missing_lines": 0, "excluded_lines": 0, "percent_statements_covered": 100.0, "percent_statements_covered_display": "100"}, "missing_lines": [], "excluded_lines": [], "start_line": 94}, "validate_topology_names": {"executed_lines": [100, 101, 102, 103, 104, 105, 106, 107, 108, 109, 110, 111, 112, 113, 115, 116, 117, 119, 120], "summary": {"covered_lines": 19, "num_statements": 19, "percent_covered": 100.0, "percent_covered_display": "100", "missing_lines": 0, "excluded_lines": 0, "percent_statements_covered": 100.0, "percent_statements_covered_display": "100"}, "missing_lines": [], "excluded_lines": [], "start_line": 98}, "validate_topology_ips": {"executed_lines": [125, 126, 128, 129, 130, 131, 132, 136, 137, 143, 144, 145, 146, 148, 149, 150, 151, 152, 153, 154, 155, 156, 157, 158, 161, 162, 163, 164, 165, 170, 171], "summary": {"covered_lines": 31, "num_statements": 31, "percent_covered": 100.0, "percent_covered_display": "100", "missing_lines": 0, "excluded_lines": 0, "percent_statements_covered": 100.0, "percent_statements_covered_display": "100"}, "missing_lines": [], "excluded_lines": [], "start_line": 123}, "validate_topology_passwords": {"executed_lines": [176, 177, 178, 179, 180, 181, 184], "summary": {"covered_lines": 7, "num_statements": 7, "percent_covered": 100.0, "percent_covered_display": "100", "missing_lines": 0, "excluded_lines": 0, "percent_statements_covered": 100.0, "percent_statements_covered_display": "100"}, "missing_lines": [], "excluded_lines": [], "start_line": 174}, "_update_deploy_progress": {"executed_lines": [190, 191, 192, 193, 194, 195, 196, 197, 199, 200, 201, 202, 203, 204, 205, 206], "summary": {"covered_lines": 16, "num_statements": 16, "percent_covered": 100.0, "percent_covered_display": "100", "missing_lines": 0, "excluded_lines": 0, "percent_statements_covered": 100.0, "percent_statements_covered_display": "100"}, "missing_lines": [], "excluded_lines": [], "start_line": 187}, "get_deploy_progress": {"executed_lines": [211, 212, 213, 214, 215, 217, 218, 219, 220, 221, 223, 224], "summary": {"covered_lines": 12, "num_statements": 12, "percent_covered": 100.0, "percent_covered_display": "100", "missing_lines": 0, "excluded_lines": 0, "percent_statements_covered": 100.0, "percent_statements_covered_display": "100"}, "missing_lines": [], "excluded_lines": [], "start_line": 209}, "_checkpoint": {"executed_lines": [229, 231, 232, 233, 234, 235, 236, 237], "summary": {"covered_lines": 8, "num_statements": 8, "percent_covered": 100.0, "percent_covered_display": "100", "missing_lines": 0, "excluded_lines": 0, "percent_statements_covered": 100.0, "percent_statements_covered_display": "100"}, "missing_lines": [], "excluded_lines": [], "start_line": 227}, "_should_skip": {"executed_lines": [242, 243, 244, 245, 246, 247], "summary": {"covered_lines": 6, "num_statements": 6, "percent_covered": 100.0, "percent_covered_display": "100", "missing_lines": 0, "excluded_lines": 0, "percent_statements_covered": 100.0, "percent_statements_covered_display": "100"}, "missing_lines": [], "excluded_lines": [], "start_line": 240}, "_get_network_lock": {"executed_lines": [255], "summary": {"covered_lines": 1, "num_statements": 1, "percent_covered": 100.0, "percent_covered_display": "100", "missing_lines": 0, "excluded_lines": 0, "percent_statements_covered": 100.0, "percent_statements_covered_display": "100"}, "missing_lines": [], "excluded_lines": [], "start_line": 254}, "_get_host_pool": {"executed_lines": [263, 264, 265, 267], "summary": {"covered_lines": 4, "num_statements": 4, "percent_covered": 100.0, "percent_covered_display": "100", "missing_lines": 0, "excluded_lines": 0, "percent_statements_covered": 100.0, "percent_statements_covered_display": "100"}, "missing_lines": [], "excluded_lines": [], "start_line": 261}, "_check_shared_cache": {"executed_lines": [272, 273, 274, 276, 285, 286, 287], "summary": {"covered_lines": 7, "num_statements": 7, "percent_covered": 100.0, "percent_covered_display": "100", "missing_lines": 0, "excluded_lines": 0, "percent_statements_covered": 100.0, "percent_statements_covered_display": "100"}, "missing_lines": [], "excluded_lines": [], "start_line": 270}, "_create_shared_cache_entry": {"executed_lines": [292, 294, 301, 302, 303], "summary": {"covered_lines": 5, "num_statements": 5, "percent_covered": 100.0, "percent_covered_display": "100", "missing_lines": 0, "excluded_lines": 0, "percent_statements_covered": 100.0, "percent_statements_covered_display": "100"}, "missing_lines": [], "excluded_lines": [], "start_line": 290}, "_mark_shared_cache_ready": {"executed_lines": [308, 310, 319, 320, 321, 322, 323], "summary": {"covered_lines": 7, "num_statements": 7, "percent_covered": 100.0, "percent_covered_display": "100", "missing_lines": 0, "excluded_lines": 0, "percent_statements_covered": 100.0, "percent_statements_covered_display": "100"}, "missing_lines": [], "excluded_lines": [], "start_line": 306}, "_mark_shared_cache_error": {"executed_lines": [328, 330, 339, 340, 341], "summary": {"covered_lines": 5, "num_statements": 5, "percent_covered": 100.0, "percent_covered_display": "100", "missing_lines": 0, "excluded_lines": 0, "percent_statements_covered": 100.0, "percent_statements_covered_display": "100"}, "missing_lines": [], "excluded_lines": [], "start_line": 326}, "_wait_for_shared_cache": {"executed_lines": [346, 348, 350, 351, 352, 353, 362, 363, 364, 365, 366, 367], "summary": {"covered_lines": 12, "num_statements": 12, "percent_covered": 100.0, "percent_covered_display": "100", "missing_lines": 0, "excluded_lines": 0, "percent_statements_covered": 100.0, "percent_statements_covered_display": "100"}, "missing_lines": [], "excluded_lines": [], "start_line": 344}, "_extract_vms": {"executed_lines": [375, 376, 377, 378, 379, 380, 401], "summary": {"covered_lines": 7, "num_statements": 7, "percent_covered": 100.0, "percent_covered_display": "100", "missing_lines": 0, "excluded_lines": 0, "percent_statements_covered": 100.0, "percent_statements_covered_display": "100"}, "missing_lines": [], "excluded_lines": [], "start_line": 373}, "_extract_containers": {"executed_lines": [406, 407, 408, 409, 410, 411, 432], "summary": {"covered_lines": 7, "num_statements": 7, "percent_covered": 100.0, "percent_covered_display": "100", "missing_lines": 0, "excluded_lines": 0, "percent_statements_covered": 100.0, "percent_statements_covered_display": "100"}, "missing_lines": [], "excluded_lines": [], "start_line": 404}, "_find_vm_networks": {"executed_lines": [439, 440, 441, 443, 444, 445, 447, 448, 449, 450, 451, 452, 454, 456, 457, 461, 462, 463, 464, 465, 466, 467, 468, 469, 472, 473, 475, 476, 477, 479, 484, 492, 494, 495, 497, 498, 507], "summary": {"covered_lines": 37, "num_statements": 37, "percent_covered": 100.0, "percent_covered_display": "100", "missing_lines": 0, "excluded_lines": 0, "percent_statements_covered": 100.0, "percent_statements_covered_display": "100"}, "missing_lines": [], "excluded_lines": [], "start_line": 435}, "_find_container_networks": {"executed_lines": [514, 515, 518, 519, 521, 525, 526, 527, 529, 530, 531, 532, 533, 534, 535, 536, 538, 539, 541, 542, 543, 544, 546, 549, 551, 562], "summary": {"covered_lines": 26, "num_statements": 26, "percent_covered": 100.0, "percent_covered_display": "100", "missing_lines": 0, "excluded_lines": 0, "percent_statements_covered": 100.0, "percent_statements_covered_display": "100"}, "missing_lines": [], "excluded_lines": [], "start_line": 510}, "_find_vm_name_by_ip": {"executed_lines": [567, 568, 569, 570, 571, 572, 573, 574], "summary": {"covered_lines": 8, "num_statements": 8, "percent_covered": 100.0, "percent_covered_display": "100", "missing_lines": 0, "excluded_lines": 0, "percent_statements_covered": 100.0, "percent_statements_covered_display": "100"}, "missing_lines": [], "excluded_lines": [], "start_line": 565}, "_find_vm_disks": {"executed_lines": [579, 580, 581, 583, 584, 585, 587, 588, 589, 590, 591, 592, 594, 596, 597, 599, 607, 608, 610, 613, 614, 615, 616, 617, 618, 619, 621, 636], "summary": {"covered_lines": 28, "num_statements": 28, "percent_covered": 100.0, "percent_covered_display": "100", "missing_lines": 0, "excluded_lines": 0, "percent_statements_covered": 100.0, "percent_statements_covered_display": "100"}, "missing_lines": [], "excluded_lines": [], "start_line": 577}, "_find_container_volumes": {"executed_lines": [643, 646, 647, 649, 650, 652, 653, 654, 655, 657, 658, 659, 660, 661, 662, 663, 664, 665, 667, 668, 670, 678, 679, 681, 682, 683, 684, 685, 695], "summary": {"covered_lines": 29, "num_statements": 29, "percent_covered": 100.0, "percent_covered_display": "100", "missing_lines": 0, "excluded_lines": 0, "percent_statements_covered": 100.0, "percent_statements_covered_display": "100"}, "missing_lines": [], "excluded_lines": [], "start_line": 639}, "_vm_domain_name": {"executed_lines": [702], "summary": {"covered_lines": 1, "num_statements": 1, "percent_covered": 100.0, "percent_covered_display": "100", "missing_lines": 0, "excluded_lines": 0, "percent_statements_covered": 100.0, "percent_statements_covered_display": "100"}, "missing_lines": [], "excluded_lines": [], "start_line": 701}, "_extract_bmc_config": {"executed_lines": [707, 708, 709, 713, 714, 716, 717, 719, 720, 721, 722, 723, 724, 732, 733, 736, 737, 738, 739, 740, 741, 742, 743, 744, 745, 746, 747, 748, 749, 750, 752, 753, 754, 755, 756, 757, 765], "summary": {"covered_lines": 37, "num_statements": 37, "percent_covered": 100.0, "percent_covered_display": "100", "missing_lines": 0, "excluded_lines": 0, "percent_statements_covered": 100.0, "percent_statements_covered_display": "100"}, "missing_lines": [], "excluded_lines": [], "start_line": 705}, "_setup_bmc_via_troshkad": {"executed_lines": [774, 776, 777, 778, 779, 781, 782, 783, 795, 796, 797, 798, 799, 800], "summary": {"covered_lines": 14, "num_statements": 14, "percent_covered": 100.0, "percent_covered_display": "100", "missing_lines": 0, "excluded_lines": 0, "percent_statements_covered": 100.0, "percent_statements_covered_display": "100"}, "missing_lines": [], "excluded_lines": [], "start_line": 772}, "_teardown_bmc_via_troshkad": {"executed_lines": [805, 807, 808, 809, 810], "summary": {"covered_lines": 5, "num_statements": 5, "percent_covered": 100.0, "percent_covered_display": "100", "missing_lines": 0, "excluded_lines": 0, "percent_statements_covered": 100.0, "percent_statements_covered_display": "100"}, "missing_lines": [], "excluded_lines": [], "start_line": 803}, "_vm_dir": {"executed_lines": [816, 817, 818], "summary": {"covered_lines": 3, "num_statements": 3, "percent_covered": 100.0, "percent_covered_display": "100", "missing_lines": 0, "excluded_lines": 0, "percent_statements_covered": 100.0, "percent_statements_covered_display": "100"}, "missing_lines": [], "excluded_lines": [], "start_line": 815}, "_disk_path": {"executed_lines": [824], "summary": {"covered_lines": 1, "num_statements": 1, "percent_covered": 100.0, "percent_covered_display": "100", "missing_lines": 0, "excluded_lines": 0, "percent_statements_covered": 100.0, "percent_statements_covered_display": "100"}, "missing_lines": [], "excluded_lines": [], "start_line": 821}, "_seed_path": {"executed_lines": [828], "summary": {"covered_lines": 1, "num_statements": 1, "percent_covered": 100.0, "percent_covered_display": "100", "missing_lines": 0, "excluded_lines": 0, "percent_statements_covered": 100.0, "percent_statements_covered_display": "100"}, "missing_lines": [], "excluded_lines": [], "start_line": 827}, "_image_cache_path": {"executed_lines": [832, 833, 834], "summary": {"covered_lines": 3, "num_statements": 3, "percent_covered": 100.0, "percent_covered_display": "100", "missing_lines": 0, "excluded_lines": 0, "percent_statements_covered": 100.0, "percent_statements_covered_display": "100"}, "missing_lines": [], "excluded_lines": [], "start_line": 831}, "_pattern_cache_path": {"executed_lines": [838], "summary": {"covered_lines": 1, "num_statements": 1, "percent_covered": 100.0, "percent_covered_display": "100", "missing_lines": 0, "excluded_lines": 0, "percent_statements_covered": 100.0, "percent_statements_covered_display": "100"}, "missing_lines": [], "excluded_lines": [], "start_line": 837}, "_snapshot_cache_path": {"executed_lines": [842], "summary": {"covered_lines": 1, "num_statements": 1, "percent_covered": 100.0, "percent_covered_display": "100", "missing_lines": 0, "excluded_lines": 0, "percent_statements_covered": 100.0, "percent_statements_covered_display": "100"}, "missing_lines": [], "excluded_lines": [], "start_line": 841}, "_resolve_boot_devs": {"executed_lines": [846, 847, 848, 850, 851, 852, 853, 857, 858, 859, 860, 861, 862, 863, 865, 866, 867, 868, 869, 870, 871, 872, 878, 879, 880, 881, 883, 884, 885], "summary": {"covered_lines": 29, "num_statements": 29, "percent_covered": 100.0, "percent_covered_display": "100", "missing_lines": 0, "excluded_lines": 0, "percent_statements_covered": 100.0, "percent_statements_covered_display": "100"}, "missing_lines": [], "excluded_lines": [], "start_line": 845}, "diff_topologies": {"executed_lines": [890, 891, 893, 894, 895, 896, 897, 899, 900, 901, 902, 903, 904, 906, 907, 908, 909, 910, 911, 913, 914, 915, 916, 919, 924, 925, 927], "summary": {"covered_lines": 27, "num_statements": 27, "percent_covered": 100.0, "percent_covered_display": "100", "missing_lines": 0, "excluded_lines": 0, "percent_statements_covered": 100.0, "percent_statements_covered_display": "100"}, "missing_lines": [], "excluded_lines": [], "start_line": 888}, "cache_library_images": {"executed_lines": [], "summary": {"covered_lines": 0, "num_statements": 188, "percent_covered": 0.0, "percent_covered_display": "0", "missing_lines": 188, "excluded_lines": 0, "percent_statements_covered": 0.0, "percent_statements_covered_display": "0"}, "missing_lines": [955, 956, 957, 958, 960, 961, 962, 965, 966, 967, 968, 969, 970, 971, 972, 973, 974, 975, 977, 985, 986, 992, 993, 994, 995, 996, 997, 1010, 1011, 1012, 1013, 1014, 1015, 1016, 1017, 1018, 1031, 1032, 1033, 1034, 1035, 1036, 1037, 1038, 1043, 1044, 1047, 1050, 1051, 1052, 1064, 1065, 1066, 1067, 1068, 1069, 1070, 1072, 1073, 1074, 1078, 1079, 1080, 1081, 1082, 1083, 1084, 1087, 1088, 1089, 1090, 1091, 1092, 1095, 1096, 1097, 1098, 1102, 1103, 1104, 1105, 1106, 1109, 1110, 1111, 1113, 1115, 1116, 1119, 1120, 1123, 1124, 1125, 1126, 1127, 1128, 1129, 1130, 1131, 1132, 1133, 1135, 1136, 1137, 1140, 1142, 1143, 1144, 1145, 1146, 1147, 1148, 1149, 1151, 1152, 1153, 1154, 1155, 1171, 1179, 1185, 1186, 1188, 1189, 1192, 1193, 1194, 1195, 1197, 1198, 1199, 1200, 1201, 1202, 1203, 1204, 1205, 1206, 1207, 1208, 1211, 1212, 1213, 1218, 1219, 1222, 1223, 1225, 1226, 1227, 1228, 1229, 1230, 1231, 1232, 1235, 1236, 1238, 1239, 1240, 1241, 1242, 1243, 1244, 1245, 1251, 1252, 1253, 1254, 1255, 1256, 1257, 1258, 1259, 1260, 1263, 1264, 1266, 1267, 1269, 1270, 1272, 1273, 1275, 1276, 1277, 1279, 1280], "excluded_lines": [], "start_line": 943}, "_setup_networks_via_troshkad": {"executed_lines": [], "summary": {"covered_lines": 0, "num_statements": 42, "percent_covered": 0.0, "percent_covered_display": "0", "missing_lines": 42, "excluded_lines": 0, "percent_statements_covered": 0.0, "percent_statements_covered_display": "0"}, "missing_lines": [1296, 1298, 1299, 1300, 1303, 1304, 1305, 1306, 1308, 1309, 1310, 1312, 1313, 1322, 1323, 1324, 1325, 1326, 1328, 1329, 1330, 1331, 1332, 1333, 1334, 1335, 1336, 1337, 1338, 1339, 1340, 1348, 1351, 1359, 1360, 1361, 1362, 1363, 1364, 1365, 1366, 1367], "excluded_lines": [], "start_line": 1290}, "_teardown_networks_via_troshkad": {"executed_lines": [1372, 1373, 1374, 1382, 1383, 1384], "summary": {"covered_lines": 6, "num_statements": 6, "percent_covered": 100.0, "percent_covered_display": "100", "missing_lines": 0, "excluded_lines": 0, "percent_statements_covered": 100.0, "percent_statements_covered_display": "100"}, "missing_lines": [], "excluded_lines": [], "start_line": 1370}, "_setup_pxe_via_troshkad": {"executed_lines": [1393, 1395, 1397, 1398, 1399, 1400, 1401, 1402, 1405, 1406, 1407, 1408, 1410, 1411, 1423, 1424, 1425, 1430, 1431], "summary": {"covered_lines": 19, "num_statements": 20, "percent_covered": 95.0, "percent_covered_display": "95", "missing_lines": 1, "excluded_lines": 0, "percent_statements_covered": 95.0, "percent_statements_covered_display": "95"}, "missing_lines": [1403], "excluded_lines": [], "start_line": 1387}, "_create_seed_isos_via_troshkad": {"executed_lines": [], "summary": {"covered_lines": 0, "num_statements": 28, "percent_covered": 0.0, "percent_covered_display": "0", "missing_lines": 28, "excluded_lines": 0, "percent_statements_covered": 0.0, "percent_statements_covered_display": "0"}, "missing_lines": [1436, 1438, 1439, 1440, 1441, 1442, 1443, 1444, 1445, 1447, 1448, 1449, 1450, 1451, 1453, 1458, 1459, 1460, 1461, 1463, 1464, 1466, 1467, 1468, 1469, 1470, 1473, 1474], "excluded_lines": [], "start_line": 1434}, "_create_vm_disks_via_troshkad": {"executed_lines": [], "summary": {"covered_lines": 0, "num_statements": 33, "percent_covered": 0.0, "percent_covered_display": "0", "missing_lines": 33, "excluded_lines": 0, "percent_statements_covered": 0.0, "percent_statements_covered_display": "0"}, "missing_lines": [1479, 1480, 1481, 1482, 1483, 1487, 1488, 1493, 1494, 1496, 1497, 1498, 1499, 1500, 1503, 1504, 1505, 1507, 1508, 1516, 1517, 1518, 1519, 1520, 1523, 1524, 1525, 1527, 1532, 1533, 1535, 1536, 1537], "excluded_lines": [], "start_line": 1477}, "_create_vm_via_troshkad": {"executed_lines": [], "summary": {"covered_lines": 0, "num_statements": 42, "percent_covered": 0.0, "percent_covered_display": "0", "missing_lines": 42, "excluded_lines": 0, "percent_statements_covered": 0.0, "percent_statements_covered_display": "0"}, "missing_lines": [1551, 1552, 1553, 1556, 1557, 1558, 1559, 1560, 1561, 1562, 1565, 1573, 1574, 1577, 1580, 1581, 1590, 1591, 1592, 1593, 1594, 1595, 1598, 1599, 1600, 1601, 1602, 1603, 1605, 1606, 1607, 1609, 1610, 1611, 1612, 1614, 1627, 1628, 1629, 1630, 1632, 1633], "excluded_lines": [], "start_line": 1540}, "_setup_metadata_via_troshkad": {"executed_lines": [1638, 1640, 1641, 1642, 1643, 1645, 1646, 1647, 1648, 1649, 1650, 1651, 1652, 1653, 1654, 1660, 1661, 1663, 1664, 1666, 1667, 1677, 1678, 1679, 1680], "summary": {"covered_lines": 25, "num_statements": 26, "percent_covered": 96.15384615384616, "percent_covered_display": "96", "missing_lines": 1, "excluded_lines": 0, "percent_statements_covered": 96.15384615384616, "percent_statements_covered_display": "96"}, "missing_lines": [1644], "excluded_lines": [], "start_line": 1636}, "_start_vms_via_troshkad": {"executed_lines": [1688, 1689, 1690, 1692, 1693, 1694, 1695, 1696, 1697, 1698, 1699, 1700, 1705, 1706, 1707, 1708, 1709, 1710, 1711, 1712, 1713, 1714, 1715, 1718, 1719, 1720, 1721, 1723, 1724, 1725, 1726, 1727, 1732, 1733, 1734, 1735, 1736, 1737, 1738, 1739, 1740, 1741, 1742, 1743, 1744, 1745, 1747], "summary": {"covered_lines": 47, "num_statements": 47, "percent_covered": 100.0, "percent_covered_display": "100", "missing_lines": 0, "excluded_lines": 0, "percent_statements_covered": 100.0, "percent_statements_covered_display": "100"}, "missing_lines": [], "excluded_lines": [], "start_line": 1685}, "_project_deleted": {"executed_lines": [1752, 1753, 1755, 1756, 1757, 1759], "summary": {"covered_lines": 6, "num_statements": 6, "percent_covered": 100.0, "percent_covered_display": "100", "missing_lines": 0, "excluded_lines": 0, "percent_statements_covered": 100.0, "percent_statements_covered_display": "100"}, "missing_lines": [], "excluded_lines": [], "start_line": 1750}, "_auto_assign_container_ips": {"executed_lines": [1768, 1769, 1770, 1773, 1775, 1776, 1777, 1778, 1779, 1780, 1781, 1784, 1785, 1786, 1787, 1788, 1789, 1790, 1791, 1792, 1793, 1794, 1795, 1797, 1798, 1800, 1801, 1802, 1804, 1805, 1806, 1807, 1808, 1809, 1810, 1811, 1812, 1813, 1814, 1820], "summary": {"covered_lines": 40, "num_statements": 40, "percent_covered": 100.0, "percent_covered_display": "100", "missing_lines": 0, "excluded_lines": 0, "percent_statements_covered": 100.0, "percent_statements_covered_display": "100"}, "missing_lines": [], "excluded_lines": [], "start_line": 1762}, "_collect_used_ips": {"executed_lines": [1825, 1826, 1827, 1828, 1829, 1830, 1831, 1832, 1833, 1834, 1835, 1836, 1837, 1838, 1839, 1840], "summary": {"covered_lines": 16, "num_statements": 16, "percent_covered": 100.0, "percent_covered_display": "100", "missing_lines": 0, "excluded_lines": 0, "percent_statements_covered": 100.0, "percent_statements_covered_display": "100"}, "missing_lines": [], "excluded_lines": [], "start_line": 1823}, "_get_dhcp_range": {"executed_lines": [1848, 1849, 1850, 1851, 1852, 1853, 1854, 1855, 1856, 1857, 1858, 1859, 1860, 1861, 1862, 1863, 1864, 1865, 1869, 1870, 1871], "summary": {"covered_lines": 21, "num_statements": 21, "percent_covered": 100.0, "percent_covered_display": "100", "missing_lines": 0, "excluded_lines": 0, "percent_statements_covered": 100.0, "percent_statements_covered_display": "100"}, "missing_lines": [], "excluded_lines": [], "start_line": 1843}, "_create_and_start_container": {"executed_lines": [1876, 1877, 1878, 1880, 1908, 1909, 1911, 1912], "summary": {"covered_lines": 8, "num_statements": 8, "percent_covered": 100.0, "percent_covered_display": "100", "missing_lines": 0, "excluded_lines": 0, "percent_statements_covered": 100.0, "percent_statements_covered_display": "100"}, "missing_lines": [], "excluded_lines": [], "start_line": 1874}, "_create_and_start_pod": {"executed_lines": [1917, 1918, 1919, 1921, 1923, 1931, 1976, 1977, 1979, 1980, 1981], "summary": {"covered_lines": 11, "num_statements": 11, "percent_covered": 100.0, "percent_covered_display": "100", "missing_lines": 0, "excluded_lines": 0, "percent_statements_covered": 100.0, "percent_statements_covered_display": "100"}, "missing_lines": [], "excluded_lines": [], "start_line": 1915}, "_create_and_start_pod._resolve_mounts": {"executed_lines": [1924, 1925, 1929], "summary": {"covered_lines": 3, "num_statements": 6, "percent_covered": 50.0, "percent_covered_display": "50", "missing_lines": 3, "excluded_lines": 0, "percent_statements_covered": 50.0, "percent_statements_covered_display": "50"}, "missing_lines": [1926, 1927, 1928], "excluded_lines": [], "start_line": 1923}, "_setup_kubevirt_s3_clients": {"executed_lines": [1991, 1997, 1998, 2000, 2007, 2008, 2010, 2011, 2012, 2013, 2014, 2021, 2022, 2024], "summary": {"covered_lines": 14, "num_statements": 14, "percent_covered": 100.0, "percent_covered_display": "100", "missing_lines": 0, "excluded_lines": 0, "percent_statements_covered": 100.0, "percent_statements_covered_display": "100"}, "missing_lines": [], "excluded_lines": [], "start_line": 1989}, "_qcow2_virtual_size_gb_s3": {"executed_lines": [2038, 2039, 2040, 2041, 2043, 2046, 2047, 2048, 2049, 2050, 2051, 2052], "summary": {"covered_lines": 12, "num_statements": 12, "percent_covered": 100.0, "percent_covered_display": "100", "missing_lines": 0, "excluded_lines": 0, "percent_statements_covered": 100.0, "percent_statements_covered_display": "100"}, "missing_lines": [], "excluded_lines": [], "start_line": 2036}, "_check_central_source": {"executed_lines": [2059, 2060, 2061, 2062, 2063, 2064, 2065, 2066, 2069, 2070, 2071], "summary": {"covered_lines": 11, "num_statements": 11, "percent_covered": 100.0, "percent_covered_display": "100", "missing_lines": 0, "excluded_lines": 0, "percent_statements_covered": 100.0, "percent_statements_covered_display": "100"}, "missing_lines": [], "excluded_lines": [], "start_line": 2055}, "_resolve_pattern_disk": {"executed_lines": [2078, 2080, 2081, 2082, 2087, 2088, 2090, 2091, 2094, 2095, 2096, 2102, 2108, 2109], "summary": {"covered_lines": 14, "num_statements": 14, "percent_covered": 100.0, "percent_covered_display": "100", "missing_lines": 0, "excluded_lines": 0, "percent_statements_covered": 100.0, "percent_statements_covered_display": "100"}, "missing_lines": [], "excluded_lines": [], "start_line": 2074}, "_resolve_library_disk": {"executed_lines": [2116, 2118, 2119, 2120, 2121, 2123, 2124, 2125, 2134, 2135, 2136], "summary": {"covered_lines": 11, "num_statements": 11, "percent_covered": 100.0, "percent_covered_display": "100", "missing_lines": 0, "excluded_lines": 0, "percent_statements_covered": 100.0, "percent_statements_covered_display": "100"}, "missing_lines": [], "excluded_lines": [], "start_line": 2112}, "_resolve_disk_s3_paths": {"executed_lines": [2155, 2156, 2157, 2158, 2159, 2160, 2170, 2171], "summary": {"covered_lines": 8, "num_statements": 8, "percent_covered": 100.0, "percent_covered_display": "100", "missing_lines": 0, "excluded_lines": 0, "percent_statements_covered": 100.0, "percent_statements_covered_display": "100"}, "missing_lines": [], "excluded_lines": [], "start_line": 2144}, "_build_clone_name_map": {"executed_lines": [2185, 2186, 2187, 2188, 2189, 2190, 2191, 2192, 2193, 2194, 2195, 2196, 2197, 2198, 2200, 2201, 2202, 2203, 2204], "summary": {"covered_lines": 19, "num_statements": 19, "percent_covered": 100.0, "percent_covered_display": "100", "missing_lines": 0, "excluded_lines": 0, "percent_statements_covered": 100.0, "percent_statements_covered_display": "100"}, "missing_lines": [], "excluded_lines": [], "start_line": 2183}, "_format_import_progress": {"executed_lines": [2209, 2210, 2211, 2212, 2213, 2214, 2215, 2216, 2217, 2218, 2219, 2220, 2221, 2222, 2223, 2224, 2225, 2226, 2227, 2228, 2229, 2230, 2231], "summary": {"covered_lines": 23, "num_statements": 23, "percent_covered": 100.0, "percent_covered_display": "100", "missing_lines": 0, "excluded_lines": 0, "percent_statements_covered": 100.0, "percent_statements_covered_display": "100"}, "missing_lines": [], "excluded_lines": [], "start_line": 2207}, "_format_dv_status_line": {"executed_lines": [2236, 2237, 2239, 2240, 2241, 2242, 2243, 2244, 2245, 2246, 2247, 2248, 2249, 2257, 2258, 2259, 2260, 2261], "summary": {"covered_lines": 18, "num_statements": 18, "percent_covered": 100.0, "percent_covered_display": "100", "missing_lines": 0, "excluded_lines": 0, "percent_statements_covered": 100.0, "percent_statements_covered_display": "100"}, "missing_lines": [], "excluded_lines": [], "start_line": 2234}, "_best_dv_status": {"executed_lines": [2266, 2268, 2274, 2275, 2276, 2277, 2278, 2279, 2280, 2281], "summary": {"covered_lines": 10, "num_statements": 10, "percent_covered": 100.0, "percent_covered_display": "100", "missing_lines": 0, "excluded_lines": 0, "percent_statements_covered": 100.0, "percent_statements_covered_display": "100"}, "missing_lines": [], "excluded_lines": [], "start_line": 2264}, "_best_dv_status._rank": {"executed_lines": [2269, 2270, 2271, 2272], "summary": {"covered_lines": 4, "num_statements": 4, "percent_covered": 100.0, "percent_covered_display": "100", "missing_lines": 0, "excluded_lines": 0, "percent_statements_covered": 100.0, "percent_statements_covered_display": "100"}, "missing_lines": [], "excluded_lines": [], "start_line": 2268}, "_fill_missing_disk_labels": {"executed_lines": [2286, 2287, 2288, 2292, 2293, 2294], "summary": {"covered_lines": 6, "num_statements": 6, "percent_covered": 100.0, "percent_covered_display": "100", "missing_lines": 0, "excluded_lines": 0, "percent_statements_covered": 100.0, "percent_statements_covered_display": "100"}, "missing_lines": [], "excluded_lines": [], "start_line": 2284}, "_collect_dv_progress": {"executed_lines": [2299, 2301, 2303, 2304, 2305, 2306, 2307, 2308, 2309, 2310, 2314, 2315, 2316, 2317, 2318, 2319, 2325, 2326, 2327, 2329, 2330, 2331, 2332, 2333, 2334, 2335, 2336, 2337, 2338, 2339, 2340, 2342, 2344, 2345, 2346, 2347, 2348, 2349], "summary": {"covered_lines": 38, "num_statements": 38, "percent_covered": 100.0, "percent_covered_display": "100", "missing_lines": 0, "excluded_lines": 0, "percent_statements_covered": 100.0, "percent_statements_covered_display": "100"}, "missing_lines": [], "excluded_lines": [], "start_line": 2297}, "_compute_deploy_step": {"executed_lines": [2354, 2355, 2356, 2357, 2359, 2360, 2364, 2365], "summary": {"covered_lines": 8, "num_statements": 8, "percent_covered": 100.0, "percent_covered_display": "100", "missing_lines": 0, "excluded_lines": 0, "percent_statements_covered": 100.0, "percent_statements_covered_display": "100"}, "missing_lines": [], "excluded_lines": [], "start_line": 2352}, "_resolve_deploy_step": {"executed_lines": [2372, 2373, 2374, 2375, 2376, 2377, 2378, 2379, 2380, 2381, 2382, 2383, 2384, 2385], "summary": {"covered_lines": 14, "num_statements": 14, "percent_covered": 100.0, "percent_covered_display": "100", "missing_lines": 0, "excluded_lines": 0, "percent_statements_covered": 100.0, "percent_statements_covered_display": "100"}, "missing_lines": [], "excluded_lines": [], "start_line": 2368}, "_finalize_kubevirt_deploy": {"executed_lines": [2390, 2392, 2393, 2394, 2395, 2396, 2397, 2398, 2399, 2400, 2401, 2414, 2415, 2416, 2417, 2418, 2419, 2420, 2421, 2422, 2423, 2424, 2425, 2426], "summary": {"covered_lines": 24, "num_statements": 24, "percent_covered": 100.0, "percent_covered_display": "100", "missing_lines": 0, "excluded_lines": 0, "percent_statements_covered": 100.0, "percent_statements_covered_display": "100"}, "missing_lines": [], "excluded_lines": [], "start_line": 2388}, "_handle_kubevirt_deploy_error": {"executed_lines": [2431, 2434, 2435, 2436, 2437, 2438], "summary": {"covered_lines": 6, "num_statements": 6, "percent_covered": 100.0, "percent_covered_display": "100", "missing_lines": 0, "excluded_lines": 0, "percent_statements_covered": 100.0, "percent_statements_covered_display": "100"}, "missing_lines": [], "excluded_lines": [], "start_line": 2429}, "_push_kubevirt_deploy_progress": {"executed_lines": [2448, 2449, 2450, 2451, 2452, 2453, 2454, 2455, 2456, 2457], "summary": {"covered_lines": 10, "num_statements": 10, "percent_covered": 100.0, "percent_covered_display": "100", "missing_lines": 0, "excluded_lines": 0, "percent_statements_covered": 100.0, "percent_statements_covered_display": "100"}, "missing_lines": [], "excluded_lines": [], "start_line": 2444}, "_poll_kubevirt_deploy": {"executed_lines": [2470, 2472, 2474, 2475, 2476, 2477, 2479, 2480, 2481, 2482, 2483, 2484, 2485, 2486, 2487, 2492, 2493, 2494, 2495, 2499, 2500, 2501, 2503, 2504, 2507], "summary": {"covered_lines": 25, "num_statements": 36, "percent_covered": 69.44444444444444, "percent_covered_display": "69", "missing_lines": 11, "excluded_lines": 0, "percent_statements_covered": 69.44444444444444, "percent_statements_covered_display": "69"}, "missing_lines": [2478, 2488, 2489, 2490, 2509, 2513, 2516, 2517, 2518, 2519, 2520], "excluded_lines": [], "start_line": 2468}, "_deploy_kubevirt_native": {"executed_lines": [], "summary": {"covered_lines": 0, "num_statements": 115, "percent_covered": 0.0, "percent_covered_display": "0", "missing_lines": 115, "excluded_lines": 0, "percent_statements_covered": 0.0, "percent_statements_covered_display": "0"}, "missing_lines": [2532, 2533, 2534, 2536, 2537, 2538, 2539, 2540, 2541, 2543, 2545, 2556, 2568, 2569, 2571, 2572, 2573, 2578, 2589, 2591, 2592, 2593, 2594, 2595, 2596, 2597, 2598, 2599, 2600, 2601, 2602, 2604, 2605, 2615, 2617, 2618, 2619, 2620, 2621, 2622, 2623, 2624, 2628, 2629, 2630, 2631, 2632, 2634, 2635, 2636, 2637, 2638, 2639, 2641, 2642, 2643, 2644, 2645, 2646, 2647, 2651, 2652, 2654, 2655, 2656, 2663, 2664, 2667, 2670, 2674, 2675, 2676, 2679, 2680, 2682, 2683, 2684, 2685, 2690, 2691, 2692, 2693, 2696, 2697, 2698, 2699, 2700, 2707, 2708, 2709, 2711, 2717, 2720, 2721, 2726, 2727, 2728, 2729, 2731, 2736, 2737, 2742, 2743, 2748, 2756, 2757, 2758, 2759, 2761, 2762, 2763, 2764, 2772, 2774, 2780], "excluded_lines": [], "start_line": 2530}, "deploy_project_async": {"executed_lines": [], "summary": {"covered_lines": 0, "num_statements": 17, "percent_covered": 0.0, "percent_covered_display": "0", "missing_lines": 17, "excluded_lines": 0, "percent_statements_covered": 0.0, "percent_statements_covered_display": "0"}, "missing_lines": [2787, 2788, 2789, 2790, 2792, 2793, 2794, 2795, 2796, 2797, 2798, 2799, 2801, 2802, 2803, 2804, 2806], "excluded_lines": [], "start_line": 2783}, "_deploy_project_inner": {"executed_lines": [], "summary": {"covered_lines": 0, "num_statements": 577, "percent_covered": 0.0, "percent_covered_display": "0", "missing_lines": 577, "excluded_lines": 0, "percent_statements_covered": 0.0, "percent_statements_covered_display": "0"}, "missing_lines": [2812, 2813, 2814, 2815, 2818, 2820, 2821, 2822, 2823, 2824, 2825, 2826, 2827, 2831, 2836, 2837, 2842, 2843, 2844, 2845, 2846, 2847, 2850, 2851, 2852, 2854, 2855, 2856, 2860, 2861, 2862, 2863, 2864, 2866, 2869, 2870, 2871, 2872, 2880, 2882, 2883, 2884, 2885, 2887, 2888, 2889, 2890, 2892, 2893, 2894, 2895, 2898, 2899, 2900, 2902, 2903, 2906, 2907, 2908, 2909, 2910, 2913, 2914, 2915, 2921, 2923, 2928, 2929, 2930, 2931, 2932, 2933, 2934, 2935, 2937, 2938, 2942, 2943, 2944, 2945, 2946, 2947, 2948, 2949, 2950, 2951, 2952, 2958, 2959, 2961, 2966, 2967, 2969, 2971, 2972, 2974, 2975, 2977, 2978, 2979, 2980, 2981, 2982, 2987, 2988, 2989, 2990, 2991, 3005, 3006, 3010, 3011, 3013, 3014, 3018, 3021, 3022, 3023, 3024, 3025, 3029, 3032, 3033, 3034, 3035, 3036, 3037, 3038, 3041, 3043, 3044, 3045, 3046, 3047, 3048, 3050, 3051, 3052, 3053, 3054, 3056, 3057, 3058, 3059, 3060, 3061, 3062, 3069, 3070, 3071, 3072, 3073, 3076, 3077, 3078, 3080, 3085, 3086, 3087, 3088, 3089, 3098, 3103, 3104, 3105, 3112, 3117, 3118, 3125, 3126, 3128, 3129, 3132, 3133, 3136, 3137, 3138, 3139, 3140, 3141, 3145, 3146, 3147, 3148, 3150, 3151, 3152, 3153, 3155, 3156, 3157, 3160, 3161, 3167, 3168, 3169, 3172, 3176, 3177, 3178, 3180, 3181, 3182, 3183, 3184, 3185, 3186, 3187, 3188, 3189, 3190, 3191, 3192, 3193, 3194, 3195, 3196, 3205, 3214, 3221, 3222, 3229, 3230, 3231, 3233, 3234, 3237, 3238, 3239, 3240, 3243, 3244, 3245, 3247, 3248, 3251, 3252, 3255, 3256, 3257, 3259, 3264, 3267, 3268, 3271, 3272, 3273, 3276, 3277, 3278, 3279, 3281, 3282, 3283, 3284, 3285, 3287, 3290, 3291, 3292, 3293, 3294, 3295, 3296, 3297, 3298, 3299, 3300, 3301, 3302, 3303, 3304, 3305, 3309, 3314, 3315, 3316, 3317, 3318, 3319, 3320, 3322, 3323, 3325, 3327, 3328, 3329, 3331, 3333, 3336, 3341, 3353, 3356, 3361, 3364, 3367, 3370, 3371, 3372, 3373, 3375, 3376, 3377, 3378, 3379, 3381, 3382, 3384, 3385, 3388, 3389, 3392, 3397, 3398, 3405, 3406, 3409, 3410, 3411, 3412, 3413, 3421, 3422, 3425, 3426, 3427, 3430, 3434, 3435, 3436, 3446, 3447, 3449, 3450, 3453, 3454, 3457, 3458, 3459, 3460, 3463, 3464, 3465, 3466, 3467, 3470, 3473, 3474, 3475, 3478, 3479, 3488, 3489, 3490, 3491, 3494, 3495, 3496, 3499, 3500, 3501, 3504, 3505, 3506, 3507, 3508, 3509, 3510, 3511, 3512, 3513, 3514, 3515, 3516, 3517, 3518, 3519, 3520, 3521, 3522, 3523, 3524, 3528, 3529, 3530, 3534, 3535, 3539, 3540, 3544, 3554, 3555, 3556, 3557, 3558, 3559, 3560, 3561, 3562, 3563, 3565, 3566, 3569, 3570, 3571, 3572, 3573, 3574, 3579, 3580, 3583, 3584, 3585, 3586, 3587, 3589, 3592, 3593, 3594, 3595, 3596, 3599, 3600, 3601, 3602, 3603, 3604, 3605, 3606, 3607, 3610, 3611, 3614, 3618, 3619, 3620, 3621, 3622, 3623, 3624, 3625, 3626, 3627, 3628, 3629, 3636, 3641, 3642, 3643, 3646, 3647, 3648, 3649, 3650, 3653, 3654, 3655, 3658, 3659, 3662, 3665, 3666, 3667, 3668, 3669, 3670, 3671, 3672, 3673, 3674, 3675, 3676, 3677, 3681, 3686, 3687, 3688, 3689, 3693, 3697, 3698, 3701, 3702, 3705, 3706, 3707, 3708, 3715, 3716, 3718, 3719, 3720, 3721, 3722, 3723, 3724, 3726, 3727, 3728, 3736, 3737, 3739, 3740, 3741, 3742, 3743, 3746, 3747, 3748, 3749, 3752, 3755, 3756, 3757, 3758, 3761, 3764, 3765, 3766, 3768, 3771, 3772, 3778, 3779, 3780, 3781, 3782, 3783, 3785, 3786, 3787, 3793, 3800, 3801, 3804, 3806, 3807, 3814, 3815, 3816, 3817, 3830, 3832, 3833, 3851, 3852, 3855, 3856, 3858, 3859, 3860, 3861, 3862, 3863, 3865, 3866, 3867, 3868, 3869, 3870, 3871, 3872, 3873, 3874, 3875, 3876, 3877, 3878, 3880, 3888, 3889, 3890, 3898, 3899, 3901, 3902, 3903], "excluded_lines": [], "start_line": 2809}, "_deploy_project_inner._deploy_dl_progress": {"executed_lines": [], "summary": {"covered_lines": 0, "num_statements": 1, "percent_covered": 0.0, "percent_covered_display": "0", "missing_lines": 1, "excluded_lines": 0, "percent_statements_covered": 0.0, "percent_statements_covered_display": "0"}, "missing_lines": [3260], "excluded_lines": [], "start_line": 3259}, "_clean_kubelet_certs": {"executed_lines": [], "summary": {"covered_lines": 0, "num_statements": 83, "percent_covered": 0.0, "percent_covered_display": "0", "missing_lines": 83, "excluded_lines": 0, "percent_statements_covered": 0.0, "percent_statements_covered_display": "0"}, "missing_lines": [3917, 3918, 3919, 3920, 3922, 3924, 3925, 3926, 3927, 3928, 3931, 3932, 3940, 3941, 3942, 3943, 3944, 3945, 3946, 3953, 3954, 3961, 3962, 3968, 3969, 3970, 3971, 3972, 3974, 3976, 3977, 3978, 3979, 3980, 3983, 3984, 3985, 3986, 3987, 3992, 3993, 3994, 3995, 3996, 3997, 4000, 4001, 4002, 4003, 4005, 4006, 4007, 4010, 4016, 4017, 4018, 4019, 4020, 4023, 4029, 4030, 4032, 4037, 4038, 4039, 4040, 4044, 4045, 4050, 4052, 4055, 4056, 4059, 4060, 4063, 4064, 4065, 4072, 4075, 4076, 4077, 4078, 4081], "excluded_lines": [], "start_line": 3906}, "_is_ocp_topology": {"executed_lines": [4090, 4091], "summary": {"covered_lines": 2, "num_statements": 2, "percent_covered": 100.0, "percent_covered_display": "100", "missing_lines": 0, "excluded_lines": 0, "percent_statements_covered": 100.0, "percent_statements_covered_display": "100"}, "missing_lines": [], "excluded_lines": [], "start_line": 4089}, "_has_ocp_monitor": {"executed_lines": [4100], "summary": {"covered_lines": 1, "num_statements": 1, "percent_covered": 100.0, "percent_covered_display": "100", "missing_lines": 0, "excluded_lines": 0, "percent_statements_covered": 100.0, "percent_statements_covered_display": "100"}, "missing_lines": [], "excluded_lines": [], "start_line": 4098}, "_is_pattern_deploy": {"executed_lines": [4109], "summary": {"covered_lines": 1, "num_statements": 1, "percent_covered": 100.0, "percent_covered_display": "100", "missing_lines": 0, "excluded_lines": 0, "percent_statements_covered": 100.0, "percent_statements_covered_display": "100"}, "missing_lines": [], "excluded_lines": [], "start_line": 4108}, "_parse_node_readiness": {"executed_lines": [4121, 4122, 4123, 4124, 4125, 4126, 4127, 4128, 4129, 4130, 4131, 4132, 4133, 4134], "summary": {"covered_lines": 14, "num_statements": 14, "percent_covered": 100.0, "percent_covered_display": "100", "missing_lines": 0, "excluded_lines": 0, "percent_statements_covered": 100.0, "percent_statements_covered_display": "100"}, "missing_lines": [], "excluded_lines": [], "start_line": 4116}, "_parse_operator_status": {"executed_lines": [4142, 4143, 4144, 4145, 4146, 4147, 4148, 4149, 4150, 4151, 4152, 4153, 4154, 4155, 4156, 4157, 4158, 4160, 4161], "summary": {"covered_lines": 19, "num_statements": 19, "percent_covered": 100.0, "percent_covered_display": "100", "missing_lines": 0, "excluded_lines": 0, "percent_statements_covered": 100.0, "percent_statements_covered_display": "100"}, "missing_lines": [], "excluded_lines": [], "start_line": 4137}, "_is_api_error": {"executed_lines": [4166, 4167, 4168, 4169], "summary": {"covered_lines": 4, "num_statements": 4, "percent_covered": 100.0, "percent_covered_display": "100", "missing_lines": 0, "excluded_lines": 0, "percent_statements_covered": 100.0, "percent_statements_covered_display": "100"}, "missing_lines": [], "excluded_lines": [], "start_line": 4164}, "_resolve_monitor_context": {"executed_lines": [], "summary": {"covered_lines": 0, "num_statements": 29, "percent_covered": 0.0, "percent_covered_display": "0", "missing_lines": 29, "excluded_lines": 0, "percent_statements_covered": 0.0, "percent_statements_covered_display": "0"}, "missing_lines": [4177, 4178, 4180, 4181, 4182, 4183, 4188, 4194, 4195, 4196, 4197, 4198, 4199, 4200, 4206, 4207, 4208, 4209, 4212, 4213, 4214, 4215, 4216, 4217, 4218, 4219, 4221, 4222, 4224], "excluded_lines": [], "start_line": 4172}, "_start_vm_monitor": {"executed_lines": [4232, 4233, 4234, 4235, 4236, 4237, 4238, 4243, 4244, 4245, 4246, 4247, 4253, 4254], "summary": {"covered_lines": 14, "num_statements": 14, "percent_covered": 100.0, "percent_covered_display": "100", "missing_lines": 0, "excluded_lines": 0, "percent_statements_covered": 100.0, "percent_statements_covered_display": "100"}, "missing_lines": [], "excluded_lines": [], "start_line": 4227}, "maybe_start_ocp_health_monitor": {"executed_lines": [], "summary": {"covered_lines": 0, "num_statements": 13, "percent_covered": 0.0, "percent_covered_display": "0", "missing_lines": 13, "excluded_lines": 0, "percent_statements_covered": 0.0, "percent_statements_covered_display": "0"}, "missing_lines": [4259, 4260, 4261, 4262, 4263, 4265, 4266, 4267, 4268, 4269, 4270, 4271, 4272], "excluded_lines": [], "start_line": 4257}, "_exec_oc": {"executed_lines": [], "summary": {"covered_lines": 0, "num_statements": 28, "percent_covered": 0.0, "percent_covered_display": "0", "missing_lines": 28, "excluded_lines": 0, "percent_statements_covered": 0.0, "percent_statements_covered_display": "0"}, "missing_lines": [4279, 4280, 4281, 4283, 4284, 4285, 4286, 4287, 4288, 4290, 4291, 4292, 4294, 4295, 4296, 4297, 4299, 4316, 4318, 4320, 4322, 4331, 4332, 4333, 4334, 4335, 4338, 4339], "excluded_lines": [], "start_line": 4277}, "_is_ocpvirt_host": {"executed_lines": [4347, 4348, 4349, 4350, 4352, 4353, 4354, 4355, 4357, 4358, 4359], "summary": {"covered_lines": 11, "num_statements": 11, "percent_covered": 100.0, "percent_covered_display": "100", "missing_lines": 0, "excluded_lines": 0, "percent_statements_covered": 100.0, "percent_statements_covered_display": "100"}, "missing_lines": [], "excluded_lines": [], "start_line": 4345}, "_exec_on_bastion": {"executed_lines": [], "summary": {"covered_lines": 0, "num_statements": 9, "percent_covered": 0.0, "percent_covered_display": "0", "missing_lines": 9, "excluded_lines": 0, "percent_statements_covered": 0.0, "percent_statements_covered_display": "0"}, "missing_lines": [4374, 4375, 4378, 4379, 4380, 4381, 4383, 4384, 4387], "excluded_lines": [], "start_line": 4362}, "_exec_on_bastion_kubevirt": {"executed_lines": [], "summary": {"covered_lines": 0, "num_statements": 27, "percent_covered": 0.0, "percent_covered_display": "0", "missing_lines": 27, "excluded_lines": 0, "percent_statements_covered": 0.0, "percent_statements_covered_display": "0"}, "missing_lines": [4393, 4395, 4396, 4397, 4399, 4400, 4401, 4403, 4404, 4405, 4407, 4409, 4415, 4416, 4417, 4418, 4419, 4421, 4436, 4448, 4449, 4450, 4451, 4459, 4460, 4461, 4462], "excluded_lines": [], "start_line": 4392}, "_exec_on_bastion_troshkad": {"executed_lines": [4466, 4468, 4469, 4481, 4482, 4483, 4484, 4485, 4486, 4494, 4495, 4496, 4497, 4498, 4499], "summary": {"covered_lines": 15, "num_statements": 15, "percent_covered": 100.0, "percent_covered_display": "100", "missing_lines": 0, "excluded_lines": 0, "percent_statements_covered": 100.0, "percent_statements_covered_display": "100"}, "missing_lines": [], "excluded_lines": [], "start_line": 4465}, "_verify_bastion_browser": {"executed_lines": [], "summary": {"covered_lines": 0, "num_statements": 16, "percent_covered": 0.0, "percent_covered_display": "0", "missing_lines": 16, "excluded_lines": 0, "percent_statements_covered": 0.0, "percent_statements_covered_display": "0"}, "missing_lines": [4513, 4515, 4516, 4531, 4537, 4543, 4544, 4545, 4546, 4548, 4551, 4552, 4553, 4554, 4556, 4557], "excluded_lines": [], "start_line": 4502}, "_apply_bastion_browser_fixes": {"executed_lines": [4562, 4563, 4564, 4565, 4566, 4567, 4568, 4569, 4570, 4571, 4572, 4573, 4574], "summary": {"covered_lines": 13, "num_statements": 13, "percent_covered": 100.0, "percent_covered_display": "100", "missing_lines": 0, "excluded_lines": 0, "percent_statements_covered": 100.0, "percent_statements_covered_display": "100"}, "missing_lines": [], "excluded_lines": [], "start_line": 4560}, "_approve_pending_csrs": {"executed_lines": [], "summary": {"covered_lines": 0, "num_statements": 14, "percent_covered": 0.0, "percent_covered_display": "0", "missing_lines": 14, "excluded_lines": 0, "percent_statements_covered": 0.0, "percent_statements_covered_display": "0"}, "missing_lines": [4579, 4587, 4588, 4589, 4590, 4591, 4592, 4593, 4594, 4595, 4596, 4597, 4605, 4610], "excluded_lines": [], "start_line": 4577}, "_monitor_ocp_health": {"executed_lines": [], "summary": {"covered_lines": 0, "num_statements": 8, "percent_covered": 0.0, "percent_covered_display": "0", "missing_lines": 8, "excluded_lines": 0, "percent_statements_covered": 0.0, "percent_statements_covered_display": "0"}, "missing_lines": [4616, 4618, 4619, 4620, 4621, 4622, 4624, 4625], "excluded_lines": [], "start_line": 4613}, "_monitor_ocp_vm_health": {"executed_lines": [], "summary": {"covered_lines": 0, "num_statements": 9, "percent_covered": 0.0, "percent_covered_display": "0", "missing_lines": 9, "excluded_lines": 0, "percent_statements_covered": 0.0, "percent_statements_covered_display": "0"}, "missing_lines": [4641, 4643, 4644, 4645, 4646, 4649, 4650, 4652, 4653], "excluded_lines": [], "start_line": 4628}, "_extract_bastion_info": {"executed_lines": [4658, 4666, 4667, 4668, 4669, 4670, 4671, 4672, 4673, 4674], "summary": {"covered_lines": 10, "num_statements": 10, "percent_covered": 100.0, "percent_covered_display": "100", "missing_lines": 0, "excluded_lines": 0, "percent_statements_covered": 100.0, "percent_statements_covered_display": "100"}, "missing_lines": [], "excluded_lines": [], "start_line": 4656}, "_approve_csrs_if_due": {"executed_lines": [4679, 4681, 4682, 4683, 4684, 4685, 4686, 4687], "summary": {"covered_lines": 8, "num_statements": 8, "percent_covered": 100.0, "percent_covered_display": "100", "missing_lines": 0, "excluded_lines": 0, "percent_statements_covered": 100.0, "percent_statements_covered_display": "100"}, "missing_lines": [], "excluded_lines": [], "start_line": 4677}, "_ocp_vm_wait_for_operators": {"executed_lines": [], "summary": {"covered_lines": 0, "num_statements": 14, "percent_covered": 0.0, "percent_covered_display": "0", "missing_lines": 14, "excluded_lines": 0, "percent_statements_covered": 0.0, "percent_statements_covered_display": "0"}, "missing_lines": [4692, 4694, 4695, 4696, 4697, 4700, 4701, 4702, 4703, 4704, 4709, 4710, 4712, 4713], "excluded_lines": [], "start_line": 4690}, "_ocp_vm_poll_with_csrs": {"executed_lines": [], "summary": {"covered_lines": 0, "num_statements": 15, "percent_covered": 0.0, "percent_covered_display": "0", "missing_lines": 15, "excluded_lines": 0, "percent_statements_covered": 0.0, "percent_statements_covered_display": "0"}, "missing_lines": [4718, 4721, 4722, 4723, 4724, 4725, 4726, 4727, 4728, 4729, 4730, 4731, 4733, 4734, 4737], "excluded_lines": [], "start_line": 4716}, "_check_vm_route_http": {"executed_lines": [4742, 4752], "summary": {"covered_lines": 2, "num_statements": 2, "percent_covered": 100.0, "percent_covered_display": "100", "missing_lines": 0, "excluded_lines": 0, "percent_statements_covered": 100.0, "percent_statements_covered_display": "100"}, "missing_lines": [], "excluded_lines": [], "start_line": 4740}, "_is_route_ready": {"executed_lines": [4757], "summary": {"covered_lines": 1, "num_statements": 1, "percent_covered": 100.0, "percent_covered_display": "100", "missing_lines": 0, "excluded_lines": 0, "percent_statements_covered": 100.0, "percent_statements_covered_display": "100"}, "missing_lines": [], "excluded_lines": [], "start_line": 4755}, "_http_suffix": {"executed_lines": [4762], "summary": {"covered_lines": 1, "num_statements": 1, "percent_covered": 100.0, "percent_covered_display": "100", "missing_lines": 0, "excluded_lines": 0, "percent_statements_covered": 100.0, "percent_statements_covered_display": "100"}, "missing_lines": [], "excluded_lines": [], "start_line": 4760}, "_check_vm_console_and_oauth": {"executed_lines": [4767, 4768, 4769, 4770, 4771, 4772, 4773, 4774, 4775, 4776, 4777, 4778, 4779], "summary": {"covered_lines": 13, "num_statements": 13, "percent_covered": 100.0, "percent_covered_display": "100", "missing_lines": 0, "excluded_lines": 0, "percent_statements_covered": 100.0, "percent_statements_covered_display": "100"}, "missing_lines": [], "excluded_lines": [], "start_line": 4765}, "_ocp_vm_wait_for_console": {"executed_lines": [], "summary": {"covered_lines": 0, "num_statements": 15, "percent_covered": 0.0, "percent_covered_display": "0", "missing_lines": 15, "excluded_lines": 0, "percent_statements_covered": 0.0, "percent_statements_covered_display": "0"}, "missing_lines": [4784, 4786, 4787, 4788, 4789, 4792, 4793, 4794, 4795, 4796, 4797, 4798, 4799, 4800, 4801], "excluded_lines": [], "start_line": 4782}, "_configure_bastion_and_cleanup": {"executed_lines": [], "summary": {"covered_lines": 0, "num_statements": 14, "percent_covered": 0.0, "percent_covered_display": "0", "missing_lines": 14, "excluded_lines": 0, "percent_statements_covered": 0.0, "percent_statements_covered_display": "0"}, "missing_lines": [4817, 4818, 4821, 4823, 4824, 4825, 4839, 4840, 4849, 4850, 4851, 4852, 4855, 4856], "excluded_lines": [], "start_line": 4804}, "_setup_bastion_kubeconfig": {"executed_lines": [], "summary": {"covered_lines": 0, "num_statements": 8, "percent_covered": 0.0, "percent_covered_display": "0", "missing_lines": 8, "excluded_lines": 0, "percent_statements_covered": 0.0, "percent_statements_covered_display": "0"}, "missing_lines": [4865, 4866, 4867, 4868, 4870, 4871, 4880, 4881], "excluded_lines": [], "start_line": 4861}, "_make_oc_and_csr_helpers": {"executed_lines": [], "summary": {"covered_lines": 0, "num_statements": 3, "percent_covered": 0.0, "percent_covered_display": "0", "missing_lines": 3, "excluded_lines": 0, "percent_statements_covered": 0.0, "percent_statements_covered_display": "0"}, "missing_lines": [4889, 4899, 4919], "excluded_lines": [], "start_line": 4884}, "_make_oc_and_csr_helpers._oc": {"executed_lines": [], "summary": {"covered_lines": 0, "num_statements": 1, "percent_covered": 0.0, "percent_covered_display": "0", "missing_lines": 1, "excluded_lines": 0, "percent_statements_covered": 0.0, "percent_statements_covered_display": "0"}, "missing_lines": [4890], "excluded_lines": [], "start_line": 4889}, "_make_oc_and_csr_helpers._approve_csrs": {"executed_lines": [], "summary": {"covered_lines": 0, "num_statements": 9, "percent_covered": 0.0, "percent_covered_display": "0", "missing_lines": 9, "excluded_lines": 0, "percent_statements_covered": 0.0, "percent_statements_covered_display": "0"}, "missing_lines": [4900, 4901, 4902, 4903, 4908, 4909, 4910, 4911, 4917], "excluded_lines": [], "start_line": 4899}, "_ocp_vm_wait_for_api": {"executed_lines": [], "summary": {"covered_lines": 0, "num_statements": 13, "percent_covered": 0.0, "percent_covered_display": "0", "missing_lines": 13, "excluded_lines": 0, "percent_statements_covered": 0.0, "percent_statements_covered_display": "0"}, "missing_lines": [4923, 4925, 4926, 4927, 4928, 4929, 4930, 4931, 4932, 4933, 4934, 4935, 4936], "excluded_lines": [], "start_line": 4922}, "_ocp_vm_restart_ingress": {"executed_lines": [], "summary": {"covered_lines": 0, "num_statements": 2, "percent_covered": 0.0, "percent_covered_display": "0", "missing_lines": 2, "excluded_lines": 0, "percent_statements_covered": 0.0, "percent_statements_covered_display": "0"}, "missing_lines": [4940, 4941], "excluded_lines": [], "start_line": 4939}, "_ocp_vm_final_csr_sweep": {"executed_lines": [], "summary": {"covered_lines": 0, "num_statements": 7, "percent_covered": 0.0, "percent_covered_display": "0", "missing_lines": 7, "excluded_lines": 0, "percent_statements_covered": 0.0, "percent_statements_covered_display": "0"}, "missing_lines": [4948, 4950, 4951, 4952, 4953, 4954, 4955], "excluded_lines": [], "start_line": 4947}, "_ocp_vm_health_inner": {"executed_lines": [], "summary": {"covered_lines": 0, "num_statements": 35, "percent_covered": 0.0, "percent_covered_display": "0", "missing_lines": 35, "excluded_lines": 0, "percent_statements_covered": 0.0, "percent_statements_covered_display": "0"}, "missing_lines": [4961, 4963, 4964, 4966, 4972, 4973, 4974, 4980, 4982, 4983, 4984, 4990, 4991, 4993, 4995, 4999, 5013, 5014, 5016, 5017, 5022, 5024, 5027, 5031, 5032, 5034, 5035, 5037, 5038, 5039, 5040, 5041, 5044, 5057, 5058], "excluded_lines": [], "start_line": 4958}, "_ocp_vm_health_inner._elapsed": {"executed_lines": [], "summary": {"covered_lines": 0, "num_statements": 2, "percent_covered": 0.0, "percent_covered_display": "0", "missing_lines": 2, "excluded_lines": 0, "percent_statements_covered": 0.0, "percent_statements_covered_display": "0"}, "missing_lines": [4996, 4997], "excluded_lines": [], "start_line": 4995}, "_ocp_vm_health_inner._push": {"executed_lines": [], "summary": {"covered_lines": 0, "num_statements": 5, "percent_covered": 0.0, "percent_covered_display": "0", "missing_lines": 5, "excluded_lines": 0, "percent_statements_covered": 0.0, "percent_statements_covered_display": "0"}, "missing_lines": [5000, 5001, 5008, 5009, 5010], "excluded_lines": [], "start_line": 4999}, "_ocp_update_status": {"executed_lines": [5068, 5069, 5070, 5072, 5073, 5074, 5075, 5076, 5077, 5078, 5079, 5080, 5081], "summary": {"covered_lines": 13, "num_statements": 13, "percent_covered": 100.0, "percent_covered_display": "100", "missing_lines": 0, "excluded_lines": 0, "percent_statements_covered": 100.0, "percent_statements_covered_display": "100"}, "missing_lines": [], "excluded_lines": [], "start_line": 5066}, "_extract_dns_domain": {"executed_lines": [5086, 5087, 5088, 5089, 5090, 5091, 5092, 5093], "summary": {"covered_lines": 8, "num_statements": 8, "percent_covered": 100.0, "percent_covered_display": "100", "missing_lines": 0, "excluded_lines": 0, "percent_statements_covered": 100.0, "percent_statements_covered_display": "100"}, "missing_lines": [], "excluded_lines": [], "start_line": 5084}, "_ocp_extract_topology_info": {"executed_lines": [5098, 5100, 5108, 5109, 5110, 5111, 5112, 5113, 5114, 5115, 5117, 5122, 5124, 5126], "summary": {"covered_lines": 14, "num_statements": 14, "percent_covered": 100.0, "percent_covered_display": "100", "missing_lines": 0, "excluded_lines": 0, "percent_statements_covered": 100.0, "percent_statements_covered_display": "100"}, "missing_lines": [], "excluded_lines": [], "start_line": 5096}, "_ocp_wait_for_bastion_ssh": {"executed_lines": [5133, 5135, 5136, 5138, 5139, 5140, 5141, 5142, 5146, 5147, 5148, 5150, 5151, 5152, 5155, 5156, 5160, 5161], "summary": {"covered_lines": 18, "num_statements": 20, "percent_covered": 90.0, "percent_covered_display": "90", "missing_lines": 2, "excluded_lines": 0, "percent_statements_covered": 90.0, "percent_statements_covered_display": "90"}, "missing_lines": [5157, 5158], "excluded_lines": [], "start_line": 5129}, "_ocp_wait_for_direct_oc": {"executed_lines": [5166, 5168, 5169, 5170, 5171, 5172, 5173, 5179, 5180], "summary": {"covered_lines": 9, "num_statements": 13, "percent_covered": 69.23076923076923, "percent_covered_display": "69", "missing_lines": 4, "excluded_lines": 0, "percent_statements_covered": 69.23076923076923, "percent_statements_covered_display": "69"}, "missing_lines": [5174, 5175, 5176, 5177], "excluded_lines": [], "start_line": 5164}, "_detect_install_phases": {"executed_lines": [5185, 5191, 5192, 5193, 5195, 5205, 5206, 5207, 5209, 5210, 5211, 5212, 5213, 5214, 5215], "summary": {"covered_lines": 15, "num_statements": 15, "percent_covered": 100.0, "percent_covered_display": "100", "missing_lines": 0, "excluded_lines": 0, "percent_statements_covered": 100.0, "percent_statements_covered_display": "100"}, "missing_lines": [], "excluded_lines": [], "start_line": 5183}, "_ocp_parse_install_phases": {"executed_lines": [5222, 5224, 5227, 5230, 5235, 5237], "summary": {"covered_lines": 6, "num_statements": 6, "percent_covered": 100.0, "percent_covered_display": "100", "missing_lines": 0, "excluded_lines": 0, "percent_statements_covered": 100.0, "percent_statements_covered_display": "100"}, "missing_lines": [], "excluded_lines": [], "start_line": 5218}, "_classify_node_msg": {"executed_lines": [5242, 5243, 5244, 5245, 5250, 5251, 5252, 5253, 5254, 5255, 5256, 5257, 5258, 5259, 5260, 5261], "summary": {"covered_lines": 16, "num_statements": 16, "percent_covered": 100.0, "percent_covered_display": "100", "missing_lines": 0, "excluded_lines": 0, "percent_statements_covered": 100.0, "percent_statements_covered_display": "100"}, "missing_lines": [], "excluded_lines": [], "start_line": 5240}, "_line_mentions_host": {"executed_lines": [5266], "summary": {"covered_lines": 1, "num_statements": 1, "percent_covered": 100.0, "percent_covered_display": "100", "missing_lines": 0, "excluded_lines": 0, "percent_statements_covered": 100.0, "percent_statements_covered_display": "100"}, "missing_lines": [], "excluded_lines": [], "start_line": 5264}, "_update_node_status_from_line": {"executed_lines": [5271, 5272, 5273, 5274
[...]
54, 456, 457, 461, 462, 463, 464, 465, 466, 467, 468, 469, 472, 473, 475, 476, 477, 479, 484, 492, 494, 495, 497, 498, 507, 510, 514, 515, 518, 519, 521, 525, 526, 527, 529, 530, 531, 532, 533, 534, 535, 536, 538, 539, 541, 542, 543, 544, 546, 549, 551, 562, 565, 567, 568, 569, 570, 571, 572, 573, 574, 577, 579, 580, 581, 583, 584, 585, 587, 588, 589, 590, 591, 592, 594, 596, 597, 599, 607, 608, 610, 613, 614, 615, 616, 617, 618, 619, 621, 636, 639, 643, 646, 647, 649, 650, 652, 653, 654, 655, 657, 658, 659, 660, 661, 662, 663, 664, 665, 667, 668, 670, 678, 679, 681, 682, 683, 684, 685, 695, 701, 702, 705, 707, 708, 709, 713, 714, 716, 717, 719, 720, 721, 722, 723, 724, 732, 733, 736, 737, 738, 739, 740, 741, 742, 743, 744, 745, 746, 747, 748, 749, 750, 752, 753, 754, 755, 756, 757, 765, 772, 774, 776, 777, 778, 779, 781, 782, 783, 795, 796, 797, 798, 799, 800, 803, 805, 807, 808, 809, 810, 815, 816, 817, 818, 821, 824, 827, 828, 831, 832, 833, 834, 837, 838, 841, 842, 845, 846, 847, 848, 850, 851, 852, 853, 857, 858, 859, 860, 861, 862, 863, 865, 866, 867, 868, 869, 870, 871, 872, 878, 879, 880, 881, 883, 884, 885, 888, 890, 891, 893, 894, 895, 896, 897, 899, 900, 901, 902, 903, 904, 906, 907, 908, 909, 910, 911, 913, 914, 915, 916, 919, 924, 925, 927, 943, 1290, 1370, 1372, 1373, 1374, 1382, 1383, 1384, 1387, 1393, 1395, 1397, 1398, 1399, 1400, 1401, 1402, 1405, 1406, 1407, 1408, 1410, 1411, 1423, 1424, 1425, 1430, 1431, 1434, 1477, 1540, 1636, 1638, 1640, 1641, 1642, 1643, 1645, 1646, 1647, 1648, 1649, 1650, 1651, 1652, 1653, 1654, 1660, 1661, 1663, 1664, 1666, 1667, 1677, 1678, 1679, 1680, 1685, 1688, 1689, 1690, 1692, 1693, 1694, 1695, 1696, 1697, 1698, 1699, 1700, 1705, 1706, 1707, 1708, 1709, 1710, 1711, 1712, 1713, 1714, 1715, 1718, 1719, 1720, 1721, 1723, 1724, 1725, 1726, 1727, 1732, 1733, 1734, 1735, 1736, 1737, 1738, 1739, 1740, 1741, 1742, 1743, 1744, 1745, 1747, 1750, 1752, 1753, 1755, 1756, 1757, 1759, 1762, 1768, 1769, 1770, 1773, 1775, 1776, 1777, 1778, 1779, 1780, 1781, 1784, 1785, 1786, 1787, 1788, 1789, 1790, 1791, 1792, 1793, 1794, 1795, 1797, 1798, 1800, 1801, 1802, 1804, 1805, 1806, 1807, 1808, 1809, 1810, 1811, 1812, 1813, 1814, 1820, 1823, 1825, 1826, 1827, 1828, 1829, 1830, 1831, 1832, 1833, 1834, 1835, 1836, 1837, 1838, 1839, 1840, 1843, 1848, 1849, 1850, 1851, 1852, 1853, 1854, 1855, 1856, 1857, 1858, 1859, 1860, 1861, 1862, 1863, 1864, 1865, 1869, 1870, 1871, 1874, 1876, 1877, 1878, 1880, 1908, 1909, 1911, 1912, 1915, 1917, 1918, 1919, 1921, 1923, 1924, 1925, 1929, 1931, 1976, 1977, 1979, 1980, 1981, 1989, 1991, 1997, 1998, 2000, 2007, 2008, 2010, 2011, 2012, 2013, 2014, 2021, 2022, 2024, 2036, 2038, 2039, 2040, 2041, 2043, 2046, 2047, 2048, 2049, 2050, 2051, 2052, 2055, 2059, 2060, 2061, 2062, 2063, 2064, 2065, 2066, 2069, 2070, 2071, 2074, 2078, 2080, 2081, 2082, 2087, 2088, 2090, 2091, 2094, 2095, 2096, 2102, 2108, 2109, 2112, 2116, 2118, 2119, 2120, 2121, 2123, 2124, 2125, 2134, 2135, 2136, 2144, 2155, 2156, 2157, 2158, 2159, 2160, 2170, 2171, 2183, 2185, 2186, 2187, 2188, 2189, 2190, 2191, 2192, 2193, 2194, 2195, 2196, 2197, 2198, 2200, 2201, 2202, 2203, 2204, 2207, 2209, 2210, 2211, 2212, 2213, 2214, 2215, 2216, 2217, 2218, 2219, 2220, 2221, 2222, 2223, 2224, 2225, 2226, 2227, 2228, 2229, 2230, 2231, 2234, 2236, 2237, 2239, 2240, 2241, 2242, 2243, 2244, 2245, 2246, 2247, 2248, 2249, 2257, 2258, 2259, 2260, 2261, 2264, 2266, 2268, 2269, 2270, 2271, 2272, 2274, 2275, 2276, 2277, 2278, 2279, 2280, 2281, 2284, 2286, 2287, 2288, 2292, 2293, 2294, 2297, 2299, 2301, 2303, 2304, 2305, 2306, 2307, 2308, 2309, 2310, 2314, 2315, 2316, 2317, 2318, 2319, 2325, 2326, 2327, 2329, 2330, 2331, 2332, 2333, 2334, 2335, 2336, 2337, 2338, 2339, 2340, 2342, 2344, 2345, 2346, 2347, 2348, 2349, 2352, 2354, 2355, 2356, 2357, 2359, 2360, 2364, 2365, 2368, 2372, 2373, 2374, 2375, 2376, 2377, 2378, 2379, 2380, 2381, 2382, 2383, 2384, 2385, 2388, 2390, 2392, 2393, 2394, 2395, 2396, 2397, 2398, 2399, 2400, 2401, 2414, 2415, 2416, 2417, 2418, 2419, 2420, 2421, 2422, 2423, 2424, 2425, 2426, 2429, 2431, 2434, 2435, 2436, 2437, 2438, 2444, 2448, 2449, 2450, 2451, 2452, 2453, 2454, 2455, 2456, 2457, 2468, 2470, 2472, 2474, 2475, 2476, 2477, 2479, 2480, 2481, 2482, 2483, 2484, 2485, 2486, 2487, 2492, 2493, 2494, 2495, 2499, 2500, 2501, 2503, 2504, 2507, 2530, 2783, 2809, 3906, 4089, 4090, 4091, 4098, 4100, 4108, 4109, 4116, 4121, 4122, 4123, 4124, 4125, 4126, 4127, 4128, 4129, 4130, 4131, 4132, 4133, 4134, 4137, 4142, 4143, 4144, 4145, 4146, 4147, 4148, 4149, 4150, 4151, 4152, 4153, 4154, 4155, 4156, 4157, 4158, 4160, 4161, 4164, 4166, 4167, 4168, 4169, 4172, 4227, 4232, 4233, 4234, 4235, 4236, 4237, 4238, 4243, 4244, 4245, 4246, 4247, 4253, 4254, 4257, 4277, 4342, 4345, 4347, 4348, 4349, 4350, 4352, 4353, 4354, 4355, 4357, 4358, 4359, 4362, 4392, 4465, 4466, 4468, 4469, 4481, 4482, 4483, 4484, 4485, 4486, 4494, 4495, 4496, 4497, 4498, 4499, 4502, 4560, 4562, 4563, 4564, 4565, 4566, 4567, 4568, 4569, 4570, 4571, 4572, 4573, 4574, 4577, 4613, 4628, 4656, 4658, 4666, 4667, 4668, 4669, 4670, 4671, 4672, 4673, 4674, 4677, 4679, 4681, 4682, 4683, 4684, 4685, 4686, 4687, 4690, 4716, 4740, 4742, 4752, 4755, 4757, 4760, 4762, 4765, 4767, 4768, 4769, 4770, 4771, 4772, 4773, 4774, 4775, 4776, 4777, 4778, 4779, 4782, 4804, 4861, 4884, 4922, 4939, 4947, 4958, 5066, 5068, 5069, 5070, 5072, 5073, 5074, 5075, 5076, 5077, 5078, 5079, 5080, 5081, 5084, 5086, 5087, 5088, 5089, 5090, 5091, 5092, 5093, 5096, 5098, 5100, 5108, 5109, 5110, 5111, 5112, 5113, 5114, 5115, 5117, 5122, 5124, 5126, 5129, 5133, 5135, 5136, 5138, 5139, 5140, 5141, 5142, 5146, 5147, 5148, 5150, 5151, 5152, 5155, 5156, 5160, 5161, 5164, 5166, 5168, 5169, 5170, 5171, 5172, 5173, 5179, 5180, 5183, 5185, 5191, 5192, 5193, 5195, 5205, 5206, 5207, 5209, 5210, 5211, 5212, 5213, 5214, 5215, 5218, 5222, 5224, 5227, 5230, 5235, 5237, 5240, 5242, 5243, 5244, 5245, 5250, 5251, 5252, 5253, 5254, 5255, 5256, 5257, 5258, 5259, 5260, 5261, 5264, 5266, 5269, 5271, 5272, 5273, 5274, 5275, 5276, 5277, 5278, 5280, 5283, 5285, 5286, 5287, 5288, 5291, 5293, 5294, 5295, 5296, 5297, 5300, 5302, 5303, 5304, 5305, 5306, 5307, 5308, 5311, 5313, 5316, 5318, 5319, 5320, 5321, 5322, 5323, 5324, 5325, 5326, 5328, 5329, 5330, 5331, 5333, 5334, 5335, 5337, 5338, 5340, 5343, 5345, 5346, 5347, 5348, 5349, 5350, 5351, 5352, 5353, 5354, 5355, 5358, 5360, 5361, 5362, 5366, 5367, 5371, 5372, 5373, 5374, 5375, 5376, 5378, 5379, 5381, 5382, 5383, 5384, 5385, 5386, 5388, 5391, 5393, 5394, 5395, 5396, 5397, 5398, 5399, 5400, 5403, 5405, 5406, 5409, 5410, 5411, 5414, 5416, 5417, 5418, 5419, 5420, 5421, 5422, 5423, 5424, 5425, 5426, 5427, 5430, 5434, 5435, 5436, 5437, 5438, 5441, 5443, 5450, 5451, 5454, 5455, 5458, 5460, 5461, 5462, 5463, 5464, 5465, 5466, 5467, 5468, 5471, 5473, 5474, 5475, 5476, 5477, 5478, 5479, 5481, 5484, 5486, 5488, 5489, 5490, 5491, 5501, 5502, 5503, 5504, 5505, 5508, 5510, 5515, 5516, 5517, 5518, 5519, 5521, 5526, 5527, 5533, 5534, 5535, 5536, 5537, 5538, 5540, 5543, 5604, 5639, 5679, 5681, 5683, 5684, 5695, 5696, 5699, 5704, 5705, 5708, 5719, 5720, 5723, 5728, 5729, 5731, 5732, 5735, 5791, 5848, 5850, 5851, 5852, 5853, 5854, 5855, 5856, 5858, 5859, 5860, 5863, 5868, 5910, 5927, 5937, 5946, 5947, 5948, 5949, 5952, 5954, 5955, 5958, 5961, 6059, 6193, 6470, 6471, 6472, 6474, 6475, 6476, 6477, 6478, 6479, 6480, 6481, 6483, 6486, 6487, 6488, 6490, 6491, 6492, 6493, 6494, 6495, 6496, 6497, 6506, 6509, 6518, 6561, 6563, 6564, 6565, 6566, 6567, 6568, 6570, 6571, 6572, 6577, 6578, 6579, 6580, 6581, 6582, 6587, 6654, 6656, 6657, 6658, 6660, 6665, 6666, 6667, 6668, 6669, 6670, 6671, 6672, 6673, 6674, 6698, 6700, 6701, 6702, 6704, 6705, 6706, 6707, 6708, 6709, 6710, 6711, 6712, 6713, 6720], "summary": {"covered_lines": 1556, "num_statements": 3501, "percent_covered": 44.44444444444444, "percent_covered_display": "44", "missing_lines": 1945, "excluded_lines": 0, "percent_statements_covered": 44.44444444444444, "percent_statements_covered_display": "44"}, "missing_lines": [955, 956, 957, 958, 960, 961, 962, 965, 966, 967, 968, 969, 970, 971, 972, 973, 974, 975, 977, 985, 986, 992, 993, 994, 995, 996, 997, 1010, 1011, 1012, 1013, 1014, 1015, 1016, 1017, 1018, 1031, 1032, 1033, 1034, 1035, 1036, 1037, 1038, 1043, 1044, 1047, 1050, 1051, 1052, 1064, 1065, 1066, 1067, 1068, 1069, 1070, 1072, 1073, 1074, 1078, 1079, 1080, 1081, 1082, 1083, 1084, 1087, 1088, 1089, 1090, 1091, 1092, 1095, 1096, 1097, 1098, 1102, 1103, 1104, 1105, 1106, 1109, 1110, 1111, 1113, 1115, 1116, 1119, 1120, 1123, 1124, 1125, 1126, 1127, 1128, 1129, 1130, 1131, 1132, 1133, 1135, 1136, 1137, 1140, 1142, 1143, 1144, 1145, 1146, 1147, 1148, 1149, 1151, 1152, 1153, 1154, 1155, 1171, 1179, 1185, 1186, 1188, 1189, 1192, 1193, 1194, 1195, 1197, 1198, 1199, 1200, 1201, 1202, 1203, 1204, 1205, 1206, 1207, 1208, 1211, 1212, 1213, 1218, 1219, 1222, 1223, 1225, 1226, 1227, 1228, 1229, 1230, 1231, 1232, 1235, 1236, 1238, 1239, 1240, 1241, 1242, 1243, 1244, 1245, 1251, 1252, 1253, 1254, 1255, 1256, 1257, 1258, 1259, 1260, 1263, 1264, 1266, 1267, 1269, 1270, 1272, 1273, 1275, 1276, 1277, 1279, 1280, 1296, 1298, 1299, 1300, 1303, 1304, 1305, 1306, 1308, 1309, 1310, 1312, 1313, 1322, 1323, 1324, 1325, 1326, 1328, 1329, 1330, 1331, 1332, 1333, 1334, 1335, 1336, 1337, 1338, 1339, 1340, 1348, 1351, 1359, 1360, 1361, 1362, 1363, 1364, 1365, 1366, 1367, 1403, 1436, 1438, 1439, 1440, 1441, 1442, 1443, 1444, 1445, 1447, 1448, 1449, 1450, 1451, 1453, 1458, 1459, 1460, 1461, 1463, 1464, 1466, 1467, 1468, 1469, 1470, 1473, 1474, 1479, 1480, 1481, 1482, 1483, 1487, 1488, 1493, 1494, 1496, 1497, 1498, 1499, 1500, 1503, 1504, 1505, 1507, 1508, 1516, 1517, 1518, 1519, 1520, 1523, 1524, 1525, 1527, 1532, 1533, 1535, 1536, 1537, 1551, 1552, 1553, 1556, 1557, 1558, 1559, 1560, 1561, 1562, 1565, 1573, 1574, 1577, 1580, 1581, 1590, 1591, 1592, 1593, 1594, 1595, 1598, 1599, 1600, 1601, 1602, 1603, 1605, 1606, 1607, 1609, 1610, 1611, 1612, 1614, 1627, 1628, 1629, 1630, 1632, 1633, 1644, 1926, 1927, 1928, 2478, 2488, 2489, 2490, 2509, 2513, 2516, 2517, 2518, 2519, 2520, 2532, 2533, 2534, 2536, 2537, 2538, 2539, 2540, 2541, 2543, 2545, 2556, 2568, 2569, 2571, 2572, 2573, 2578, 2589, 2591, 2592, 2593, 2594, 2595, 2596, 2597, 2598, 2599, 2600, 2601, 2602, 2604, 2605, 2615, 2617, 2618, 2619, 2620, 2621, 2622, 2623, 2624, 2628, 2629, 2630, 2631, 2632, 2634, 2635, 2636, 2637, 2638, 2639, 2641, 2642, 2643, 2644, 2645, 2646, 2647, 2651, 2652, 2654, 2655, 2656, 2663, 2664, 2667, 2670, 2674, 2675, 2676, 2679, 2680, 2682, 2683, 2684, 2685, 2690, 2691, 2692, 2693, 2696, 2697, 2698, 2699, 2700, 2707, 2708, 2709, 2711, 2717, 2720, 2721, 2726, 2727, 2728, 2729, 2731, 2736, 2737, 2742, 2743, 2748, 2756, 2757, 2758, 2759, 2761, 2762, 2763, 2764, 2772, 2774, 2780, 2787, 2788, 2789, 2790, 2792, 2793, 2794, 2795, 2796, 2797, 2798, 2799, 2801, 2802, 2803, 2804, 2806, 2812, 2813, 2814, 2815, 2818, 2820, 2821, 2822, 2823, 2824, 2825, 2826, 2827, 2831, 2836, 2837, 2842, 2843, 2844, 2845, 2846, 2847, 2850, 2851, 2852, 2854, 2855, 2856, 2860, 2861, 2862, 2863, 2864, 2866, 2869, 2870, 2871, 2872, 2880, 2882, 2883, 2884, 2885, 2887, 2888, 2889, 2890, 2892, 2893, 2894, 2895, 2898, 2899, 2900, 2902, 2903, 2906, 2907, 2908, 2909, 2910, 2913, 2914, 2915, 2921, 2923, 2928, 2929, 2930, 2931, 2932, 2933, 2934, 2935, 2937, 2938, 2942, 2943, 2944, 2945, 2946, 2947, 2948, 2949, 2950, 2951, 2952, 2958, 2959, 2961, 2966, 2967, 2969, 2971, 2972, 2974, 2975, 2977, 2978, 2979, 2980, 2981, 2982, 2987, 2988, 2989, 2990, 2991, 3005, 3006, 3010, 3011, 3013, 3014, 3018, 3021, 3022, 3023, 3024, 3025, 3029, 3032, 3033, 3034, 3035, 3036, 3037, 3038, 3041, 3043, 3044, 3045, 3046, 3047, 3048, 3050, 3051, 3052, 3053, 3054, 3056, 3057, 3058, 3059, 3060, 3061, 3062, 3069, 3070, 3071, 3072, 3073, 3076, 3077, 3078, 3080, 3085, 3086, 3087, 3088, 3089, 3098, 3103, 3104, 3105, 3112, 3117, 3118, 3125, 3126, 3128, 3129, 3132, 3133, 3136, 3137, 3138, 3139, 3140, 3141, 3145, 3146, 3147, 3148, 3150, 3151, 3152, 3153, 3155, 3156, 3157, 3160, 3161, 3167, 3168, 3169, 3172, 3176, 3177, 3178, 3180, 3181, 3182, 3183, 3184, 3185, 3186, 3187, 3188, 3189, 3190, 3191, 3192, 3193, 3194, 3195, 3196, 3205, 3214, 3221, 3222, 3229, 3230, 3231, 3233, 3234, 3237, 3238, 3239, 3240, 3243, 3244, 3245, 3247, 3248, 3251, 3252, 3255, 3256, 3257, 3259, 3260, 3264, 3267, 3268, 3271, 3272, 3273, 3276, 3277, 3278, 3279, 3281, 3282, 3283, 3284, 3285, 3287, 3290, 3291, 3292, 3293, 3294, 3295, 3296, 3297, 3298, 3299, 3300, 3301, 3302, 3303, 3304, 3305, 3309, 3314, 3315, 3316, 3317, 3318, 3319, 3320, 3322, 3323, 3325, 3327, 3328, 3329, 3331, 3333, 3336, 3341, 3353, 3356, 3361, 3364, 3367, 3370, 3371, 3372, 3373, 3375, 3376, 3377, 3378, 3379, 3381, 3382, 3384, 3385, 3388, 3389, 3392, 3397, 3398, 3405, 3406, 3409, 3410, 3411, 3412, 3413, 3421, 3422, 3425, 3426, 3427, 3430, 3434, 3435, 3436, 3446, 3447, 3449, 3450, 3453, 3454, 3457, 3458, 3459, 3460, 3463, 3464, 3465, 3466, 3467, 3470, 3473, 3474, 3475, 3478, 3479, 3488, 3489, 3490, 3491, 3494, 3495, 3496, 3499, 3500, 3501, 3504, 3505, 3506, 3507, 3508, 3509, 3510, 3511, 3512, 3513, 3514, 3515, 3516, 3517, 3518, 3519, 3520, 3521, 3522, 3523, 3524, 3528, 3529, 3530, 3534, 3535, 3539, 3540, 3544, 3554, 3555, 3556, 3557, 3558, 3559, 3560, 3561, 3562, 3563, 3565, 3566, 3569, 3570, 3571, 3572, 3573, 3574, 3579, 3580, 3583, 3584, 3585, 3586, 3587, 3589, 3592, 3593, 3594, 3595, 3596, 3599, 3600, 3601, 3602, 3603, 3604, 3605, 3606, 3607, 3610, 3611, 3614, 3618, 3619, 3620, 3621, 3622, 3623, 3624, 3625, 3626, 3627, 3628, 3629, 3636, 3641, 3642, 3643, 3646, 3647, 3648, 3649, 3650, 3653, 3654, 3655, 3658, 3659, 3662, 3665, 3666, 3667, 3668, 3669, 3670, 3671, 3672, 3673, 3674, 3675, 3676, 3677, 3681, 3686, 3687, 3688, 3689, 3693, 3697, 3698, 3701, 3702, 3705, 3706, 3707, 3708, 3715, 3716, 3718, 3719, 3720, 3721, 3722, 3723, 3724, 3726, 3727, 3728, 3736, 3737, 3739, 3740, 3741, 3742, 3743, 3746, 3747, 3748, 3749, 3752, 3755, 3756, 3757, 3758, 3761, 3764, 3765, 3766, 3768, 3771, 3772, 3778, 3779, 3780, 3781, 3782, 3783, 3785, 3786, 3787, 3793, 3800, 3801, 3804, 3806, 3807, 3814, 3815, 3816, 3817, 3830, 3832, 3833, 3851, 3852, 3855, 3856, 3858, 3859, 3860, 3861, 3862, 3863, 3865, 3866, 3867, 3868, 3869, 3870, 3871, 3872, 3873, 3874, 3875, 3876, 3877, 3878, 3880, 3888, 3889, 3890, 3898, 3899, 3901, 3902, 3903, 3917, 3918, 3919, 3920, 3922, 3924, 3925, 3926, 3927, 3928, 3931, 3932, 3940, 3941, 3942, 3943, 3944, 3945, 3946, 3953, 3954, 3961, 3962, 3968, 3969, 3970, 3971, 3972, 3974, 3976, 3977, 3978, 3979, 3980, 3983, 3984, 3985, 3986, 3987, 3992, 3993, 3994, 3995, 3996, 3997, 4000, 4001, 4002, 4003, 4005, 4006, 4007, 4010, 4016, 4017, 4018, 4019, 4020, 4023, 4029, 4030, 4032, 4037, 4038, 4039, 4040, 4044, 4045, 4050, 4052, 4055, 4056, 4059, 4060, 4063, 4064, 4065, 4072, 4075, 4076, 4077, 4078, 4081, 4177, 4178, 4180, 4181, 4182, 4183, 4188, 4194, 4195, 4196, 4197, 4198, 4199, 4200, 4206, 4207, 4208, 4209, 4212, 4213, 4214, 4215, 4216, 4217, 4218, 4219, 4221, 4222, 4224, 4259, 4260, 4261, 4262, 4263, 4265, 4266, 4267, 4268, 4269, 4270, 4271, 4272, 4279, 4280, 4281, 4283, 4284, 4285, 4286, 4287, 4288, 4290, 4291, 4292, 4294, 4295, 4296, 4297, 4299, 4316, 4318, 4320, 4322, 4331, 4332, 4333, 4334, 4335, 4338, 4339, 4374, 4375, 4378, 4379, 4380, 4381, 4383, 4384, 4387, 4393, 4395, 4396, 4397, 4399, 4400, 4401, 4403, 4404, 4405, 4407, 4409, 4415, 4416, 4417, 4418, 4419, 4421, 4436, 4448, 4449, 4450, 4451, 4459, 4460, 4461, 4462, 4513, 4515, 4516, 4531, 4537, 4543, 4544, 4545, 4546, 4548, 4551, 4552, 4553, 4554, 4556, 4557, 4579, 4587, 4588, 4589, 4590, 4591, 4592, 4593, 4594, 4595, 4596, 4597, 4605, 4610, 4616, 4618, 4619, 4620, 4621, 4622, 4624, 4625, 4641, 4643, 4644, 4645, 4646, 4649, 4650, 4652, 4653, 4692, 4694, 4695, 4696, 4697, 4700, 4701, 4702, 4703, 4704, 4709, 4710, 4712, 4713, 4718, 4721, 4722, 4723, 4724, 4725, 4726, 4727, 4728, 4729, 4730, 4731, 4733, 4734, 4737, 4784, 4786, 4787, 4788, 4789, 4792, 4793, 4794, 4795, 4796, 4797, 4798, 4799, 4800, 4801, 4817, 4818, 4821, 4823, 4824, 4825, 4839, 4840, 4849, 4850, 4851, 4852, 4855, 4856, 4865, 4866, 4867, 4868, 4870, 4871, 4880, 4881, 4889, 4890, 4899, 4900, 4901, 4902, 4903, 4908, 4909, 4910, 4911, 4917, 4919, 4923, 4925, 4926, 4927, 4928, 4929, 4930, 4931, 4932, 4933, 4934, 4935, 4936, 4940, 4941, 4948, 4950, 4951, 4952, 4953, 4954, 4955, 4961, 4963, 4964, 4966, 4972, 4973, 4974, 4980, 4982, 4983, 4984, 4990, 4991, 4993, 4995, 4996, 4997, 4999, 5000, 5001, 5008, 5009, 5010, 5013, 5014, 5016, 5017, 5022, 5024, 5027, 5031, 5032, 5034, 5035, 5037, 5038, 5039, 5040, 5041, 5044, 5057, 5058, 5157, 5158, 5174, 5175, 5176, 5177, 5550, 5552, 5555, 5556, 5557, 5567, 5568, 5570, 5571, 5580, 5581, 5582, 5584, 5586, 5589, 5590, 5592, 5595, 5596, 5598, 5599, 5600, 5601, 5608, 5610, 5611, 5612, 5613, 5615, 5616, 5618, 5619, 5622, 5623, 5624, 5625, 5626, 5627, 5628, 5630, 5632, 5633, 5634, 5636, 5641, 5643, 5644, 5645, 5647, 5648, 5650, 5651, 5654, 5662, 5663, 5664, 5665, 5670, 5671, 5673, 5674, 5676, 5739, 5741, 5742, 5745, 5746, 5747, 5756, 5758, 5760, 5761, 5763, 5764, 5767, 5775, 5776, 5777, 5778, 5779, 5782, 5783, 5784, 5785, 5786, 5788, 5795, 5796, 5797, 5798, 5799, 5800, 5801, 5803, 5804, 5805, 5806, 5807, 5808, 5809, 5811, 5816, 5817, 5819, 5820, 5833, 5835, 5836, 5845, 5861, 5862, 5864, 5865, 5872, 5874, 5875, 5876, 5877, 5878, 5879, 5880, 5881, 5883, 5884, 5885, 5886, 5887, 5895, 5896, 5898, 5899, 5900, 5905, 5906, 5907, 5912, 5914, 5915, 5916, 5917, 5918, 5919, 5921, 5922, 5962, 5964, 5966, 5967, 5968, 5970, 5972, 5973, 5974, 5976, 5977, 5980, 5984, 5985, 5993, 5994, 5997, 5998, 6001, 6002, 6005, 6006, 6007, 6010, 6013, 6014, 6018, 6021, 6022, 6030, 6033, 6036, 6039, 6044, 6047, 6048, 6061, 6062, 6063, 6065, 6066, 6067, 6068, 6069, 6071, 6072, 6073, 6074, 6075, 6076, 6077, 6085, 6087, 6088, 6091, 6092, 6093, 6095, 6096, 6097, 6098, 6099, 6100, 6101, 6102, 6110, 6111, 6118, 6119, 6120, 6121, 6122, 6123, 6131, 6134, 6135, 6136, 6137, 6138, 6139, 6140, 6145, 6146, 6149, 6150, 6151, 6153, 6154, 6169, 6171, 6172, 6173, 6174, 6175, 6176, 6177, 6178, 6179, 6187, 6188, 6190, 6195, 6196, 6197, 6199, 6200, 6201, 6202, 6203, 6205, 6206, 6207, 6208, 6209, 6210, 6211, 6219, 6222, 6223, 6224, 6226, 6227, 6228, 6229, 6230, 6231, 6232, 6233, 6234, 6235, 6243, 6244, 6251, 6252, 6253, 6255, 6256, 6257, 6258, 6261, 6263, 6264, 6282, 6283, 6285, 6286, 6287, 6288, 6289, 6290, 6298, 6300, 6301, 6304, 6305, 6307, 6310, 6311, 6312, 6313, 6314, 6315, 6316, 6317, 6318, 6320, 6321, 6323, 6325, 6329, 6330, 6331, 6333, 6334, 6336, 6341, 6342, 6343, 6344, 6354, 6355, 6364, 6367, 6368, 6369, 6372, 6373, 6374, 6375, 6376, 6379, 6382, 6385, 6387, 6388, 6389, 6390, 6391, 6392, 6393, 6394, 6398, 6401, 6402, 6403, 6404, 6405, 6406, 6407, 6409, 6410, 6411, 6414, 6415, 6416, 6417, 6420, 6422, 6423, 6424, 6425, 6426, 6427, 6428, 6446, 6448, 6449, 6450, 6451, 6452, 6453, 6454, 6455, 6456, 6464, 6465, 6467, 6511, 6512, 6513, 6515, 6520, 6521, 6523, 6524, 6525, 6526, 6527, 6529, 6530, 6531, 6532, 6533, 6534, 6535, 6536, 6538, 6540, 6542, 6544, 6545, 6546, 6547, 6548, 6549, 6550, 6551, 6552, 6553, 6554, 6555, 6556, 6557, 6558, 6590, 6591, 6592, 6593, 6596, 6597, 6598, 6599, 6600, 6601, 6602, 6603, 6608, 6609, 6610, 6611, 6612, 6613, 6614, 6615, 6616, 6617, 6620, 6621, 6632, 6633, 6634, 6637, 6638, 6639, 6640, 6645, 6646, 6648, 6650, 6651, 6690, 6691, 6692, 6693, 6722, 6723, 6725, 6726, 6727, 6728, 6729, 6730, 6731, 6732, 6735, 6736, 6737, 6739, 6740, 6743, 6746, 6747, 6748, 6750, 6753, 6754, 6755, 6756, 6759, 6762, 6765, 6766, 6768, 6769, 6770, 6771, 6772, 6773, 6775, 6776, 6777, 6778, 6779, 6780, 6781, 6782, 6784], "excluded_lines": [], "start_line": 1}}}}, "totals": {"covered_lines": 1556, "num_statements": 3501, "percent_covered": 44.44444444444444, "percent_covered_display": "44", "missing_lines": 1945, "excluded_lines": 0, "percent_statements_covered": 44.44444444444444, "percent_statements_covered_display": "44"}}
